Starting Single Run, Sweeps and Corners...

Current time: Sat Jan 17 22:37:56 2026 
Best design point: 1
Design specs: 
	OP	corner	MOS_BJT_RES_TEMP_0 - 
	V1000		995.2m
	V550		547.4m
	I32nA		30.75n
	I128nA		122.9n
	BangapRef		597.4m
	OP	corner	MOS_BJT_RES_TEMP_1 - 
	V1000		989.7m
	V550		544.7m
	I32nA		27.43n
	I128nA		109.6n
	BangapRef		594.3m
	OP	corner	MOS_BJT_RES_TEMP_2 - 
	V1000		995m
	V550		547.4m
	I32nA		29.12n
	I128nA		116.4n
	BangapRef		597.4m
	OP	corner	MOS_BJT_RES_TEMP_3 - 
	V1000		990.2m
	V550		546.9m
	I32nA		23.41n
	I128nA		93.16n
	BangapRef		596.2m
	OP	corner	MOS_BJT_RES_TEMP_4 - 
	V1000		995.3m
	V550		547.5m
	I32nA		31.05n
	I128nA		124.1n
	BangapRef		597.5m
	OP	corner	MOS_BJT_RES_TEMP_5 - 
	V1000		999.3m
	V550		550.1m
	I32nA		27.97n
	I128nA		111.8n
	BangapRef		600.2m
	OP	corner	MOS_BJT_RES_TEMP_6 - 
	V1000		995m
	V550		547.3m
	I32nA		28.84n
	I128nA		115.3n
	BangapRef		597.3m
	OP	corner	MOS_BJT_RES_TEMP_7 - 
	V1000		978.6m
	V550		540.2m
	I32nA		22.8n
	I128nA		90.8n
	BangapRef		589.1m
	OP	corner	MOS_BJT_RES_TEMP_8 - 
	V1000		1.004
	V550		552.3m
	I32nA		41.18n
	I128nA		164.6n
	BangapRef		602.8m
	OP	corner	MOS_BJT_RES_TEMP_9 - 
	V1000		1.003
	V550		552m
	I32nA		37.52n
	I128nA		149.9n
	BangapRef		602.4m
	OP	corner	MOS_BJT_RES_TEMP_10 - 
	V1000		1.004
	V550		552.2m
	I32nA		39.21n
	I128nA		156.7n
	BangapRef		602.6m
	OP	corner	MOS_BJT_RES_TEMP_11 - 
	V1000		1.004
	V550		553.7m
	I32nA		32.77n
	I128nA		130.4n
	BangapRef		603.9m
	OP	corner	MOS_BJT_RES_TEMP_12 - 
	V1000		1.004
	V550		552.3m
	I32nA		41.74n
	I128nA		166.9n
	BangapRef		602.8m
	OP	corner	MOS_BJT_RES_TEMP_13 - 
	V1000		1.011
	V550		556.2m
	I32nA		38.13n
	I128nA		152.4n
	BangapRef		606.9m
	OP	corner	MOS_BJT_RES_TEMP_14 - 
	V1000		1.004
	V550		552.1m
	I32nA		38.69n
	I128nA		154.6n
	BangapRef		602.6m
	OP	corner	MOS_BJT_RES_TEMP_15 - 
	V1000		995m
	V550		548.7m
	I32nA		32.06n
	I128nA		127.7n
	BangapRef		598.6m
	OP	corner	MOS_BJT_RES_TEMP_16 - 
	V1000		1.002
	V550		551.2m
	I32nA		31.17n
	I128nA		124.6n
	BangapRef		601.6m
	OP	corner	MOS_BJT_RES_TEMP_17 - 
	V1000		1.002
	V550		551.2m
	I32nA		28.07n
	I128nA		112.2n
	BangapRef		601.5m
	OP	corner	MOS_BJT_RES_TEMP_18 - 
	V1000		1.002
	V550		551.1m
	I32nA		29.51n
	I128nA		118n
	BangapRef		601.5m
	OP	corner	MOS_BJT_RES_TEMP_19 - 
	V1000		1.002
	V550		553.4m
	I32nA		23.99n
	I128nA		95.45n
	BangapRef		603.4m
	OP	corner	MOS_BJT_RES_TEMP_20 - 
	V1000		1.002
	V550		551.3m
	I32nA		31.48n
	I128nA		125.9n
	BangapRef		601.7m
	OP	corner	MOS_BJT_RES_TEMP_21 - 
	V1000		1.011
	V550		556.6m
	I32nA		28.64n
	I128nA		114.5n
	BangapRef		607.4m
	OP	corner	MOS_BJT_RES_TEMP_22 - 
	V1000		1.002
	V550		551.1m
	I32nA		29.23n
	I128nA		116.9n
	BangapRef		601.4m
	OP	corner	MOS_BJT_RES_TEMP_23 - 
	V1000		990.5m
	V550		546.7m
	I32nA		23.35n
	I128nA		92.99n
	BangapRef		596.3m
	OP	corner	MOS_BJT_RES_TEMP_24 - 
	V1000		1.011
	V550		556.1m
	I32nA		41.75n
	I128nA		166.9n
	BangapRef		607m
	OP	corner	MOS_BJT_RES_TEMP_25 - 
	V1000		1.015
	V550		558.6m
	I32nA		38.42n
	I128nA		153.5n
	BangapRef		609.5m
	OP	corner	MOS_BJT_RES_TEMP_26 - 
	V1000		1.011
	V550		556m
	I32nA		39.74n
	I128nA		158.9n
	BangapRef		606.8m
	OP	corner	MOS_BJT_RES_TEMP_27 - 
	V1000		1.015
	V550		560.2m
	I32nA		33.57n
	I128nA		133.6n
	BangapRef		611.1m
	OP	corner	MOS_BJT_RES_TEMP_28 - 
	V1000		1.011
	V550		556.1m
	I32nA		42.33n
	I128nA		169.2n
	BangapRef		607m
	OP	corner	MOS_BJT_RES_TEMP_29 - 
	V1000		1.023
	V550		562.7m
	I32nA		39.05n
	I128nA		156n
	BangapRef		614.1m
	OP	corner	MOS_BJT_RES_TEMP_30 - 
	V1000		1.011
	V550		555.9m
	I32nA		39.2n
	I128nA		156.7n
	BangapRef		606.7m
	OP	corner	MOS_BJT_RES_TEMP_31 - 
	V1000		1.007
	V550		555.3m
	I32nA		32.84n
	I128nA		130.8n
	BangapRef		605.8m
	OP	corner	Nominal - 
	V1000		1.001
	V550		550.7m
	I32nA		32.06n
	I128nA		128.1n
	BangapRef		601m
Design parameters: 
	CL		150f
	CL2		3p
	CONF_BG_SL_TRIM		3
	CONF_BG_TRIM		3
	CONF_REF_TRIM		3
	CONF_LVDS_SEL		0
	PD		1.2
	PD_PULSE		0
	CONF_LDO_SEL		0

Interactive.37
Number of points completed: 1
Number of simulation errors: 0
Interactive.37 completed. 
Current time: Sat Jan 17 22:38:11 2026 
