Starting Single Run, Sweeps and Corners...

Current time: Sat Jan 17 09:52:15 2026 
Best design point: 1
Design specs: 
	OP	corner	Nominal - 
	V1000		1.005
	V550		553.2m
	I32nA		32.34n
	I128nA		129.2n
	BangapRef		603.6m
Design parameters: 
	CL		150f
	CL2		3p
	CONF_BG_SL_TRIM		3
	CONF_BG_TRIM		4
	CONF_REF_TRIM		3
	CONF_LVDS_SEL		0
	PD		1.2
	PD_PULSE		0
	CONF_LDO_SEL		0

Interactive.16
Number of points completed: 1
Number of simulation errors: 0
Interactive.16 completed. 
Current time: Sat Jan 17 09:52:17 2026 
