Starting Single Run, Sweeps and Corners...

Current time: Sat Jan 17 14:56:16 2026 
Best design point: 1
Design specs: 
	OP	corner	Nominal - 
	V1000		952.1m
	V550		523.8m
	I32nA		29.22n
	I128nA		116.8n
	BangapRef		571.5m
Design parameters: 
	CL		150f
	CL2		3p
	CONF_BG_SL_TRIM		3
	CONF_BG_TRIM		3
	CONF_REF_TRIM		3
	CONF_LVDS_SEL		0
	PD		1.2
	PD_PULSE		0
	CONF_LDO_SEL		0

Interactive.33
Number of points completed: 1
Number of simulation errors: 0
Interactive.33 completed. 
Current time: Sat Jan 17 14:56:19 2026 
