Starting Single Run, Sweeps and Corners...

Current time: Sat Jan 17 09:51:02 2026 
Best design point: 1
Design specs: 
	OP	corner	Nominal - 
	V1000		1.01
	V550		555.5m
	I32nA		32.61n
	I128nA		130.3n
	BangapRef		606.2m
Design parameters: 
	CL		150f
	CL2		3p
	CONF_BG_SL_TRIM		3
	CONF_BG_TRIM		5
	CONF_REF_TRIM		3
	CONF_LVDS_SEL		0
	PD		1.2
	PD_PULSE		0
	CONF_LDO_SEL		0

Interactive.14
Number of points completed: 1
Number of simulation errors: 0
Interactive.14 completed. 
Current time: Sat Jan 17 09:51:04 2026 
