Starting Monte Carlo Sampling...

Current time: Thu Jan 22 13:34:19 2026 

Variation: All
Sampling Method: Low-Discrepancy Sequence
Seed: 

MonteCarlo.1
Number of points completed: 200
Number of simulation errors: 0
MonteCarlo.1 completed. 
Current time: Thu Jan 22 13:36:57 2026 
Monte Carlo Sampling yield summary:
Number of spec values are in this yield data: 6
OP	Nominal - 
	BangapRef:	Yield	0%
		Min 0	Max 0	Mean 0	Number of errors 0
OP	Nominal - 
	I128nA:	Yield	0%
		Min 0	Max 0	Mean 0	Number of errors 0
OP	Nominal - 
	I32nA:	Yield	0%
		Min 0	Max 0	Mean 0	Number of errors 0
OP	Nominal - 
	V/V /V0; xf dB20(V/V):	Yield	0%
		Min 0	Max 0	Mean 0	Number of errors 0
OP	Nominal - 
	V1000:	Yield	0%
		Min 0	Max 0	Mean 0	Number of errors 0
OP	Nominal - 
	V550:	Yield	0%
		Min 0	Max 0	Mean 0	Number of errors 0

OP
	Overall Yield	0%	Number of points passed	0	Total number of points	0

Estimated yield = 0% (0/0), 0 errors
Estimated yield (No opregions) = 0% (0/0)
