Starting Monte Carlo Sampling...

Current time: Mon Jan 26 14:37:13 2026 

Variation: All
Sampling Method: Low-Discrepancy Sequence
Seed: 

MonteCarlo.9
Number of points completed: 200
Number of simulation errors: 0
MonteCarlo.9 completed. 
Current time: Mon Jan 26 14:39:09 2026 
Monte Carlo Sampling yield summary:
Number of spec values are in this yield data: 5
TRAN	Nominal - 
	BangapRef:	Yield	100%
		Min 0.590024	Max 0.614102	Mean 0.600831	Number of errors 0
TRAN	Nominal - 
	I128nA:	Yield	100%
		Min 1.05537e-07	Max 1.53621e-07	Mean 1.20995e-07	Number of errors 0
TRAN	Nominal - 
	I32nA:	Yield	100%
		Min 2.57487e-08	Max 3.91336e-08	Mean 3.03098e-08	Number of errors 0
TRAN	Nominal - 
	V1000:	Yield	100%
		Min 0.984119	Max 1.02223	Mean 0.999806	Number of errors 0
TRAN	Nominal - 
	V550:	Yield	100%
		Min 0.540978	Max 0.563063	Mean 0.550698	Number of errors 0

TRAN
	Overall Yield	100%	Number of points passed	200	Total number of points	200

Estimated yield = 100% (200/200), 0 errors
Estimated yield (No opregions) = 100% (200/200)
