Starting Monte Carlo Sampling...

Current time: Sat Jan 17 22:46:32 2026 

Variation: All
Sampling Method: Low-Discrepancy Sequence
Seed: 

MonteCarlo.0
Number of points completed: 200
Number of simulation errors: 0
MonteCarlo.0 completed. 
Current time: Sat Jan 17 22:49:53 2026 
Monte Carlo Sampling yield summary:
Number of spec values are in this yield data: 6
OP	Nominal - 
	BangapRef:	Yield	100%
		Min 0.597573	Max 0.605792	Mean 0.600717	Number of errors 0
OP	Nominal - 
	I128nA:	Yield	100%
		Min 1.28038e-07	Max 1.36389e-07	Mean 1.32412e-07	Number of errors 0
OP	Nominal - 
	I32nA:	Yield	100%
		Min 3.14914e-08	Max 3.35534e-08	Mean 3.23351e-08	Number of errors 0
OP	Nominal - 
	V/V /V0; xf dB20(V/V):	Yield	0%
		Min 0	Max 0	Mean 0	Number of errors 0
OP	Nominal - 
	V1000:	Yield	100%
		Min 0.994987	Max 1.00964	Mean 1.00007	Number of errors 0
OP	Nominal - 
	V550:	Yield	100%
		Min 0.547405	Max 0.555261	Mean 0.550342	Number of errors 0

OP
	Overall Yield	100%	Number of points passed	4	Total number of points	4

Estimated yield = 100% (4/4), 0 errors
Estimated yield (No opregions) = 100% (4/4)
