Starting Single Run, Sweeps and Corners...

Current time: Sun Oct 12 22:11:50 2025 
Best design point: 1
Design specs: 
	BANDGAP:BG_0_8_V2:1	corner	MOS_BJT_RES_0 - 
	BANDGAP:BG_0_8_V2:1	corner	MOS_BJT_RES_1 - 
	BANDGAP:BG_0_8_V2:1	corner	MOS_BJT_RES_2 - 
	BANDGAP:BG_0_8_V2:1	corner	MOS_BJT_RES_3 - 
	BANDGAP:BG_0_8_V2:1	corner	MOS_BJT_RES_4 - 
	BANDGAP:BG_0_8_V2:1	corner	MOS_BJT_RES_5 - 
	BANDGAP:BG_0_8_V2:1	corner	MOS_BJT_RES_6 - 
	BANDGAP:BG_0_8_V2:1	corner	MOS_BJT_RES_7 - 
	BANDGAP:BG_0_8_V2:1	corner	MOS_BJT_RES_8 - 
	BANDGAP:BG_0_8_V2:1	corner	MOS_BJT_RES_9 - 
	BANDGAP:BG_0_8_V2:1	corner	MOS_BJT_RES_10 - 
	BANDGAP:BG_0_8_V2:1	corner	MOS_BJT_RES_11 - 
	BANDGAP:BG_0_8_V2:1	corner	MOS_BJT_RES_12 - 
	BANDGAP:BG_0_8_V2:1	corner	MOS_BJT_RES_13 - 
	BANDGAP:BG_0_8_V2:1	corner	MOS_BJT_RES_14 - 
	BANDGAP:BG_0_8_V2:1	corner	MOS_BJT_RES_15 - 
	BANDGAP:BG_0_8_V2:1	corner	Nominal - 
Design parameters: 

Interactive.22
Number of points completed: 1
Number of simulation errors: 0
Interactive.22 completed. 
Current time: Sun Oct 12 22:12:18 2025 
