Starting Single Run, Sweeps and Corners...

Current time: Thu Jan 15 16:26:35 2026 
Best design point: 1
Design specs: 
	Trans	corner	MOS_BJT_RES_TEMP_0 - 
	Trans	corner	MOS_BJT_RES_TEMP_1 - 
	Trans	corner	MOS_BJT_RES_TEMP_2 - 
	Trans	corner	MOS_BJT_RES_TEMP_3 - 
	Trans	corner	MOS_BJT_RES_TEMP_4 - 
	Trans	corner	MOS_BJT_RES_TEMP_5 - 
	Trans	corner	MOS_BJT_RES_TEMP_6 - 
	Trans	corner	MOS_BJT_RES_TEMP_7 - 
	Trans	corner	MOS_BJT_RES_TEMP_8 - 
	Trans	corner	MOS_BJT_RES_TEMP_9 - 
	Trans	corner	MOS_BJT_RES_TEMP_10 - 
	Trans	corner	MOS_BJT_RES_TEMP_11 - 
	Trans	corner	MOS_BJT_RES_TEMP_12 - 
	Trans	corner	MOS_BJT_RES_TEMP_13 - 
	Trans	corner	MOS_BJT_RES_TEMP_14 - 
	Trans	corner	MOS_BJT_RES_TEMP_15 - 
	Trans	corner	MOS_BJT_RES_TEMP_16 - 
	Trans	corner	MOS_BJT_RES_TEMP_17 - 
	Trans	corner	MOS_BJT_RES_TEMP_18 - 
	Trans	corner	MOS_BJT_RES_TEMP_19 - 
	Trans	corner	MOS_BJT_RES_TEMP_20 - 
	Trans	corner	MOS_BJT_RES_TEMP_21 - 
	Trans	corner	MOS_BJT_RES_TEMP_22 - 
	Trans	corner	MOS_BJT_RES_TEMP_23 - 
	Trans	corner	MOS_BJT_RES_TEMP_24 - 
	Trans	corner	MOS_BJT_RES_TEMP_25 - 
	Trans	corner	MOS_BJT_RES_TEMP_26 - 
	Trans	corner	MOS_BJT_RES_TEMP_27 - 
	Trans	corner	MOS_BJT_RES_TEMP_28 - 
	Trans	corner	MOS_BJT_RES_TEMP_29 - 
	Trans	corner	MOS_BJT_RES_TEMP_30 - 
	Trans	corner	MOS_BJT_RES_TEMP_31 - 
	Trans	corner	Nominal - 
Design parameters: 
	VDD		0
	VDD_PULSE		1.2
	PD		1.2
	PD_PULSE		-1.2

Interactive.101
Number of points completed: 1
Number of simulation errors: 0
Interactive.101 completed. 
Current time: Thu Jan 15 16:26:50 2026 
