Starting Monte Carlo Sampling...

Current time: Sat Jan 17 23:37:35 2026 

Variation: All
Sampling Method: Low-Discrepancy Sequence
Seed: 

MonteCarlo.0
Number of points completed: 200
Number of simulation errors: 0
MonteCarlo.0 completed. 
Current time: Sat Jan 17 23:38:20 2026 
Monte Carlo Sampling yield summary:
Number of spec values are in this yield data: 3
Op	Nominal - 
	V/V /V0; xf dB20(V/V):	Yield	0%
		Min 0	Max 0	Mean 0	Number of errors 0
Op	Nominal - 
	VDC("/I0/STARTUP_REF"):	Yield	100%
		Min 0.319544	Max 0.361797	Mean 0.336341	Number of errors 0
Op	Nominal - 
	VDC("/VREF"):	Yield	100%
		Min 0.594003	Max 0.608753	Mean 0.601672	Number of errors 0

Op
	Overall Yield	100%	Number of points passed	11	Total number of points	11

Estimated yield = 100% (11/11), 0 errors
Estimated yield (No opregions) = 100% (11/11)
