Starting Monte Carlo Sampling...

Current time: Thu Jan 15 16:57:37 2026 

Variation: All
Sampling Method: Low-Discrepancy Sequence
Seed: 

MonteCarlo.6
Number of points completed: 200
Number of simulation errors: 0
MonteCarlo.6 completed. 
Current time: Thu Jan 15 16:58:03 2026 
Monte Carlo Sampling yield summary:
Number of spec values are in this yield data: 3
Op	Nominal - 
	V/V /V0; xf dB20(V/V):	Yield	0%
		Min 0	Max 0	Mean 0	Number of errors 0
Op	Nominal - 
	VDC("/I0/STARTUP_REF"):	Yield	100%
		Min 0.302369	Max 0.374195	Mean 0.335449	Number of errors 0
Op	Nominal - 
	VDC("/VREF"):	Yield	100%
		Min 0.589012	Max 0.610759	Mean 0.601203	Number of errors 0

Op
	Overall Yield	100%	Number of points passed	200	Total number of points	200

Estimated yield = 100% (200/200), 0 errors
Estimated yield (No opregions) = 100% (200/200)
