\# Program start time:     UTC 2026.01.23 06:51:08.672
\# Local time: UTC (UTC+00:00) 2026.01.23 06:51:08.672
\o Program:		@(#)$CDS: virtuoso version 6.1.8-64b 09/03/2024 19:11 (sjfhw316) $
\o Hierarchy:		/opt/tools/cadence/installs/IC618/tools.lnx86/dfII/
\o Sub version:		sub-version  IC6.1.8-64b.500.36  (64-bit addresses)
\# Command line:	/opt/tools/cadence/installs/IC618/tools.lnx86/dfII/bin/64bit/virtuoso -noautostart -mpssession virtuosoEm_vqh6Rgx1Q4i4HIaZ6kJ_314495 -mpshost 36211@ees_research_saul -davinciService DaVinciService_314691_1769148268 -log /home/saul/projects/LF_BG/logs_saul/logs4/Job27.log -licenseLockFileName /home/saul/projects/LF_BG/.tmp_saul/.ees_research_saul_314691 -interactiveA -interactiveE -interactiveRTT -nostdin -nographE -axlChildIdFlag 27
\# Host name (type):	ees_research_saul (x86_64)
\# Operating system:	Linux 5.15.0-161-generic #171-Ubuntu SMP Sat Oct 11 08:17:01 UTC 2025
\# Linux /etc/issue:	\S
\# Linux /etc/issue:	Kernel \r on an \m
\# X display name (WxH):	:2695 (1024x868)
\# Available geometry:			TL(0:0) BR(1023:867)
\# X server:			The X.Org Foundation
\# Depth of Visual (Root):	24 (24)
\# Number of Planes Used:	24
\# X version:		11.0 (vendor release 12011000)
\# X resource pool:	base 0x400000, mask 0x1fffff (2097151), shift 0
\# 			current id 0x0, current max 0x1ffffa (2097146)
\# Max data seg size:	     unlimited
\# Max process size:	     unlimited
\# Initial sbrk value:	      1,468 MB
\# Available memory:	  2,770,359 MB
\# System memory:	  3,104,513 MB
\# Maximum memory size:	  3,103,166 MB
\# Max mem available:	  2,770,480 MB
\# Initial memory used:	        121 MB
\#        process size:	      1,681 MB
\# Thread usage limits (effective/default):	maxthreads 4294967295/4294967295 maxload 48.00/48.00
\# Qt version:		5.9.1
\# Window Manager:	other
\# User Name:		saul
\o Working Directory:	ees_research_saul:/home/saul/projects/LF_BG
\# Process Id:		323677
\# Container Id:	Em_vqh6Rgx1Q4i4HIaZ6kJ
\o 
\o COPYRIGHT (C) 1992-2024  CADENCE DESIGN SYSTEMS INC.  ALL RIGHTS RESERVED.
\o           (C) 1992-2024  UNIX SYSTEMS Laboratories INC.,
\o                          Reproduced with permission.
\o 
\o This Cadence Design Systems program and online documentation are
\o proprietary/confidential information and may be disclosed/used only
\o as authorized in a license agreement controlling such use and disclosure.
\o 
\o           RESTRICTED RIGHTS NOTICE (SHORT FORM)
\o Use/reproduction/disclosure is subject to restriction
\o set forth at FAR 1252.227-19 or its equivalent.
\o Loading geView.cxt 
\o Loading menuBuilder.cxt 
\o Loading schView.cxt 
\o Loading selectSv.cxt 
\o Loading pvsui.cxt
\o Loading wireEdit.cxt 
\o Loading pte2.cxt 
\w Qt Warning: setNativeLocks failed: "Resource temporarily unavailable"
\o Loading xlUI.cxt 
\o Loading auCore.cxt 
\o Loading vhdl.cxt 
\o Loading seismic.cxt 
\o Loading ci.cxt 
\o Loading ams.cxt 
\o Loading oasis.cxt 
\o Loading analog.cxt 
\o Loading asimenv.cxt 
\o Loading dal.cxt 
\o Loading awv.cxt 
\o Loading socket.cxt 
\o Loading par.cxt 
\o Loading alvs.cxt 
\o Loading caa.cxt 
\o Loading amps.cxt 
\o Loading adexlCore.cxt 
\# Memory report: using         234 MB, process size 1,882 MB at UTC 2026.01.23 06:51:11.080
\o Loading adexl.cxt 
\o *Info*    Exporting services from client ... 
\o 
\o Loading adexlDM.cxt 
\o Loading cpf.cxt 
\o Loading cli.cxt 
\o Loading lp.cxt 
\o INFO (ELI-00302) Connecting to parent process (session=virtuosoEm_vqh6Rgx1Q4i4HIaZ6kJ_314495, host=36211@ees_research_saul). Connection mode is ICRP. Total timeout is 180 seconds. Connection timeout is 90 seconds.
\o INFO (ELI-00303) Step 1: Connecting to parent. Time spent is 0 seconds.
\o INFO (ELI-00304) The registration of the child 323677 within 90 seconds is being processed...
\o INFO (ELI-00305) The result of registration is true. Time spent is 0 seconds.
\o INFO (ELI-00308) The connection has ended. Result is true. Total time spent is 0 seconds.
\# [06:51:08.512417] Configured Lic search path (22.01-s002): 3000@lic08.ug.kth.se
\w *WARNING* The directory: '/opt/pdk/lf11/PDK_LF11ISi_V1_3_2/tools/setup/$ASSURAHOME/tools/assura/etc/avtech/avTech' does not exist
\w 	but was defined in libFile '/opt/pdk/lf11/PDK_LF11ISi_V1_3_2/tools/setup/cds.lib' for Lib 'avTech'.
\o 
\o ----------------          LFoundry            ----------------
\o ----------------    Initializing LF11IS PDK    ----------------
\o ----------------        Version 1.3.2         ----------------
\o ----------------        Option 6metal         ----------------
\o *LF-INFO* Loading lf11is:/opt/pdk/lf11/PDK_LF11ISi_V1_3_2/analog/callbacks/lf11is_cdfCbks.il   done
\o *LF-INFO* lf11is libInit.il loaded successfully. 
\w *WARNING* Cannot find /opt/tools/cadence/installs/IC618/tools.lnx86/dfII/etc/tools/wavescan directory to load environment variables
\w *WARNING* envSetVal: could not find tool[.partition] 'wavescan.trace'
\w *WARNING* Cannot find /opt/tools/cadence/installs/IC618/tools.lnx86/dfII/etc/tools/wavescan directory to load environment variables
\w *WARNING* envSetVal: could not find tool[.partition] 'wavescan.trace'
\o *LF-INFO* .cdsinit: Loading project .cdsenv file       skipped
\o *LF-INFO* .cdsinit: Setting Spectre models                done
\o *LF-INFO* .cdsinit: Setting UltraSim models               done
\o *LF-INFO* .cdsinit: Setting AMS analog models             done
\o *LF-INFO* .cdsinit: Setting AMS netlist mode to OSS       done
\o *LF-INFO* .cdsinit: Setting HSpice models                 done
\o *LF-INFO* .cdsinit: Setting CDL out keys                  done
\o *LF-INFO* .cdsinit: Loading Ciranova abut function        done
\o *LF-INFO* .cdsinit: WiCkeD setup                       skipped
\o *LF-INFO* .cdsinit: Golden Gate setup                  skipped
\o *LF-INFO* .cdsinit: Loading default bindkeys              done
\o *LF-INFO* .cdsinit: PDF reader "evince" found: /bin/evince.
\o *LF-INFO* .cdsinit: Creating LF11IS PDK menus              done
\o *LF-INFO* .cdsinit: Loading LF11IS display.drf             done
\o *LF-INFO* .cdsinit: Setting PVS setup trigger      done
\o *LF-INFO* .cdsinit: Loading the user .cdsinit          skipped
\o *LF-INFO* .cdsinit: Loading ISO Ring utility              done
\o *LF-INFO* .cdsinit: Loading Layout Utilities              done
\o *LF-INFO* .cdsinit: Opening library manager 				  done
\o *Info*    Client has finished starting ... 
\o 
\o Loading vdsil.cxt 
\p > 
\w *WARNING* could not load font "-*-courier-medium-r-*-*-12-*", using font "fixed"
\# Loading perfDiag...
\# (PerfDiag): Set GDB path to environment variable 'gdbPath' (gdb).
\w *WARNING* (PerfDiag): The GDB command 'gdb' is not found or is invalid.
\w *WARNING* (PerfDiag): The GDB-related functionality has been disabled. Use the 'gdbPath' environment variable to set a valid GDB path or set one of the SHELL environment variables CDS_DEBUGGER, DEBUGGER, or GDB, and restart Virtuoso.
\# Performance Diagnostic tool is installed. You can access PerfDiag from CIW Tools or use the shell command 'cdsPerfDiag -p 323677' to open it when Virtuoso freezes.
\# (PerfDiag): Use backtrace from GLIBC.
\w *WARNING* _perfPstackCheck: Cannot find pstack/gstack. Please setup PATH environment variable to pstack/gstack executable.
\o Loading vqp.cxt 
\o Loading hdlPkg.cxt 
\o 
\o 
\o *Info*    Configuring the session ...
\o 
\o Loading simui.cxt 
\o 	Library      = BANDGAP
\o 	Cell         = REF_GEN_TB
\o 	View         = schematic
\o 	Simulator    = spectre
\o 	State Path   = $AXL_SETUPDB_DIR/test_states
\o 	State Name   = TRAN_BANDGAP:REF_GEN_TB:1:1_state_Interactive.54
\o 	Results DB   = /home/saul/projects/LF_BG/BANDGAP/REF_GEN_TB/adexl/results/data/Interactive.54.rdb
\o 	Results Dir  = /home/saul/simulation/BANDGAP/REF_GEN_TB/adexl/results/data/Interactive.54/1/TRAN
\o 	Results Loc  = /home/saul/simulation/BANDGAP/REF_GEN_TB/adexl/results/data
\o 	Project Dir  = /home/saul/simulation
\o 	Setup DB loc = /home/saul/projects/LF_BG/BANDGAP/REF_GEN_TB/adexl
\o 	File Encoding = 0
\o 
\o 
\o Loading viva.cxt 
\w *WARNING* The directory: '/opt/pdk/lf11/PDK_LF11ISi_V1_3_2/tools/setup/$ASSURAHOME/tools/assura/etc/avtech/avTech' does not exist
\w 	but was defined in libFile '/opt/pdk/lf11/PDK_LF11ISi_V1_3_2/tools/setup/cds.lib' for Lib 'avTech'.
\o Loading spectrei.cxt 
\# Memory report: using         352 MB, process size 2,045 MB at UTC 2026.01.23 06:51:14.054
\o Loading devCheck.cxt 
\o Loading relXpert.cxt 
\o WARNING (ADE-7017): The Spectre run mode needs to be 'batch' when EM/IR analysis is enabled. Automatically setting the run mode to 'batch'.
\o Loading hspiceD.cxt 
\o Loading spectreinl.cxt 
\o Loading msgHandler.cxt 
\o Loading UltraSim.cxt 
\o Loading AMSOSS.cxt 
\o Loading AMS.cxt 
\o 
\o *Info*    The auto suspension is disabled.
\o 
\o Loading monte.cxt 
\o 
\o 
\o 
\o 
\o 
\o *Info*    Run start for Point ID (14 2) on testbench [ TRAN ].
\o 
\o Resetting statistical vars
\o 
\o *Info*    Setting parameter values ...
\o 
\o Setting var CL = "150f"
\o Setting var CL2 = "3p"
\o Setting var CONF_BG_SL_TRIM = "3"
\o Setting var CONF_BG_TRIM = "3"
\o Setting var CONF_LDO_SEL = "0"
\o Setting var CONF_LVDS_SEL = "0"
\o Setting var CONF_REF_TRIM = "3"
\o Setting var EN = "0"
\o Setting var EN_PULSE = "1.2"
\o Setting var PD = "1.2"
\o Setting var PD_PULSE = "1.2"
\o Setting var VDD = "0"
\o Setting var VDD_PULSE = "1.2"
\o Setting var temperature = "-40"
\o Setting temp(T) = -40
\o 
\o *Info*    Netlist Directory =
\o           /home/saul/simulation/BANDGAP/REF_GEN_TB/adexl/results/data/Interactive.54/2/TRAN/netlist
\o 
\o 
\o *Info*    Data Directory    =
\o           /home/saul/simulation/BANDGAP/REF_GEN_TB/adexl/results/data/Interactive.54/2/TRAN
\o 
\o 
\o *Info*    Creating Netlist for Point ID (14 2)
\o 
\o generate netlist...
\o Loading hnlInit.cxt 
\o Loading seCore.cxt 
\# [06:51:16.275874] Periodic Lic check successful
\# [06:51:16.275888] Feature usage summary:
\o Begin Incremental Netlisting Jan 23 06:51:16 2026
\w *WARNING* (DB-220704): The Pcell super master 'lf11is/rnpolyh/schematic' is not a SKILL super master.
\w                        The usage of non-SKILL Pcells in Virtuoso is not a supported feature.
\o End netlisting Jan 23 06:51:17 2026
\o 
\o 	The netlist is up to date.
\o 	Time taken to compare the design with netlist:   1.0s
\o       ...successful.
\o compose simulator input file...
\o       ...successful.
\o 
\o *Info*    Running simulation on testbench [ TRAN ] for Point ID (14
\o           2).
\o 
\o Delete psf data in /home/saul/simulation/BANDGAP/REF_GEN_TB/adexl/results/data/Interactive.54/2/TRAN/psf.
\o compose simulator input file...
\o       ...successful.
\o start simulator if needed...
\o       ...successful.
\o simulate...
\o To view the simulator output, right-click on the test name, result 
\o name, or any value in the "Results" tab of the Outputs section and 
\o choose "Output Log" menu option.
\# Memory report: using         460 MB, process size 2,352 MB at UTC 2026.01.23 06:51:18.155
\o Loading paraplot.cxt 
\# Available memory:      2,770,676 MB at UTC 2026.01.23 06:51:19.314
\# Memory report: Maximum memory size now 2,771,136 MB at UTC 2026.01.23 06:51:19.314
\# Thread usage report: 54 active threads, active load 1.40 at UTC 2026.01.23 06:51:19.314
\o INFO (ADE-3071): Simulation completed successfully.
\o reading simulation data...
\o       ...successful.
\o *Info*    Client has finished evaluating ... 
\o 
\o ERROR (ADE-2709): Evaluation of output 'I32nA' returned 'nil' for point:'2' test:'TRAN'
\o 	Expression:'IDC("/R5/PLUS")'.
\o Ensure that the definition of output is correct.
\o 
\o ERROR (ADE-2709): Evaluation of output 'V550' returned 'nil' for point:'2' test:'TRAN'
\o 	Expression:'VDC("/V550")'.
\o Ensure that the definition of output is correct.
\o 
\o ERROR (ADE-2709): Evaluation of output 'BangapRef' returned 'nil' for point:'2' test:'TRAN'
\o 	Expression:'VDC("/I8/VREF")'.
\o Ensure that the definition of output is correct.
\o 
\o ERROR (ADE-2709): Evaluation of output 'I128nA' returned 'nil' for point:'2' test:'TRAN'
\o 	Expression:'IDC("/R8/PLUS")'.
\o Ensure that the definition of output is correct.
\o 
\o ERROR (ADE-2709): Evaluation of output 'V1000' returned 'nil' for point:'2' test:'TRAN'
\o 	Expression:'VDC("/V1000")'.
\o Ensure that the definition of output is correct.
\o 
\o 
\o *Info*    Run complete for Point ID (14 2) on testbench [ TRAN ].
\o 
\o 
\o 
\o 
\o 
\o 
\o 
\o 
\o 
\o 
\o *Info*    Run start for Point ID (14 7) on testbench [ TRAN ].
\o 
\o Resetting statistical vars
\o 
\o *Info*    Setting parameter values ...
\o 
\o Setting var temperature = "85"
\o Setting temp(T) = 85
\o 
\o *Info*    Netlist Directory =
\o           /home/saul/simulation/BANDGAP/REF_GEN_TB/adexl/results/data/Interactive.54/7/TRAN/netlist
\o 
\o 
\o *Info*    Data Directory    =
\o           /home/saul/simulation/BANDGAP/REF_GEN_TB/adexl/results/data/Interactive.54/7/TRAN
\o 
\o 
\o *Info*    Creating Netlist for Point ID (14 7)
\o 
\o generate netlist...
\o Begin Incremental Netlisting Jan 23 06:51:24 2026
\o End netlisting Jan 23 06:51:24 2026
\o 
\o 	The netlist is up to date.
\o 	Time taken to compare the design with netlist:   0.0s
\o       ...successful.
\o compose simulator input file...
\o       ...successful.
\o 
\o *Info*    Running simulation on testbench [ TRAN ] for Point ID (14
\o           7).
\o 
\o Delete psf data in /home/saul/simulation/BANDGAP/REF_GEN_TB/adexl/results/data/Interactive.54/7/TRAN/psf.
\o compose simulator input file...
\o       ...successful.
\o start simulator if needed...
\o       ...successful.
\o simulate...
\o To view the simulator output, right-click on the test name, result 
\o name, or any value in the "Results" tab of the Outputs section and 
\o choose "Output Log" menu option.
\o INFO (ADE-3071): Simulation completed successfully.
\o reading simulation data...
\o       ...successful.
\o *Info*    Client has finished evaluating ... 
\o 
\o ERROR (ADE-2709): Evaluation of output 'I32nA' returned 'nil' for point:'7' test:'TRAN'
\o 	Expression:'IDC("/R5/PLUS")'.
\o Ensure that the definition of output is correct.
\o 
\o ERROR (ADE-2709): Evaluation of output 'V550' returned 'nil' for point:'7' test:'TRAN'
\o 	Expression:'VDC("/V550")'.
\o Ensure that the definition of output is correct.
\o 
\o ERROR (ADE-2709): Evaluation of output 'BangapRef' returned 'nil' for point:'7' test:'TRAN'
\o 	Expression:'VDC("/I8/VREF")'.
\o Ensure that the definition of output is correct.
\o 
\o ERROR (ADE-2709): Evaluation of output 'I128nA' returned 'nil' for point:'7' test:'TRAN'
\o 	Expression:'IDC("/R8/PLUS")'.
\o Ensure that the definition of output is correct.
\o 
\o ERROR (ADE-2709): Evaluation of output 'V1000' returned 'nil' for point:'7' test:'TRAN'
\o 	Expression:'VDC("/V1000")'.
\o Ensure that the definition of output is correct.
\o 
\o 
\o *Info*    Run complete for Point ID (14 7) on testbench [ TRAN ].
\o 
\o 
\o 
\o 
\o 
\o 
\o 
\o 
\o 
\o 
\o *Info*    Run start for Point ID (14 16) on testbench [ TRAN ].
\o 
\o Resetting statistical vars
\o 
\o *Info*    Setting parameter values ...
\o 
\o Setting var temperature = "-40"
\o Setting temp(T) = -40
\o 
\o *Info*    Netlist Directory =
\o           /home/saul/simulation/BANDGAP/REF_GEN_TB/adexl/results/data/Interactive.54/16/TRAN/netlist
\o 
\o 
\o *Info*    Data Directory    =
\o           /home/saul/simulation/BANDGAP/REF_GEN_TB/adexl/results/data/Interactive.54/16/TRAN
\o 
\o 
\o *Info*    Creating Netlist for Point ID (14 16)
\o 
\o generate netlist...
\o Begin Incremental Netlisting Jan 23 06:51:31 2026
\o End netlisting Jan 23 06:51:31 2026
\o 
\o 	The netlist is up to date.
\o 	Time taken to compare the design with netlist:   0.0s
\o       ...successful.
\o compose simulator input file...
\o       ...successful.
\o 
\o *Info*    Running simulation on testbench [ TRAN ] for Point ID (14
\o           16).
\o 
\o Delete psf data in /home/saul/simulation/BANDGAP/REF_GEN_TB/adexl/results/data/Interactive.54/16/TRAN/psf.
\o compose simulator input file...
\o       ...successful.
\o start simulator if needed...
\o       ...successful.
\o simulate...
\o To view the simulator output, right-click on the test name, result 
\o name, or any value in the "Results" tab of the Outputs section and 
\o choose "Output Log" menu option.
\o INFO (ADE-3071): Simulation completed successfully.
\o reading simulation data...
\o       ...successful.
\o *Info*    Client has finished evaluating ... 
\o 
\o ERROR (ADE-2709): Evaluation of output 'I32nA' returned 'nil' for point:'16' test:'TRAN'
\o 	Expression:'IDC("/R5/PLUS")'.
\o Ensure that the definition of output is correct.
\o 
\o ERROR (ADE-2709): Evaluation of output 'V550' returned 'nil' for point:'16' test:'TRAN'
\o 	Expression:'VDC("/V550")'.
\o Ensure that the definition of output is correct.
\o 
\o ERROR (ADE-2709): Evaluation of output 'BangapRef' returned 'nil' for point:'16' test:'TRAN'
\o 	Expression:'VDC("/I8/VREF")'.
\o Ensure that the definition of output is correct.
\o 
\o ERROR (ADE-2709): Evaluation of output 'I128nA' returned 'nil' for point:'16' test:'TRAN'
\o 	Expression:'IDC("/R8/PLUS")'.
\o Ensure that the definition of output is correct.
\o 
\o ERROR (ADE-2709): Evaluation of output 'V1000' returned 'nil' for point:'16' test:'TRAN'
\o 	Expression:'VDC("/V1000")'.
\o Ensure that the definition of output is correct.
\o 
\o 
\o *Info*    Run complete for Point ID (14 16) on testbench [ TRAN ].
\o 
\o 
\o 
\o 
\o 
\o 
\o 
\o 
\o 
\o 
\o *Info*    Run start for Point ID (14 22) on testbench [ TRAN ].
\o 
\o Resetting statistical vars
\o 
\o *Info*    Setting parameter values ...
\o 
\o 
\o *Info*    Netlist Directory =
\o           /home/saul/simulation/BANDGAP/REF_GEN_TB/adexl/results/data/Interactive.54/22/TRAN/netlist
\o 
\o 
\o *Info*    Data Directory    =
\o           /home/saul/simulation/BANDGAP/REF_GEN_TB/adexl/results/data/Interactive.54/22/TRAN
\o 
\o 
\o *Info*    Creating Netlist for Point ID (14 22)
\o 
\o generate netlist...
\o Begin Incremental Netlisting Jan 23 06:51:38 2026
\o End netlisting Jan 23 06:51:38 2026
\o 
\o 	The netlist is up to date.
\o 	Time taken to compare the design with netlist:   0.0s
\o       ...successful.
\o compose simulator input file...
\o       ...successful.
\o 
\o *Info*    Running simulation on testbench [ TRAN ] for Point ID (14
\o           22).
\o 
\o Delete psf data in /home/saul/simulation/BANDGAP/REF_GEN_TB/adexl/results/data/Interactive.54/22/TRAN/psf.
\o compose simulator input file...
\o       ...successful.
\o start simulator if needed...
\o       ...successful.
\o simulate...
\o To view the simulator output, right-click on the test name, result 
\o name, or any value in the "Results" tab of the Outputs section and 
\o choose "Output Log" menu option.
\o INFO (ADE-3071): Simulation completed successfully.
\o reading simulation data...
\o       ...successful.
\o *Info*    Client has finished evaluating ... 
\o 
\o ERROR (ADE-2709): Evaluation of output 'I32nA' returned 'nil' for point:'22' test:'TRAN'
\o 	Expression:'IDC("/R5/PLUS")'.
\o Ensure that the definition of output is correct.
\o 
\o ERROR (ADE-2709): Evaluation of output 'V550' returned 'nil' for point:'22' test:'TRAN'
\o 	Expression:'VDC("/V550")'.
\o Ensure that the definition of output is correct.
\o 
\o ERROR (ADE-2709): Evaluation of output 'BangapRef' returned 'nil' for point:'22' test:'TRAN'
\o 	Expression:'VDC("/I8/VREF")'.
\o Ensure that the definition of output is correct.
\o 
\o ERROR (ADE-2709): Evaluation of output 'I128nA' returned 'nil' for point:'22' test:'TRAN'
\o 	Expression:'IDC("/R8/PLUS")'.
\o Ensure that the definition of output is correct.
\o 
\o ERROR (ADE-2709): Evaluation of output 'V1000' returned 'nil' for point:'22' test:'TRAN'
\o 	Expression:'VDC("/V1000")'.
\o Ensure that the definition of output is correct.
\o 
\o 
\o *Info*    Run complete for Point ID (14 22) on testbench [ TRAN ].
\o 
\o 
\o 
\o 
\o 
\o 
\o 
\o 
\o 
\o 
\o *Info*    Run start for Point ID (14 29) on testbench [ TRAN ].
\o 
\o Resetting statistical vars
\o 
\o *Info*    Setting parameter values ...
\o 
\o Setting var temperature = "85"
\o Setting temp(T) = 85
\o 
\o *Info*    Netlist Directory =
\o           /home/saul/simulation/BANDGAP/REF_GEN_TB/adexl/results/data/Interactive.54/29/TRAN/netlist
\o 
\o 
\o *Info*    Data Directory    =
\o           /home/saul/simulation/BANDGAP/REF_GEN_TB/adexl/results/data/Interactive.54/29/TRAN
\o 
\o 
\o *Info*    Creating Netlist for Point ID (14 29)
\o 
\o generate netlist...
\o Begin Incremental Netlisting Jan 23 06:51:45 2026
\o End netlisting Jan 23 06:51:45 2026
\o 
\o 	The netlist is up to date.
\o 	Time taken to compare the design with netlist:   0.0s
\o       ...successful.
\o compose simulator input file...
\o       ...successful.
\o 
\o *Info*    Running simulation on testbench [ TRAN ] for Point ID (14
\o           29).
\o 
\o Delete psf data in /home/saul/simulation/BANDGAP/REF_GEN_TB/adexl/results/data/Interactive.54/29/TRAN/psf.
\o compose simulator input file...
\o       ...successful.
\o start simulator if needed...
\o       ...successful.
\o simulate...
\o To view the simulator output, right-click on the test name, result 
\o name, or any value in the "Results" tab of the Outputs section and 
\o choose "Output Log" menu option.
\o INFO (ADE-3071): Simulation completed successfully.
\o reading simulation data...
\o       ...successful.
\o *Info*    Client has finished evaluating ... 
\o 
\o ERROR (ADE-2709): Evaluation of output 'I32nA' returned 'nil' for point:'29' test:'TRAN'
\o 	Expression:'IDC("/R5/PLUS")'.
\o Ensure that the definition of output is correct.
\o 
\o ERROR (ADE-2709): Evaluation of output 'V550' returned 'nil' for point:'29' test:'TRAN'
\o 	Expression:'VDC("/V550")'.
\o Ensure that the definition of output is correct.
\o 
\o ERROR (ADE-2709): Evaluation of output 'BangapRef' returned 'nil' for point:'29' test:'TRAN'
\o 	Expression:'VDC("/I8/VREF")'.
\o Ensure that the definition of output is correct.
\o 
\o ERROR (ADE-2709): Evaluation of output 'I128nA' returned 'nil' for point:'29' test:'TRAN'
\o 	Expression:'IDC("/R8/PLUS")'.
\o Ensure that the definition of output is correct.
\o 
\o ERROR (ADE-2709): Evaluation of output 'V1000' returned 'nil' for point:'29' test:'TRAN'
\o 	Expression:'VDC("/V1000")'.
\o Ensure that the definition of output is correct.
\o 
\o 
\o *Info*    Run complete for Point ID (14 29) on testbench [ TRAN ].
\o 
\o 
\o 
\o 
\o 
\o 
\o 
\o 
\o 
\o 
\o *Info*    Run start for Point ID (14 33) on testbench [ TRAN ].
\o 
\o Resetting statistical vars
\o 
\o *Info*    Setting parameter values ...
\o 
\o 
\o *Info*    Netlist Directory =
\o           /home/saul/simulation/BANDGAP/REF_GEN_TB/adexl/results/data/Interactive.54/33/TRAN/netlist
\o 
\o 
\o *Info*    Data Directory    =
\o           /home/saul/simulation/BANDGAP/REF_GEN_TB/adexl/results/data/Interactive.54/33/TRAN
\o 
\o 
\o *Info*    Creating Netlist for Point ID (14 33)
\o 
\o generate netlist...
\o Begin Incremental Netlisting Jan 23 06:51:52 2026
\o End netlisting Jan 23 06:51:52 2026
\o 
\o 	The netlist is up to date.
\o 	Time taken to compare the design with netlist:   0.0s
\o       ...successful.
\o compose simulator input file...
\o       ...successful.
\o 
\o *Info*    Running simulation on testbench [ TRAN ] for Point ID (14
\o           33).
\o 
\o Delete psf data in /home/saul/simulation/BANDGAP/REF_GEN_TB/adexl/results/data/Interactive.54/33/TRAN/psf.
\o compose simulator input file...
\o       ...successful.
\o start simulator if needed...
\o       ...successful.
\o simulate...
\o To view the simulator output, right-click on the test name, result 
\o name, or any value in the "Results" tab of the Outputs section and 
\o choose "Output Log" menu option.
\o INFO (ADE-3071): Simulation completed successfully.
\o reading simulation data...
\o       ...successful.
\o *Info*    Client has finished evaluating ... 
\o 
\o ERROR (ADE-2709): Evaluation of output 'I32nA' returned 'nil' for point:'33' test:'TRAN'
\o 	Expression:'IDC("/R5/PLUS")'.
\o Ensure that the definition of output is correct.
\o 
\o ERROR (ADE-2709): Evaluation of output 'V550' returned 'nil' for point:'33' test:'TRAN'
\o 	Expression:'VDC("/V550")'.
\o Ensure that the definition of output is correct.
\o 
\o ERROR (ADE-2709): Evaluation of output 'BangapRef' returned 'nil' for point:'33' test:'TRAN'
\o 	Expression:'VDC("/I8/VREF")'.
\o Ensure that the definition of output is correct.
\o 
\o ERROR (ADE-2709): Evaluation of output 'I128nA' returned 'nil' for point:'33' test:'TRAN'
\o 	Expression:'IDC("/R8/PLUS")'.
\o Ensure that the definition of output is correct.
\o 
\o ERROR (ADE-2709): Evaluation of output 'V1000' returned 'nil' for point:'33' test:'TRAN'
\o 	Expression:'VDC("/V1000")'.
\o Ensure that the definition of output is correct.
\o 
\o 
\o *Info*    Run complete for Point ID (14 33) on testbench [ TRAN ].
\o 
\o 
\o 
\o 
\o 
\o Simulation design variables differ from those on the cellView,
\o they have been saved in the file "/tmp/saved-design-variables".
\o To save future changes, copy variables to cellView before exiting.
\o 
\o 
\o *Info*    Configuring the session ...
\o 
\o 	Library      = BANDGAP
\o 	Cell         = REF_GEN_TB
\o 	View         = schematic
\o 	Simulator    = spectre
\o 	State Path   = $AXL_SETUPDB_DIR/test_states
\o 	State Name   = TRAN_BANDGAP:REF_GEN_TB:1:1_state_Interactive.55
\o 	Results DB   = /home/saul/projects/LF_BG/BANDGAP/REF_GEN_TB/adexl/results/data/Interactive.55.rdb
\o 	Results Dir  = /home/saul/simulation/BANDGAP/REF_GEN_TB/adexl/results/data/Interactive.55/1/TRAN
\o 	Results Loc  = /home/saul/simulation/BANDGAP/REF_GEN_TB/adexl/results/data
\o 	Project Dir  = /home/saul/simulation
\o 	Setup DB loc = /home/saul/projects/LF_BG/BANDGAP/REF_GEN_TB/adexl
\o 	File Encoding = 0
\o 
\o 
\o 
\o *Info*    The auto suspension is disabled.
\o 
\o 
\o 
\o 
\o 
\o 
\o *Info*    Run start for Point ID (15 3) on testbench [ TRAN ].
\o 
\o Resetting statistical vars
\o 
\o *Info*    Setting parameter values ...
\o 
\o Setting var CL = "150f"
\o Setting var CL2 = "3p"
\o Setting var CONF_BG_SL_TRIM = "3"
\o Setting var CONF_BG_TRIM = "3"
\o Setting var CONF_LDO_SEL = "0"
\o Setting var CONF_LVDS_SEL = "0"
\o Setting var CONF_REF_TRIM = "3"
\o Setting var EN = "0"
\o Setting var EN_PULSE = "1.2"
\o Setting var PD = "1.2"
\o Setting var PD_PULSE = "1.2"
\o Setting var VDD = "0"
\o Setting var VDD_PULSE = "1.2"
\o Setting var temperature = "85"
\o Setting temp(T) = 85
\o 
\o *Info*    Netlist Directory =
\o           /home/saul/simulation/BANDGAP/REF_GEN_TB/adexl/results/data/Interactive.55/3/TRAN/netlist
\o 
\o 
\o *Info*    Data Directory    =
\o           /home/saul/simulation/BANDGAP/REF_GEN_TB/adexl/results/data/Interactive.55/3/TRAN
\o 
\o 
\o *Info*    Creating Netlist for Point ID (15 3)
\o 
\o generate netlist...
\o Begin Incremental Netlisting Jan 23 06:54:37 2026
\o Loading json.cxt 
\o End netlisting Jan 23 06:54:37 2026
\o 
\o Netlisting Statistics:
\o 	Number of components:   43
\o 
\o 	Elapsed time:          1.0s (43.00/s)
\o Errors: 0	Warnings: 0
\o       ...successful.
\o compose simulator input file...
\o       ...successful.
\o 
\o *Info*    Running simulation on testbench [ TRAN ] for Point ID (15
\o           3).
\o 
\o Delete psf data in /home/saul/simulation/BANDGAP/REF_GEN_TB/adexl/results/data/Interactive.55/3/TRAN/psf.
\o compose simulator input file...
\o       ...successful.
\o start simulator if needed...
\o       ...successful.
\o simulate...
\o To view the simulator output, right-click on the test name, result 
\o name, or any value in the "Results" tab of the Outputs section and 
\o choose "Output Log" menu option.
\o INFO (ADE-3071): Simulation completed successfully.
\o reading simulation data...
\o       ...successful.
\o *Info*    Client has finished evaluating ... 
\o 
\o ERROR (ADE-2709): Evaluation of output 'I32nA' returned 'nil' for point:'3' test:'TRAN'
\o 	Expression:'IDC("/R5/PLUS")'.
\o Ensure that the definition of output is correct.
\o 
\o ERROR (ADE-2709): Evaluation of output 'V550' returned 'nil' for point:'3' test:'TRAN'
\o 	Expression:'VDC("/V550")'.
\o Ensure that the definition of output is correct.
\o 
\o ERROR (ADE-2709): Evaluation of output 'BangapRef' returned 'nil' for point:'3' test:'TRAN'
\o 	Expression:'VDC("/I8/VREF")'.
\o Ensure that the definition of output is correct.
\o 
\o ERROR (ADE-2709): Evaluation of output 'I128nA' returned 'nil' for point:'3' test:'TRAN'
\o 	Expression:'IDC("/R8/PLUS")'.
\o Ensure that the definition of output is correct.
\o 
\o ERROR (ADE-2709): Evaluation of output 'V1000' returned 'nil' for point:'3' test:'TRAN'
\o 	Expression:'VDC("/V1000")'.
\o Ensure that the definition of output is correct.
\o 
\o 
\o *Info*    Run complete for Point ID (15 3) on testbench [ TRAN ].
\o 
\o 
\o 
\o 
\o 
\o 
\o 
\o 
\o 
\o 
\o *Info*    Run start for Point ID (15 7) on testbench [ TRAN ].
\o 
\o Resetting statistical vars
\o 
\o *Info*    Setting parameter values ...
\o 
\o 
\o *Info*    Netlist Directory =
\o           /home/saul/simulation/BANDGAP/REF_GEN_TB/adexl/results/data/Interactive.55/7/TRAN/netlist
\o 
\o 
\o *Info*    Data Directory    =
\o           /home/saul/simulation/BANDGAP/REF_GEN_TB/adexl/results/data/Interactive.55/7/TRAN
\o 
\o 
\o *Info*    Creating Netlist for Point ID (15 7)
\o 
\o generate netlist...
\o Begin Incremental Netlisting Jan 23 06:54:43 2026
\o End netlisting Jan 23 06:54:43 2026
\o 
\o 	The netlist is up to date.
\o 	Time taken to compare the design with netlist:   0.0s
\o       ...successful.
\o compose simulator input file...
\o       ...successful.
\o 
\o *Info*    Running simulation on testbench [ TRAN ] for Point ID (15
\o           7).
\o 
\o Delete psf data in /home/saul/simulation/BANDGAP/REF_GEN_TB/adexl/results/data/Interactive.55/7/TRAN/psf.
\o compose simulator input file...
\o       ...successful.
\o start simulator if needed...
\o       ...successful.
\o simulate...
\o To view the simulator output, right-click on the test name, result 
\o name, or any value in the "Results" tab of the Outputs section and 
\o choose "Output Log" menu option.
\o INFO (ADE-3071): Simulation completed successfully.
\o reading simulation data...
\o       ...successful.
\o *Info*    Client has finished evaluating ... 
\o 
\o ERROR (ADE-2709): Evaluation of output 'I32nA' returned 'nil' for point:'7' test:'TRAN'
\o 	Expression:'IDC("/R5/PLUS")'.
\o Ensure that the definition of output is correct.
\o 
\o ERROR (ADE-2709): Evaluation of output 'V550' returned 'nil' for point:'7' test:'TRAN'
\o 	Expression:'VDC("/V550")'.
\o Ensure that the definition of output is correct.
\o 
\o ERROR (ADE-2709): Evaluation of output 'BangapRef' returned 'nil' for point:'7' test:'TRAN'
\o 	Expression:'VDC("/I8/VREF")'.
\o Ensure that the definition of output is correct.
\o 
\o ERROR (ADE-2709): Evaluation of output 'I128nA' returned 'nil' for point:'7' test:'TRAN'
\o 	Expression:'IDC("/R8/PLUS")'.
\o Ensure that the definition of output is correct.
\o 
\o ERROR (ADE-2709): Evaluation of output 'V1000' returned 'nil' for point:'7' test:'TRAN'
\o 	Expression:'VDC("/V1000")'.
\o Ensure that the definition of output is correct.
\o 
\o 
\o *Info*    Run complete for Point ID (15 7) on testbench [ TRAN ].
\o 
\o 
\o 
\o 
\o 
\o 
\o 
\o 
\o 
\o 
\o *Info*    Run start for Point ID (15 13) on testbench [ TRAN ].
\o 
\o Resetting statistical vars
\o 
\o *Info*    Setting parameter values ...
\o 
\o 
\o *Info*    Netlist Directory =
\o           /home/saul/simulation/BANDGAP/REF_GEN_TB/adexl/results/data/Interactive.55/13/TRAN/netlist
\o 
\o 
\o *Info*    Data Directory    =
\o           /home/saul/simulation/BANDGAP/REF_GEN_TB/adexl/results/data/Interactive.55/13/TRAN
\o 
\o 
\o *Info*    Creating Netlist for Point ID (15 13)
\o 
\o generate netlist...
\o Begin Incremental Netlisting Jan 23 06:54:48 2026
\o End netlisting Jan 23 06:54:48 2026
\o 
\o 	The netlist is up to date.
\o 	Time taken to compare the design with netlist:   0.0s
\o       ...successful.
\o compose simulator input file...
\o       ...successful.
\o 
\o *Info*    Running simulation on testbench [ TRAN ] for Point ID (15
\o           13).
\o 
\o Delete psf data in /home/saul/simulation/BANDGAP/REF_GEN_TB/adexl/results/data/Interactive.55/13/TRAN/psf.
\o compose simulator input file...
\o       ...successful.
\o start simulator if needed...
\o       ...successful.
\o simulate...
\o To view the simulator output, right-click on the test name, result 
\o name, or any value in the "Results" tab of the Outputs section and 
\o choose "Output Log" menu option.
\o INFO (ADE-3071): Simulation completed successfully.
\o reading simulation data...
\o       ...successful.
\o *Info*    Client has finished evaluating ... 
\o 
\o ERROR (ADE-2709): Evaluation of output 'I32nA' returned 'nil' for point:'13' test:'TRAN'
\o 	Expression:'IDC("/R5/PLUS")'.
\o Ensure that the definition of output is correct.
\o 
\o ERROR (ADE-2709): Evaluation of output 'V550' returned 'nil' for point:'13' test:'TRAN'
\o 	Expression:'VDC("/V550")'.
\o Ensure that the definition of output is correct.
\o 
\o ERROR (ADE-2709): Evaluation of output 'BangapRef' returned 'nil' for point:'13' test:'TRAN'
\o 	Expression:'VDC("/I8/VREF")'.
\o Ensure that the definition of output is correct.
\o 
\o ERROR (ADE-2709): Evaluation of output 'I128nA' returned 'nil' for point:'13' test:'TRAN'
\o 	Expression:'IDC("/R8/PLUS")'.
\o Ensure that the definition of output is correct.
\o 
\o ERROR (ADE-2709): Evaluation of output 'V1000' returned 'nil' for point:'13' test:'TRAN'
\o 	Expression:'VDC("/V1000")'.
\o Ensure that the definition of output is correct.
\o 
\o 
\o *Info*    Run complete for Point ID (15 13) on testbench [ TRAN ].
\o 
\o 
\o 
\o 
\o 
\o 
\o 
\o 
\o 
\o 
\o *Info*    Run start for Point ID (15 19) on testbench [ TRAN ].
\o 
\o Resetting statistical vars
\o 
\o *Info*    Setting parameter values ...
\o 
\o 
\o *Info*    Netlist Directory =
\o           /home/saul/simulation/BANDGAP/REF_GEN_TB/adexl/results/data/Interactive.55/19/TRAN/netlist
\o 
\o 
\o *Info*    Data Directory    =
\o           /home/saul/simulation/BANDGAP/REF_GEN_TB/adexl/results/data/Interactive.55/19/TRAN
\o 
\o 
\o *Info*    Creating Netlist for Point ID (15 19)
\o 
\o generate netlist...
\o Begin Incremental Netlisting Jan 23 06:54:53 2026
\o End netlisting Jan 23 06:54:53 2026
\o 
\o 	The netlist is up to date.
\o 	Time taken to compare the design with netlist:   0.0s
\o       ...successful.
\o compose simulator input file...
\o       ...successful.
\o 
\o *Info*    Running simulation on testbench [ TRAN ] for Point ID (15
\o           19).
\o 
\o Delete psf data in /home/saul/simulation/BANDGAP/REF_GEN_TB/adexl/results/data/Interactive.55/19/TRAN/psf.
\o compose simulator input file...
\o       ...successful.
\o start simulator if needed...
\o       ...successful.
\o simulate...
\o To view the simulator output, right-click on the test name, result 
\o name, or any value in the "Results" tab of the Outputs section and 
\o choose "Output Log" menu option.
\o INFO (ADE-3071): Simulation completed successfully.
\o reading simulation data...
\o       ...successful.
\o *Info*    Client has finished evaluating ... 
\o 
\o ERROR (ADE-2709): Evaluation of output 'I32nA' returned 'nil' for point:'19' test:'TRAN'
\o 	Expression:'IDC("/R5/PLUS")'.
\o Ensure that the definition of output is correct.
\o 
\o ERROR (ADE-2709): Evaluation of output 'V550' returned 'nil' for point:'19' test:'TRAN'
\o 	Expression:'VDC("/V550")'.
\o Ensure that the definition of output is correct.
\o 
\o ERROR (ADE-2709): Evaluation of output 'BangapRef' returned 'nil' for point:'19' test:'TRAN'
\o 	Expression:'VDC("/I8/VREF")'.
\o Ensure that the definition of output is correct.
\o 
\o ERROR (ADE-2709): Evaluation of output 'I128nA' returned 'nil' for point:'19' test:'TRAN'
\o 	Expression:'IDC("/R8/PLUS")'.
\o Ensure that the definition of output is correct.
\o 
\o ERROR (ADE-2709): Evaluation of output 'V1000' returned 'nil' for point:'19' test:'TRAN'
\o 	Expression:'VDC("/V1000")'.
\o Ensure that the definition of output is correct.
\o 
\o 
\o *Info*    Run complete for Point ID (15 19) on testbench [ TRAN ].
\o 
\o 
\o 
\o 
\o 
\o 
\o 
\o 
\o 
\o 
\o *Info*    Run start for Point ID (15 25) on testbench [ TRAN ].
\o 
\o Resetting statistical vars
\o 
\o *Info*    Setting parameter values ...
\o 
\o 
\o *Info*    Netlist Directory =
\o           /home/saul/simulation/BANDGAP/REF_GEN_TB/adexl/results/data/Interactive.55/25/TRAN/netlist
\o 
\o 
\o *Info*    Data Directory    =
\o           /home/saul/simulation/BANDGAP/REF_GEN_TB/adexl/results/data/Interactive.55/25/TRAN
\o 
\o 
\o *Info*    Creating Netlist for Point ID (15 25)
\o 
\o generate netlist...
\o Begin Incremental Netlisting Jan 23 06:54:58 2026
\o End netlisting Jan 23 06:54:58 2026
\o 
\o 	The netlist is up to date.
\o 	Time taken to compare the design with netlist:   0.0s
\o       ...successful.
\o compose simulator input file...
\o       ...successful.
\o 
\o *Info*    Running simulation on testbench [ TRAN ] for Point ID (15
\o           25).
\o 
\o Delete psf data in /home/saul/simulation/BANDGAP/REF_GEN_TB/adexl/results/data/Interactive.55/25/TRAN/psf.
\o compose simulator input file...
\o       ...successful.
\o start simulator if needed...
\o       ...successful.
\o simulate...
\o To view the simulator output, right-click on the test name, result 
\o name, or any value in the "Results" tab of the Outputs section and 
\o choose "Output Log" menu option.
\o INFO (ADE-3071): Simulation completed successfully.
\o reading simulation data...
\o       ...successful.
\o *Info*    Client has finished evaluating ... 
\o 
\o ERROR (ADE-2709): Evaluation of output 'I32nA' returned 'nil' for point:'25' test:'TRAN'
\o 	Expression:'IDC("/R5/PLUS")'.
\o Ensure that the definition of output is correct.
\o 
\o ERROR (ADE-2709): Evaluation of output 'V550' returned 'nil' for point:'25' test:'TRAN'
\o 	Expression:'VDC("/V550")'.
\o Ensure that the definition of output is correct.
\o 
\o ERROR (ADE-2709): Evaluation of output 'BangapRef' returned 'nil' for point:'25' test:'TRAN'
\o 	Expression:'VDC("/I8/VREF")'.
\o Ensure that the definition of output is correct.
\o 
\o ERROR (ADE-2709): Evaluation of output 'I128nA' returned 'nil' for point:'25' test:'TRAN'
\o 	Expression:'IDC("/R8/PLUS")'.
\o Ensure that the definition of output is correct.
\o 
\o ERROR (ADE-2709): Evaluation of output 'V1000' returned 'nil' for point:'25' test:'TRAN'
\o 	Expression:'VDC("/V1000")'.
\o Ensure that the definition of output is correct.
\o 
\o 
\o *Info*    Run complete for Point ID (15 25) on testbench [ TRAN ].
\o 
\o 
\o 
\o 
\o 
\o 
\o 
\o 
\o 
\o 
\o *Info*    Run start for Point ID (15 31) on testbench [ TRAN ].
\o 
\o Resetting statistical vars
\o 
\o *Info*    Setting parameter values ...
\o 
\o 
\o *Info*    Netlist Directory =
\o           /home/saul/simulation/BANDGAP/REF_GEN_TB/adexl/results/data/Interactive.55/31/TRAN/netlist
\o 
\o 
\o *Info*    Data Directory    =
\o           /home/saul/simulation/BANDGAP/REF_GEN_TB/adexl/results/data/Interactive.55/31/TRAN
\o 
\o 
\o *Info*    Creating Netlist for Point ID (15 31)
\o 
\o generate netlist...
\o Begin Incremental Netlisting Jan 23 06:55:04 2026
\o End netlisting Jan 23 06:55:04 2026
\o 
\o 	The netlist is up to date.
\o 	Time taken to compare the design with netlist:   0.0s
\o       ...successful.
\o compose simulator input file...
\o       ...successful.
\o 
\o *Info*    Running simulation on testbench [ TRAN ] for Point ID (15
\o           31).
\o 
\o Delete psf data in /home/saul/simulation/BANDGAP/REF_GEN_TB/adexl/results/data/Interactive.55/31/TRAN/psf.
\o compose simulator input file...
\o       ...successful.
\o start simulator if needed...
\o       ...successful.
\o simulate...
\o To view the simulator output, right-click on the test name, result 
\o name, or any value in the "Results" tab of the Outputs section and 
\o choose "Output Log" menu option.
\o INFO (ADE-3071): Simulation completed successfully.
\o reading simulation data...
\o       ...successful.
\o *Info*    Client has finished evaluating ... 
\o 
\o ERROR (ADE-2709): Evaluation of output 'I32nA' returned 'nil' for point:'31' test:'TRAN'
\o 	Expression:'IDC("/R5/PLUS")'.
\o Ensure that the definition of output is correct.
\o 
\o ERROR (ADE-2709): Evaluation of output 'V550' returned 'nil' for point:'31' test:'TRAN'
\o 	Expression:'VDC("/V550")'.
\o Ensure that the definition of output is correct.
\o 
\o ERROR (ADE-2709): Evaluation of output 'BangapRef' returned 'nil' for point:'31' test:'TRAN'
\o 	Expression:'VDC("/I8/VREF")'.
\o Ensure that the definition of output is correct.
\o 
\o ERROR (ADE-2709): Evaluation of output 'I128nA' returned 'nil' for point:'31' test:'TRAN'
\o 	Expression:'IDC("/R8/PLUS")'.
\o Ensure that the definition of output is correct.
\o 
\o ERROR (ADE-2709): Evaluation of output 'V1000' returned 'nil' for point:'31' test:'TRAN'
\o 	Expression:'VDC("/V1000")'.
\o Ensure that the definition of output is correct.
\o 
\o 
\o *Info*    Run complete for Point ID (15 31) on testbench [ TRAN ].
\o 
\o 
\o 
\o 
\o 
\o Simulation design variables differ from those on the cellView,
\o they have been saved in the file "/tmp/saved-design-variables".
\o To save future changes, copy variables to cellView before exiting.
\o 
\o *Info*    Received signal SIGTERM.
\o 
\o 
