*Info*    Exporting services from client ... 

*Info*    Client has finished starting ... 



*Info*    Configuring the session ...

	Library      = BANDGAP
	Cell         = REF_TB
	View         = schematic
	Simulator    = spectre
	State Path   = $AXL_SETUPDB_DIR/test_states
	State Name   = BANDGAP:REF_TB:1_spectre_state1_Interactive.37
	Results DB   = /home/saul/projects/LF_BG/BANDGAP/REF_TB/adexl/results/data/Interactive.37.rdb
	Results Dir  = /home/saul/simulation/BANDGAP/REF_TB/adexl/results/data/Interactive.37/1/BANDGAP:REF_TB:1
	Results Loc  = /home/saul/simulation/BANDGAP/REF_TB/adexl/results/data
	Project Dir  = /home/saul/simulation
	Setup DB loc = /home/saul/projects/LF_BG/BANDGAP/REF_TB/adexl
	File Encoding = 0



*Info*    The auto suspension is disabled.






*Info*    Run start for Point ID (19 1) on testbench [
          BANDGAP:REF_TB:1 ].

Resetting statistical vars

*Info*    Setting parameter values ...

Setting var CL = "150f"
Setting var CL2 = "3p"
Setting var IBIAS = "200n"
Setting var PD = "0"
Setting var PD_PULSE = "1.2"
Setting var UNIT_RES = "20k"
Setting var VDD = "1.2"
Setting var VDD_PULSE = "0"
Setting var VREF_PULSE = "0"
Setting var temperature = "27.0"
Setting temp(T) = 27.0

*Info*    Netlist Directory =
          /home/saul/simulation/BANDGAP/REF_TB/adexl/results/data/Interactive.37/1/BANDGAP:REF_TB:1/netlist


*Info*    Data Directory    =
          /home/saul/simulation/BANDGAP/REF_TB/adexl/results/data/Interactive.37/1/BANDGAP:REF_TB:1


*Info*    Creating Netlist for Point ID (19 1)

generate netlist...
Begin Incremental Netlisting Jan  8 21:18:20 2026
End netlisting Jan  8 21:18:20 2026

	The netlist is up to date.
	Time taken to compare the design with netlist:   0.0s
      ...successful.
compose simulator input file...
      ...successful.

*Info*    Running simulation on testbench [ BANDGAP:REF_TB:1 ] for
          Point ID (19 1).

Delete psf data in /home/saul/simulation/BANDGAP/REF_TB/adexl/results/data/Interactive.37/1/BANDGAP:REF_TB:1/psf.
compose simulator input file...
      ...successful.
start simulator if needed...
      ...successful.
simulate...
To view the simulator output, right-click on the test name, result 
name, or any value in the "Results" tab of the Outputs section and 
choose "Output Log" menu option.
INFO (ADE-3071): Simulation completed successfully.
reading simulation data...
      ...successful.
*Info*    Client has finished evaluating ... 


*Info*    Run complete for Point ID (19 1) on testbench [
          BANDGAP:REF_TB:1 ].





Simulation design variables differ from those on the cellView,
they have been saved in the file "/tmp/saved-design-variables".
To save future changes, copy variables to cellView before exiting.
