*Info*    Exporting services from client ... 

*Info*    Client has finished starting ... 



*Info*    Configuring the session ...

	Library      = BANDGAP
	Cell         = CONSTANT_GM_TB
	View         = schematic
	Simulator    = spectre
	State Path   = $AXL_SETUPDB_DIR/test_states
	State Name   = BANDGAP:CONSTANT_GM_TB:1_spectre_state1_Interactive.28
	Results DB   = /home/saul/projects/LF_BG/BANDGAP/CONSTANT_GM_TB/adexl/results/data/Interactive.28.rdb
	Results Dir  = /home/saul/simulation/BANDGAP/CONSTANT_GM_TB/adexl/results/data/Interactive.28/1/BANDGAP:CONSTANT_GM_TB:1
	Results Loc  = /home/saul/simulation/BANDGAP/CONSTANT_GM_TB/adexl/results/data
	Project Dir  = /home/saul/simulation
	Setup DB loc = /home/saul/projects/LF_BG/BANDGAP/CONSTANT_GM_TB/adexl
	File Encoding = 0



*Info*    The auto suspension is disabled.






*Info*    Run start for Point ID (28 1) on testbench [
          BANDGAP:CONSTANT_GM_TB:1 ].

Resetting statistical vars

*Info*    Setting parameter values ...

Setting var VDD = "1.2"
Setting var VDD_PULSE = "0"
Setting var temperature = "27"
Setting temp(T) = 27

*Info*    Netlist Directory =
          /home/saul/simulation/BANDGAP/CONSTANT_GM_TB/adexl/results/data/Interactive.28/1/BANDGAP:CONSTANT_GM_TB:1/netlist


*Info*    Data Directory    =
          /home/saul/simulation/BANDGAP/CONSTANT_GM_TB/adexl/results/data/Interactive.28/1/BANDGAP:CONSTANT_GM_TB:1


*Info*    Creating Netlist for Point ID (28 1)

generate netlist...
Begin Incremental Netlisting Nov  2 07:09:39 2025
End netlisting Nov  2 07:09:39 2025

Netlisting Statistics:
	Number of components:  145

	Elapsed time:          0.0s
Errors: 0	Warnings: 0
      ...successful.
compose simulator input file...
      ...successful.

*Info*    Running simulation on testbench [ BANDGAP:CONSTANT_GM_TB:1
          ] for Point ID (28 1).

Delete psf data in /home/saul/simulation/BANDGAP/CONSTANT_GM_TB/adexl/results/data/Interactive.28/1/BANDGAP:CONSTANT_GM_TB:1/psf.
compose simulator input file...
      ...successful.
start simulator if needed...
      ...successful.
simulate...
To view the simulator output, right-click on the test name, result 
name, or any value in the "Results" tab of the Outputs section and 
choose "Output Log" menu option.
INFO (ADE-3071): Simulation completed successfully.
reading simulation data...
      ...successful.
*Info*    Client has finished evaluating ... 


*Info*    Run complete for Point ID (28 1) on testbench [
          BANDGAP:CONSTANT_GM_TB:1 ].





Simulation design variables differ from those on the cellView,
they have been saved in the file "/tmp/saved-design-variables".
To save future changes, copy variables to cellView before exiting.
