Starting Monte Carlo Sampling...

Current time: Thu Jan 15 17:30:40 2026 

Variation: All
Sampling Method: Low-Discrepancy Sequence
Seed: 

MonteCarlo.3
Number of points completed: 200
Number of simulation errors: 0
MonteCarlo.3 completed. 
Current time: Thu Jan 15 17:31:15 2026 
Monte Carlo Sampling yield summary:
Number of spec values are in this yield data: 7
BANDGAP:REF_TB:1	Nominal - 
	I1X:	Yield	0%
		Min 0	Max 0	Mean 0	Number of errors 200
BANDGAP:REF_TB:1	Nominal - 
	I4X:	Yield	0%
		Min 0	Max 0	Mean 0	Number of errors 200
BANDGAP:REF_TB:1	Nominal - 
	Poles:	Yield	0%
		Min 0	Max 0	Mean 0	Number of errors 200
BANDGAP:REF_TB:1	Nominal - 
	V/V /V0; xf dB20(V/V):	Yield	0%
		Min 0	Max 0	Mean 0	Number of errors 200
BANDGAP:REF_TB:1	Nominal - 
	V1000:	Yield	0%
		Min 0	Max 0	Mean 0	Number of errors 200
BANDGAP:REF_TB:1	Nominal - 
	V550:	Yield	0%
		Min 0	Max 0	Mean 0	Number of errors 200
BANDGAP:REF_TB:1	Nominal - 
	Zeros:	Yield	0%
		Min 0	Max 0	Mean 0	Number of errors 200

BANDGAP:REF_TB:1
	Overall Yield	0%	Number of points passed	0	Total number of points	200

Estimated yield = 0% (0/200), 200 errors
Estimated yield (No opregions) = 0% (0/200)
