\# Program start time:     UTC 2025.10.13 19:42:54.725
\# Local time: UTC (UTC+00:00) 2025.10.13 19:42:54.725
\o Program:		@(#)$CDS: virtuoso version 6.1.8-64b 09/03/2024 19:11 (sjfhw316) $
\o Hierarchy:		/opt/tools/cadence/installs/IC618/tools.lnx86/dfII/
\o Sub version:		sub-version  IC6.1.8-64b.500.36  (64-bit addresses)
\# Command line:	/opt/tools/cadence/installs/IC618/tools.lnx86/dfII/bin/64bit/virtuoso -noautostart -mpssession virtuosoEtvj7mR6fvb_jLPj5re4RI_24630 -mpshost 53269@b35621b5a0f6 -davinciService DaVinciService_24825_1760383502 -log /home/saul/projects/LF_BG/logs_saul/logs2/Job24.log -licenseLockFileName /home/saul/projects/LF_BG/.tmp_saul/.b35621b5a0f6_24825 -interactiveA -interactiveE -interactiveRTT -nostdin -nographE -axlChildIdFlag 24
\# Host name (type):	b35621b5a0f6 (x86_64)
\# Operating system:	Linux 6.10.14-linuxkit #1 SMP PREEMPT_DYNAMIC Tue Apr 15 16:05:22 UTC 2025
\# Linux /etc/issue:	\S
\# Linux /etc/issue:	Kernel \r on an \m
\# X display name (WxH):	:5302 (1024x868)
\# Available geometry:			TL(0:0) BR(1023:867)
\# X server:			The X.Org Foundation
\# Depth of Visual (Root):	24 (24)
\# Number of Planes Used:	24
\# X version:		11.0 (vendor release 12011000)
\# X resource pool:	base 0x400000, mask 0x1fffff (2097151), shift 0
\# 			current id 0x0, current max 0x1ffffa (2097146)
\# Max data seg size:	     unlimited
\# Max process size:	     unlimited
\# Initial sbrk value:	      1,048 MB
\# Available memory:	     22,943 MB
\# System memory:	     28,093 MB
\# Maximum memory size:	     27,166 MB
\# Max mem available:	     23,064 MB
\# Initial memory used:	        121 MB
\#        process size:	      1,681 MB
\# Thread usage limits (effective/default):	maxthreads 4294967295/4294967295 maxload 16.00/16.00
\# Qt version:		5.9.1
\# Window Manager:	other
\# User Name:		saul
\o Working Directory:	b35621b5a0f6:/home/saul/projects/LF_BG
\# Process Id:		30463
\# Container Id:	Etvj7mR6fvb_jLPj5re4RI
\o 
\o COPYRIGHT (C) 1992-2024  CADENCE DESIGN SYSTEMS INC.  ALL RIGHTS RESERVED.
\o           (C) 1992-2024  UNIX SYSTEMS Laboratories INC.,
\o                          Reproduced with permission.
\o 
\o This Cadence Design Systems program and online documentation are
\o proprietary/confidential information and may be disclosed/used only
\o as authorized in a license agreement controlling such use and disclosure.
\o 
\o           RESTRICTED RIGHTS NOTICE (SHORT FORM)
\o Use/reproduction/disclosure is subject to restriction
\o set forth at FAR 1252.227-19 or its equivalent.
\o Loading geView.cxt 
\o Loading menuBuilder.cxt 
\o Loading schView.cxt 
\o Loading selectSv.cxt 
\o Loading pvsui.cxt
\o Loading wireEdit.cxt 
\o Loading pte2.cxt 
\o Loading xlUI.cxt 
\o Loading auCore.cxt 
\o Loading vhdl.cxt 
\o Loading seismic.cxt 
\o Loading ci.cxt 
\o Loading ams.cxt 
\o Loading oasis.cxt 
\o Loading analog.cxt 
\o Loading asimenv.cxt 
\o Loading dal.cxt 
\o Loading awv.cxt 
\o Loading socket.cxt 
\o Loading par.cxt 
\o Loading alvs.cxt 
\o Loading caa.cxt 
\o Loading amps.cxt 
\o Loading adexlCore.cxt 
\o Loading adexl.cxt 
\o *Info*    Exporting services from client ... 
\o 
\o Loading adexlDM.cxt 
\o Loading cpf.cxt 
\o Loading cli.cxt 
\o Loading lp.cxt 
\o INFO (ELI-00302) Connecting to parent process (session=virtuosoEtvj7mR6fvb_jLPj5re4RI_24630, host=53269@b35621b5a0f6). Connection mode is ICRP. Total timeout is 180 seconds. Connection timeout is 90 seconds.
\o INFO (ELI-00303) Step 1: Connecting to parent. Time spent is 0 seconds.
\o INFO (ELI-00304) The registration of the child 30463 within 90 seconds is being processed...
\o INFO (ELI-00305) The result of registration is true. Time spent is 0 seconds.
\o INFO (ELI-00308) The connection has ended. Result is true. Total time spent is 0 seconds.
\# [19:42:54.512457] Configured Lic search path (22.01-s002): 3000@lic08.ug.kth.se
\# Memory report: using         273 MB, process size 1,963 MB at UTC 2025.10.13 19:42:59.485
\w *WARNING* The directory: '/opt/pdk/lf11/PDK_LF11ISi_V1_3_2/tools/setup/$ASSURAHOME/tools/assura/etc/avtech/avTech' does not exist
\w 	but was defined in libFile '/opt/pdk/lf11/PDK_LF11ISi_V1_3_2/tools/setup/cds.lib' for Lib 'avTech'.
\o 
\o ----------------          LFoundry            ----------------
\o ----------------    Initializing LF11IS PDK    ----------------
\o ----------------        Version 1.3.2         ----------------
\o ----------------        Option 6metal         ----------------
\o *LF-INFO* Loading lf11is:/opt/pdk/lf11/PDK_LF11ISi_V1_3_2/analog/callbacks/lf11is_cdfCbks.il   done
\o *LF-INFO* lf11is libInit.il loaded successfully. 
\w *WARNING* Cannot find /opt/tools/cadence/installs/IC618/tools.lnx86/dfII/etc/tools/wavescan directory to load environment variables
\w *WARNING* envSetVal: could not find tool[.partition] 'wavescan.trace'
\w *WARNING* Cannot find /opt/tools/cadence/installs/IC618/tools.lnx86/dfII/etc/tools/wavescan directory to load environment variables
\w *WARNING* envSetVal: could not find tool[.partition] 'wavescan.trace'
\o *LF-INFO* .cdsinit: Loading project .cdsenv file       skipped
\o *LF-INFO* .cdsinit: Setting Spectre models                done
\o *LF-INFO* .cdsinit: Setting UltraSim models               done
\o *LF-INFO* .cdsinit: Setting AMS analog models             done
\o *LF-INFO* .cdsinit: Setting AMS netlist mode to OSS       done
\o *LF-INFO* .cdsinit: Setting HSpice models                 done
\o *LF-INFO* .cdsinit: Setting CDL out keys                  done
\o *LF-INFO* .cdsinit: Loading Ciranova abut function        done
\o *LF-INFO* .cdsinit: WiCkeD setup                       skipped
\o *LF-INFO* .cdsinit: Golden Gate setup                  skipped
\o *LF-INFO* .cdsinit: Loading default bindkeys              done
\o *LF-INFO* .cdsinit: PDF reader "evince" found: /bin/evince.
\o *LF-INFO* .cdsinit: Creating LF11IS PDK menus              done
\o *LF-INFO* .cdsinit: Loading LF11IS display.drf             done
\o *LF-INFO* .cdsinit: Setting PVS setup trigger      done
\o *LF-INFO* .cdsinit: Loading the user .cdsinit          skipped
\o *LF-INFO* .cdsinit: Loading ISO Ring utility              done
\o *LF-INFO* .cdsinit: Loading Layout Utilities              done
\o *LF-INFO* .cdsinit: Opening library manager 				  done
\o *Info*    Client has finished starting ... 
\o 
\o Loading vdsil.cxt 
\p > 
\w *WARNING* could not load font "-*-courier-medium-r-*-*-12-*", using font "fixed"
\# Loading perfDiag...
\# (PerfDiag): Set GDB path to environment variable 'gdbPath' (gdb).
\w *WARNING* (PerfDiag): The GDB command 'gdb' is not found or is invalid.
\w *WARNING* (PerfDiag): The GDB-related functionality has been disabled. Use the 'gdbPath' environment variable to set a valid GDB path or set one of the SHELL environment variables CDS_DEBUGGER, DEBUGGER, or GDB, and restart Virtuoso.
\# Performance Diagnostic tool is installed. You can access PerfDiag from CIW Tools or use the shell command 'cdsPerfDiag -p 30463' to open it when Virtuoso freezes.
\# (PerfDiag): Use backtrace from GLIBC.
\w *WARNING* _perfPstackCheck: Cannot find pstack/gstack. Please setup PATH environment variable to pstack/gstack executable.
\o Loading vqp.cxt 
\o Loading hdlPkg.cxt 
\o 
\o 
\o *Info*    Configuring the session ...
\o 
\o Loading simui.cxt 
\o 	Library      = BANDGAP
\o 	Cell         = BG_0_6_V1
\o 	View         = schematic
\o 	Simulator    = spectre
\o 	State Path   = $AXL_SETUPDB_DIR/test_states
\o 	State Name   = COR_spectre_state1_Interactive.37
\o 	Results DB   = /home/saul/projects/LF_BG/BANDGAP/BG_0_6_V1/adexl/results/data/Interactive.37.rdb
\o 	Results Dir  = /home/saul/simulation/BANDGAP/BG_0_6_V1/adexl/results/data/Interactive.37/1/COR
\o 	Results Loc  = /home/saul/simulation/BANDGAP/BG_0_6_V1/adexl/results/data
\o 	Project Dir  = /home/saul/simulation
\o 	Setup DB loc = /home/saul/projects/LF_BG/BANDGAP/BG_0_6_V1/adexl
\o 	File Encoding = 0
\o 
\o 
\o Loading viva.cxt 
\w *WARNING* The directory: '/opt/pdk/lf11/PDK_LF11ISi_V1_3_2/tools/setup/$ASSURAHOME/tools/assura/etc/avtech/avTech' does not exist
\w 	but was defined in libFile '/opt/pdk/lf11/PDK_LF11ISi_V1_3_2/tools/setup/cds.lib' for Lib 'avTech'.
\o Loading spectrei.cxt 
\o Loading devCheck.cxt 
\o Loading relXpert.cxt 
\o WARNING (ADE-7017): The Spectre run mode needs to be 'batch' when EM/IR analysis is enabled. Automatically setting the run mode to 'batch'.
\# Memory report: using         373 MB, process size 2,066 MB at UTC 2025.10.13 19:43:02.195
\o Loading hspiceD.cxt 
\o Loading spectreinl.cxt 
\o Loading msgHandler.cxt 
\o Loading UltraSim.cxt 
\o Loading AMSOSS.cxt 
\o Loading AMS.cxt 
\o 
\o *Info*    The auto suspension is disabled.
\o 
\o Loading monte.cxt 
\o 
\o 
\o 
\o 
\o 
\o *Info*    Run start for Point ID (9 6) on testbench [ COR ].
\o 
\o Resetting statistical vars
\o 
\o *Info*    Setting parameter values ...
\o 
\o Setting var temperature = "27"
\o Setting temp(T) = 27
\o 
\o *Info*    Netlist Directory =
\o           /home/saul/simulation/BANDGAP/BG_0_6_V1/adexl/results/data/Interactive.37/6/COR/netlist
\o 
\o 
\o *Info*    Data Directory    =
\o           /home/saul/simulation/BANDGAP/BG_0_6_V1/adexl/results/data/Interactive.37/6/COR
\o 
\o 
\o *Info*    Creating Netlist for Point ID (9 6)
\o 
\o generate netlist...
\o Loading hnlInit.cxt 
\o Loading seCore.cxt 
\# [19:43:03.350496] Periodic Lic check successful
\# [19:43:03.350497] Feature usage summary:
\o Begin Incremental Netlisting Oct 13 19:43:03 2025
\o End netlisting Oct 13 19:43:03 2025
\o 
\o 	The netlist is up to date.
\o 	Time taken to compare the design with netlist:   0.0s
\o       ...successful.
\o compose simulator input file...
\o       ...successful.
\o 
\o *Info*    Running simulation on testbench [ COR ] for Point ID (9 6).
\o 
\o Delete psf data in /home/saul/simulation/BANDGAP/BG_0_6_V1/adexl/results/data/Interactive.37/6/COR/psf.
\o compose simulator input file...
\o       ...successful.
\o start simulator if needed...
\o       ...successful.
\o simulate...
\o To view the simulator output, right-click on the test name, result 
\o name, or any value in the "Results" tab of the Outputs section and 
\o choose "Output Log" menu option.
\# Available memory:         21,175 MB at UTC 2025.10.13 19:43:05.248
\# Memory report: Maximum memory size now 21,611 MB at UTC 2025.10.13 19:43:05.248
\# Thread usage report: 22 active threads, active load 1.40 at UTC 2025.10.13 19:43:05.248
\o Loading paraplot.cxt 
\o INFO (ADE-3071): Simulation completed successfully.
\o reading simulation data...
\o       ...successful.
\o *Info*    Client has finished evaluating ... 
\o 
\o 
\o *Info*    Run complete for Point ID (9 6) on testbench [ COR ].
\o 
\o 
\o 
\o 
\o 
\o 
\o 
\o 
\o 
\o 
\o *Info*    Run start for Point ID (9 12) on testbench [ COR ].
\o 
\o Resetting statistical vars
\o 
\o *Info*    Setting parameter values ...
\o 
\o 
\o *Info*    Netlist Directory =
\o           /home/saul/simulation/BANDGAP/BG_0_6_V1/adexl/results/data/Interactive.37/12/COR/netlist
\o 
\o 
\o *Info*    Data Directory    =
\o           /home/saul/simulation/BANDGAP/BG_0_6_V1/adexl/results/data/Interactive.37/12/COR
\o 
\o 
\o *Info*    Creating Netlist for Point ID (9 12)
\o 
\o generate netlist...
\o Begin Incremental Netlisting Oct 13 19:43:15 2025
\# Memory report: Maximum memory size now 20,633 MB at UTC 2025.10.13 19:43:15.043
\o End netlisting Oct 13 19:43:15 2025
\o 
\o 	The netlist is up to date.
\o 	Time taken to compare the design with netlist:   0.0s
\o       ...successful.
\o compose simulator input file...
\o       ...successful.
\o 
\o *Info*    Running simulation on testbench [ COR ] for Point ID (9 12).
\o 
\o Delete psf data in /home/saul/simulation/BANDGAP/BG_0_6_V1/adexl/results/data/Interactive.37/12/COR/psf.
\o compose simulator input file...
\o       ...successful.
\o start simulator if needed...
\o       ...successful.
\o simulate...
\o To view the simulator output, right-click on the test name, result 
\o name, or any value in the "Results" tab of the Outputs section and 
\o choose "Output Log" menu option.
\o INFO (ADE-3071): Simulation completed successfully.
\o reading simulation data...
\o       ...successful.
\o *Info*    Client has finished evaluating ... 
\o 
\o 
\o *Info*    Run complete for Point ID (9 12) on testbench [ COR ].
\o 
\o 
\o 
\o 
\o 
\# Memory report: Maximum memory size now 21,061 MB at UTC 2025.10.13 19:43:34.894
\o Simulation design variables differ from those on the cellView,
\o they have been saved in the file "/tmp/saved-design-variables".
\o To save future changes, copy variables to cellView before exiting.
\o 
\o 
\o *Info*    Configuring the session ...
\o 
\o 	Library      = BANDGAP
\o 	Cell         = BG_0_6_V1
\o 	View         = schematic
\o 	Simulator    = spectre
\o 	State Path   = $AXL_SETUPDB_DIR/test_states
\o 	State Name   = MC_BANDGAP:BG_0_8_V2:1:1_state_MonteCarlo.3
\o 	Results DB   = /home/saul/projects/LF_BG/BANDGAP/BG_0_6_V1/adexl/results/data/MonteCarlo.3.rdb
\o 	Results Dir  = /home/saul/simulation/BANDGAP/BG_0_6_V1/adexl/results/data/MonteCarlo.3/1/MC
\o 	Results Loc  = /home/saul/simulation/BANDGAP/BG_0_6_V1/adexl/results/data
\o 	Project Dir  = /home/saul/simulation
\o 	Setup DB loc = /home/saul/projects/LF_BG/BANDGAP/BG_0_6_V1/adexl
\o 	File Encoding = 0
\o 
\o 
\o 
\o *Info*    The auto suspension is disabled.
\o 
\o 
\o 
\o 
\o 
\o 
\o *Info*    Run start for Point ID (10 1) on testbench [ MC ].
\o 
\o Resetting statistical vars
\o 
\o *Info*    Setting parameter values ...
\o 
\o Setting var temperature = "27"
\o Setting temp(T) = 27
\o 
\o *Info*    Netlist Directory =
\o           /home/saul/simulation/BANDGAP/BG_0_6_V1/adexl/results/data/MonteCarlo.3/1/MC/groupRunDataDir/netlist
\o 
\o 
\o *Info*    Data Directory    =
\o           /home/saul/simulation/BANDGAP/BG_0_6_V1/adexl/results/data/MonteCarlo.3/1/MC/groupRunDataDir
\o 
\o 
\o *Info*    Creating Netlist for Point ID (10 1)
\o 
\o generate netlist...
\o Initializing the control file using cp:
\o     cp /opt/tools/cadence/installs/IC618/tools.lnx86/dfII/etc/si/control.spectre /home/saul/simulation/BANDGAP/BG_0_6_V1/adexl/results/data/MonteCarlo.3/1/MC/groupRunDataDir/netlist/control
\o Copying Spectre source file 'spectre.inp'
\o Copying Spectre command file 'spectre.sim'
\o Begin Incremental Netlisting Oct 13 19:47:25 2025
\o Loading json.cxt 
\o End netlisting Oct 13 19:47:25 2025
\o 
\o Netlisting Statistics:
\o 	Number of components:  306
\o 
\o 	Elapsed time:          1.0s (306.00/s)
\o Errors: 0	Warnings: 0
\o       ...successful.
\o compose simulator input file...
\o       ...successful.
\# Memory report: using         473 MB, process size 2,366 MB at UTC 2025.10.13 19:47:26.361
\o 
\o *Info*    Running simulation on testbench [ MC ] for Point ID (10 1).
\o 
\o *Info*    Spectre controlMode is set "batch" due to monte carlo run.
\o 
\o Delete psf data in /home/saul/simulation/BANDGAP/BG_0_6_V1/adexl/results/data/MonteCarlo.3/1/MC/groupRunDataDir/psf.
\o generate netlist...
\o Begin Incremental Netlisting Oct 13 19:47:27 2025
\o End netlisting Oct 13 19:47:27 2025
\o 
\o 	The netlist is up to date.
\o 	Time taken to compare the design with netlist:   0.0s
\o       ...successful.
\o compose simulator input file...
\o       ...successful.
\o start simulator if needed...
\o       ...successful.
\o simulate...
\o To view the simulator output, right-click on the test name, result 
\o name, or any value in the "Results" tab of the Outputs section and 
\o choose "Output Log" menu option.
\# Memory report: Maximum memory size now 20,511 MB at UTC 2025.10.13 19:47:33.891
\e *Error* Not a valid waveform.
\e 
\e 
\o ERROR (ADE-2709): Evaluation of output 'histogram2D(value(VS("/VREF") 50) 5 "standard" "both" nil)' returned 'nil' for point:'1' test:'MC'
\o 	Expression:'histogram2D(value(VS("/VREF") 50) 5 "standard" "both" nil)'.
\o Ensure that the definition of output is correct.
\o 
\o *Info*    Client has finished evaluating ... 
\o 
\o 
\o *Info*    Run complete for Point ID (10 1) on testbench [ MC ].
\o 
\o 
\o 
\o 
\o 
\e *Error* Not a valid waveform.
\e 
\e 
\o ERROR (ADE-2709): Evaluation of output 'histogram2D(value(VS("/VREF") 50) 5 "standard" "both" nil)' returned 'nil' for point:'2' test:'MC'
\o 	Expression:'histogram2D(value(VS("/VREF") 50) 5 "standard" "both" nil)'.
\o Ensure that the definition of output is correct.
\o 
\o *Info*    Client has finished evaluating ... 
\o 
\o 
\o *Info*    Run complete for Point ID (10 2) on testbench [ MC ].
\o 
\o 
\o 
\o 
\o 
\e *Error* Not a valid waveform.
\e 
\e 
\o ERROR (ADE-2709): Evaluation of output 'histogram2D(value(VS("/VREF") 50) 5 "standard" "both" nil)' returned 'nil' for point:'3' test:'MC'
\o 	Expression:'histogram2D(value(VS("/VREF") 50) 5 "standard" "both" nil)'.
\o Ensure that the definition of output is correct.
\o 
\o *Info*    Client has finished evaluating ... 
\o 
\o 
\o *Info*    Run complete for Point ID (10 3) on testbench [ MC ].
\o 
\o 
\o 
\o 
\o 
\e *Error* Not a valid waveform.
\e 
\e 
\o ERROR (ADE-2709): Evaluation of output 'histogram2D(value(VS("/VREF") 50) 5 "standard" "both" nil)' returned 'nil' for point:'4' test:'MC'
\o 	Expression:'histogram2D(value(VS("/VREF") 50) 5 "standard" "both" nil)'.
\o Ensure that the definition of output is correct.
\o 
\o *Info*    Client has finished evaluating ... 
\o 
\o 
\o *Info*    Run complete for Point ID (10 4) on testbench [ MC ].
\o 
\o 
\o 
\o 
\o 
\e *Error* Not a valid waveform.
\e 
\e 
\o ERROR (ADE-2709): Evaluation of output 'histogram2D(value(VS("/VREF") 50) 5 "standard" "both" nil)' returned 'nil' for point:'5' test:'MC'
\o 	Expression:'histogram2D(value(VS("/VREF") 50) 5 "standard" "both" nil)'.
\o Ensure that the definition of output is correct.
\o 
\o *Info*    Client has finished evaluating ... 
\o 
\o 
\o *Info*    Run complete for Point ID (10 5) on testbench [ MC ].
\o 
\o 
\o 
\o 
\o 
\e *Error* Not a valid waveform.
\e 
\e 
\o ERROR (ADE-2709): Evaluation of output 'histogram2D(value(VS("/VREF") 50) 5 "standard" "both" nil)' returned 'nil' for point:'6' test:'MC'
\o 	Expression:'histogram2D(value(VS("/VREF") 50) 5 "standard" "both" nil)'.
\o Ensure that the definition of output is correct.
\o 
\o *Info*    Client has finished evaluating ... 
\o 
\o 
\o *Info*    Run complete for Point ID (10 6) on testbench [ MC ].
\o 
\o 
\o 
\o 
\o 
\o INFO (ADE-3071): Simulation completed successfully.
\o reading simulation data...
\o       ...successful.
\e *Error* Not a valid waveform.
\e 
\e 
\o ERROR (ADE-2709): Evaluation of output 'histogram2D(value(VS("/VREF") 50) 5 "standard" "both" nil)' returned 'nil' for point:'7' test:'MC'
\o 	Expression:'histogram2D(value(VS("/VREF") 50) 5 "standard" "both" nil)'.
\o Ensure that the definition of output is correct.
\o 
\o *Info*    Client has finished evaluating ... 
\o 
\o 
\o *Info*    Run complete for Point ID (10 7) on testbench [ MC ].
\o 
\o 
\o 
\o 
\o 
\o *Info*    Monte Carlo Simulation completed successfully...
\# Memory report: Maximum memory size now 21,121 MB at UTC 2025.10.13 19:48:33.121
\o Simulation design variables differ from those on the cellView,
\o they have been saved in the file "/tmp/saved-design-variables".
\o To save future changes, copy variables to cellView before exiting.
\o 
\o 
\o *Info*    Configuring the session ...
\o 
\o 	Library      = BANDGAP
\o 	Cell         = BG_0_6_V1
\o 	View         = schematic
\o 	Simulator    = spectre
\o 	State Path   = $AXL_SETUPDB_DIR/test_states
\o 	State Name   = MC_BANDGAP:BG_0_8_V2:1:1_state_MonteCarlo.4
\o 	Results DB   = /home/saul/projects/LF_BG/BANDGAP/BG_0_6_V1/adexl/results/data/MonteCarlo.4.rdb
\o 	Results Dir  = /home/saul/simulation/BANDGAP/BG_0_6_V1/adexl/results/data/MonteCarlo.4/1/MC
\o 	Results Loc  = /home/saul/simulation/BANDGAP/BG_0_6_V1/adexl/results/data
\o 	Project Dir  = /home/saul/simulation
\o 	Setup DB loc = /home/saul/projects/LF_BG/BANDGAP/BG_0_6_V1/adexl
\o 	File Encoding = 0
\o 
\o 
\o 
\o *Info*    The auto suspension is disabled.
\o 
\o 
\o 
\o 
\o 
\o 
\o *Info*    Run start for Point ID (11 1) on testbench [ MC ].
\o 
\o Resetting statistical vars
\o 
\o *Info*    Setting parameter values ...
\o 
\o Setting var temperature = "27"
\o Setting temp(T) = 27
\o 
\o *Info*    Netlist Directory =
\o           /home/saul/simulation/BANDGAP/BG_0_6_V1/adexl/results/data/MonteCarlo.4/1/MC/groupRunDataDir/netlist
\o 
\o 
\o *Info*    Data Directory    =
\o           /home/saul/simulation/BANDGAP/BG_0_6_V1/adexl/results/data/MonteCarlo.4/1/MC/groupRunDataDir
\o 
\o 
\o *Info*    Creating Netlist for Point ID (11 1)
\o 
\o generate netlist...
\o Begin Incremental Netlisting Oct 13 19:52:30 2025
\o End netlisting Oct 13 19:52:30 2025
\o 
\o Netlisting Statistics:
\o 	Number of components:   35
\o 
\o 	Elapsed time:          0.0s
\o Errors: 0	Warnings: 0
\o       ...successful.
\o compose simulator input file...
\o       ...successful.
\o 
\o *Info*    Running simulation on testbench [ MC ] for Point ID (11 1).
\o 
\o *Info*    Spectre controlMode is set "batch" due to monte carlo run.
\o 
\o Delete psf data in /home/saul/simulation/BANDGAP/BG_0_6_V1/adexl/results/data/MonteCarlo.4/1/MC/groupRunDataDir/psf.
\o generate netlist...
\o Begin Incremental Netlisting Oct 13 19:52:34 2025
\o End netlisting Oct 13 19:52:34 2025
\o 
\o 	The netlist is up to date.
\o 	Time taken to compare the design with netlist:   0.0s
\o       ...successful.
\o compose simulator input file...
\o       ...successful.
\o start simulator if needed...
\o       ...successful.
\o simulate...
\o To view the simulator output, right-click on the test name, result 
\o name, or any value in the "Results" tab of the Outputs section and 
\o choose "Output Log" menu option.
\# Memory report: Maximum memory size now 20,307 MB at UTC 2025.10.13 19:52:43.889
\e *Error* Not a valid waveform.
\e 
\e 
\o ERROR (ADE-2709): Evaluation of output 'histogram2D(value(VS("/VREF") 50) 5 "standard" "both" nil)' returned 'nil' for point:'1' test:'MC'
\o 	Expression:'histogram2D(value(VS("/VREF") 50) 5 "standard" "both" nil)'.
\o Ensure that the definition of output is correct.
\o 
\o *Info*    Client has finished evaluating ... 
\o 
\o 
\o *Info*    Run complete for Point ID (11 1) on testbench [ MC ].
\o 
\o 
\o 
\o 
\o 
\e *Error* Not a valid waveform.
\e 
\e 
\o ERROR (ADE-2709): Evaluation of output 'histogram2D(value(VS("/VREF") 50) 5 "standard" "both" nil)' returned 'nil' for point:'2' test:'MC'
\o 	Expression:'histogram2D(value(VS("/VREF") 50) 5 "standard" "both" nil)'.
\o Ensure that the definition of output is correct.
\o 
\o *Info*    Client has finished evaluating ... 
\o 
\o 
\o *Info*    Run complete for Point ID (11 2) on testbench [ MC ].
\o 
\o 
\o 
\o 
\o 
\e *Error* Not a valid waveform.
\e 
\e 
\o ERROR (ADE-2709): Evaluation of output 'histogram2D(value(VS("/VREF") 50) 5 "standard" "both" nil)' returned 'nil' for point:'3' test:'MC'
\o 	Expression:'histogram2D(value(VS("/VREF") 50) 5 "standard" "both" nil)'.
\o Ensure that the definition of output is correct.
\o 
\o *Info*    Client has finished evaluating ... 
\o 
\o 
\o *Info*    Run complete for Point ID (11 3) on testbench [ MC ].
\o 
\o 
\o 
\o 
\o 
\e *Error* Not a valid waveform.
\e 
\e 
\o ERROR (ADE-2709): Evaluation of output 'histogram2D(value(VS("/VREF") 50) 5 "standard" "both" nil)' returned 'nil' for point:'4' test:'MC'
\o 	Expression:'histogram2D(value(VS("/VREF") 50) 5 "standard" "both" nil)'.
\o Ensure that the definition of output is correct.
\o 
\o *Info*    Client has finished evaluating ... 
\o 
\o 
\o *Info*    Run complete for Point ID (11 4) on testbench [ MC ].
\o 
\o 
\o 
\o 
\o 
\e *Error* Not a valid waveform.
\e 
\e 
\o ERROR (ADE-2709): Evaluation of output 'histogram2D(value(VS("/VREF") 50) 5 "standard" "both" nil)' returned 'nil' for point:'5' test:'MC'
\o 	Expression:'histogram2D(value(VS("/VREF") 50) 5 "standard" "both" nil)'.
\o Ensure that the definition of output is correct.
\o 
\o *Info*    Client has finished evaluating ... 
\o 
\o 
\o *Info*    Run complete for Point ID (11 5) on testbench [ MC ].
\o 
\o 
\o 
\o 
\o 
\e *Error* Not a valid waveform.
\e 
\e 
\o ERROR (ADE-2709): Evaluation of output 'histogram2D(value(VS("/VREF") 50) 5 "standard" "both" nil)' returned 'nil' for point:'6' test:'MC'
\o 	Expression:'histogram2D(value(VS("/VREF") 50) 5 "standard" "both" nil)'.
\o Ensure that the definition of output is correct.
\o 
\o *Info*    Client has finished evaluating ... 
\o 
\o 
\o *Info*    Run complete for Point ID (11 6) on testbench [ MC ].
\o 
\o 
\o 
\o 
\o 
\# Memory report: Maximum memory size now 20,968 MB at UTC 2025.10.13 19:53:35.536
\o INFO (ADE-3071): Simulation completed successfully.
\o reading simulation data...
\o       ...successful.
\e *Error* Not a valid waveform.
\e 
\e 
\o ERROR (ADE-2709): Evaluation of output 'histogram2D(value(VS("/VREF") 50) 5 "standard" "both" nil)' returned 'nil' for point:'7' test:'MC'
\o 	Expression:'histogram2D(value(VS("/VREF") 50) 5 "standard" "both" nil)'.
\o Ensure that the definition of output is correct.
\o 
\o *Info*    Client has finished evaluating ... 
\o 
\o 
\o *Info*    Run complete for Point ID (11 7) on testbench [ MC ].
\o 
\o 
\o 
\o 
\o 
\o *Info*    Monte Carlo Simulation completed successfully...
\o Simulation design variables differ from those on the cellView,
\o they have been saved in the file "/tmp/saved-design-variables".
\o To save future changes, copy variables to cellView before exiting.
\o 
\o 
\o *Info*    Configuring the session ...
\o 
\o 	Library      = BANDGAP
\o 	Cell         = BG_0_6_V1
\o 	View         = schematic
\o 	Simulator    = spectre
\o 	State Path   = $AXL_SETUPDB_DIR/test_states
\o 	State Name   = MC_BANDGAP:BG_0_8_V2:1:1_state_MonteCarlo.5
\o 	Results DB   = /home/saul/projects/LF_BG/BANDGAP/BG_0_6_V1/adexl/results/data/MonteCarlo.5.rdb
\o 	Results Dir  = /home/saul/simulation/BANDGAP/BG_0_6_V1/adexl/results/data/MonteCarlo.5/1/MC
\o 	Results Loc  = /home/saul/simulation/BANDGAP/BG_0_6_V1/adexl/results/data
\o 	Project Dir  = /home/saul/simulation
\o 	Setup DB loc = /home/saul/projects/LF_BG/BANDGAP/BG_0_6_V1/adexl
\o 	File Encoding = 0
\o 
\o 
\o 
\o *Info*    The auto suspension is disabled.
\o 
\o 
\o 
\o 
\o 
\o 
\o *Info*    Run start for Point ID (12 1) on testbench [ MC ].
\o 
\o Resetting statistical vars
\o 
\o *Info*    Setting parameter values ...
\o 
\o Setting var temperature = "27"
\o Setting temp(T) = 27
\o 
\o *Info*    Netlist Directory =
\o           /home/saul/simulation/BANDGAP/BG_0_6_V1/adexl/results/data/MonteCarlo.5/1/MC/groupRunDataDir/netlist
\o 
\o 
\o *Info*    Data Directory    =
\o           /home/saul/simulation/BANDGAP/BG_0_6_V1/adexl/results/data/MonteCarlo.5/1/MC/groupRunDataDir
\o 
\o 
\o *Info*    Creating Netlist for Point ID (12 1)
\o 
\o generate netlist...
\o Begin Incremental Netlisting Oct 13 19:58:13 2025
\o End netlisting Oct 13 19:58:13 2025
\o 
\o Netlisting Statistics:
\o 	Number of components:   35
\o 
\o 	Elapsed time:          0.0s
\o Errors: 0	Warnings: 0
\o       ...successful.
\o compose simulator input file...
\o       ...successful.
\o 
\o *Info*    Running simulation on testbench [ MC ] for Point ID (12 1).
\o 
\o *Info*    Spectre controlMode is set "batch" due to monte carlo run.
\o 
\o Delete psf data in /home/saul/simulation/BANDGAP/BG_0_6_V1/adexl/results/data/MonteCarlo.5/1/MC/groupRunDataDir/psf.
\o generate netlist...
\o Begin Incremental Netlisting Oct 13 19:58:16 2025
\o End netlisting Oct 13 19:58:16 2025
\o 
\o 	The netlist is up to date.
\o 	Time taken to compare the design with netlist:   0.0s
\o       ...successful.
\o compose simulator input file...
\o       ...successful.
\o start simulator if needed...
\o       ...successful.
\o simulate...
\o To view the simulator output, right-click on the test name, result 
\o name, or any value in the "Results" tab of the Outputs section and 
\o choose "Output Log" menu option.
\# Memory report: Maximum memory size now 20,141 MB at UTC 2025.10.13 19:58:26.387
\o *Info*    Client has finished evaluating ... 
\o 
\o 
\o *Info*    Run complete for Point ID (12 1) on testbench [ MC ].
\o 
\o 
\o 
\o 
\o 
\o *Info*    Client has finished evaluating ... 
\o 
\o 
\o *Info*    Run complete for Point ID (12 2) on testbench [ MC ].
\o 
\o 
\o 
\o 
\o 
\o *Info*    Client has finished evaluating ... 
\o 
\o 
\o *Info*    Run complete for Point ID (12 3) on testbench [ MC ].
\o 
\o 
\o 
\o 
\o 
\o *Info*    Client has finished evaluating ... 
\o 
\o 
\o *Info*    Run complete for Point ID (12 4) on testbench [ MC ].
\o 
\o 
\o 
\o 
\o 
\o *Info*    Client has finished evaluating ... 
\o 
\o 
\o *Info*    Run complete for Point ID (12 5) on testbench [ MC ].
\o 
\o 
\o 
\o 
\o 
\o *Info*    Client has finished evaluating ... 
\o 
\o 
\o *Info*    Run complete for Point ID (12 6) on testbench [ MC ].
\o 
\o 
\o 
\o 
\o 
\o INFO (ADE-3071): Simulation completed successfully.
\o reading simulation data...
\o       ...successful.
\o *Info*    Client has finished evaluating ... 
\o 
\o 
\o *Info*    Run complete for Point ID (12 7) on testbench [ MC ].
\o 
\o 
\o 
\o 
\o 
\o *Info*    Monte Carlo Simulation completed successfully...
\# Memory report: Maximum memory size now 20,777 MB at UTC 2025.10.13 19:59:17.886
\o Simulation design variables differ from those on the cellView,
\o they have been saved in the file "/tmp/saved-design-variables".
\o To save future changes, copy variables to cellView before exiting.
\o 
\o 
\o *Info*    Configuring the session ...
\o 
\o 	Library      = BANDGAP
\o 	Cell         = BG_0_6_V1
\o 	View         = schematic
\o 	Simulator    = spectre
\o 	State Path   = $AXL_SETUPDB_DIR/test_states
\o 	State Name   = MC_BANDGAP:BG_0_8_V2:1:1_state_MonteCarlo.6
\o 	Results DB   = /home/saul/projects/LF_BG/BANDGAP/BG_0_6_V1/adexl/results/data/MonteCarlo.6.rdb
\o 	Results Dir  = /home/saul/simulation/BANDGAP/BG_0_6_V1/adexl/results/data/MonteCarlo.6/1/MC
\o 	Results Loc  = /home/saul/simulation/BANDGAP/BG_0_6_V1/adexl/results/data
\o 	Project Dir  = /home/saul/simulation
\o 	Setup DB loc = /home/saul/projects/LF_BG/BANDGAP/BG_0_6_V1/adexl
\o 	File Encoding = 0
\o 
\o 
\o 
\o *Info*    The auto suspension is disabled.
\o 
\o 
\o 
\o 
\o 
\o 
\o *Info*    Run start for Point ID (13 1) on testbench [ MC ].
\o 
\o Resetting statistical vars
\o 
\o *Info*    Setting parameter values ...
\o 
\o Setting var temperature = "27"
\o Setting temp(T) = 27
\o 
\o *Info*    Netlist Directory =
\o           /home/saul/simulation/BANDGAP/BG_0_6_V1/adexl/results/data/MonteCarlo.6/1/MC/groupRunDataDir/netlist
\o 
\o 
\o *Info*    Data Directory    =
\o           /home/saul/simulation/BANDGAP/BG_0_6_V1/adexl/results/data/MonteCarlo.6/1/MC/groupRunDataDir
\o 
\o 
\o *Info*    Creating Netlist for Point ID (13 1)
\o 
\o generate netlist...
\o Begin Incremental Netlisting Oct 13 20:03:06 2025
\o End netlisting Oct 13 20:03:06 2025
\o 
\o Netlisting Statistics:
\o 	Number of components:   35
\o 
\o 	Elapsed time:          0.0s
\o Errors: 0	Warnings: 0
\o       ...successful.
\o compose simulator input file...
\o       ...successful.
\o 
\o *Info*    Running simulation on testbench [ MC ] for Point ID (13 1).
\o 
\o *Info*    Spectre controlMode is set "batch" due to monte carlo run.
\o 
\o Delete psf data in /home/saul/simulation/BANDGAP/BG_0_6_V1/adexl/results/data/MonteCarlo.6/1/MC/groupRunDataDir/psf.
\o generate netlist...
\o Begin Incremental Netlisting Oct 13 20:03:10 2025
\o End netlisting Oct 13 20:03:10 2025
\o 
\o 	The netlist is up to date.
\o 	Time taken to compare the design with netlist:   0.0s
\o       ...successful.
\o compose simulator input file...
\o       ...successful.
\o start simulator if needed...
\o       ...successful.
\o simulate...
\o To view the simulator output, right-click on the test name, result 
\o name, or any value in the "Results" tab of the Outputs section and 
\o choose "Output Log" menu option.
\# Memory report: Maximum memory size now 20,025 MB at UTC 2025.10.13 20:03:16.884
\o *Info*    Client has finished evaluating ... 
\o 
\o 
\o *Info*    Run complete for Point ID (13 1) on testbench [ MC ].
\o 
\o 
\o 
\o 
\o 
\o *Info*    Client has finished evaluating ... 
\o 
\o 
\o *Info*    Run complete for Point ID (13 2) on testbench [ MC ].
\o 
\o 
\o 
\o 
\o 
\o *Info*    Client has finished evaluating ... 
\o 
\o 
\o *Info*    Run complete for Point ID (13 3) on testbench [ MC ].
\o 
\o 
\o 
\o 
\o 
\o *Info*    Client has finished evaluating ... 
\o 
\o 
\o *Info*    Run complete for Point ID (13 4) on testbench [ MC ].
\o 
\o 
\o 
\o 
\o 
\o *Info*    Client has finished evaluating ... 
\o 
\o 
\o *Info*    Run complete for Point ID (13 5) on testbench [ MC ].
\o 
\o 
\o 
\o 
\o 
\o *Info*    Client has finished evaluating ... 
\o 
\o 
\o *Info*    Run complete for Point ID (13 6) on testbench [ MC ].
\o 
\o 
\o 
\o 
\o 
\# Memory report: Maximum memory size now 20,563 MB at UTC 2025.10.13 20:04:07.105
\o INFO (ADE-3071): Simulation completed successfully.
\o reading simulation data...
\o       ...successful.
\o *Info*    Client has finished evaluating ... 
\o 
\o 
\o *Info*    Run complete for Point ID (13 7) on testbench [ MC ].
\o 
\o 
\o 
\o 
\o 
\o *Info*    Monte Carlo Simulation completed successfully...
\o Simulation design variables differ from those on the cellView,
\o they have been saved in the file "/tmp/saved-design-variables".
\o To save future changes, copy variables to cellView before exiting.
\o 
\o 
\o *Info*    Configuring the session ...
\o 
\o 	Library      = BANDGAP
\o 	Cell         = BG_0_6_V1
\o 	View         = schematic
\o 	Simulator    = spectre
\o 	State Path   = $AXL_SETUPDB_DIR/test_states
\o 	State Name   = MC_BANDGAP:BG_0_8_V2:1:1_state_MonteCarlo.7
\o 	Results DB   = /home/saul/projects/LF_BG/BANDGAP/BG_0_6_V1/adexl/results/data/MonteCarlo.7.rdb
\o 	Results Dir  = /home/saul/simulation/BANDGAP/BG_0_6_V1/adexl/results/data/MonteCarlo.7/1/MC
\o 	Results Loc  = /home/saul/simulation/BANDGAP/BG_0_6_V1/adexl/results/data
\o 	Project Dir  = /home/saul/simulation
\o 	Setup DB loc = /home/saul/projects/LF_BG/BANDGAP/BG_0_6_V1/adexl
\o 	File Encoding = 0
\o 
\o 
\o 
\o *Info*    The auto suspension is disabled.
\o 
\o 
\o 
\o 
\o 
\o 
\o *Info*    Run start for Point ID (14 1) on testbench [ MC ].
\o 
\o Resetting statistical vars
\o 
\o *Info*    Setting parameter values ...
\o 
\o Setting var temperature = "27"
\o Setting temp(T) = 27
\o 
\o *Info*    Netlist Directory =
\o           /home/saul/simulation/BANDGAP/BG_0_6_V1/adexl/results/data/MonteCarlo.7/1/MC/groupRunDataDir/netlist
\o 
\o 
\o *Info*    Data Directory    =
\o           /home/saul/simulation/BANDGAP/BG_0_6_V1/adexl/results/data/MonteCarlo.7/1/MC/groupRunDataDir
\o 
\o 
\o *Info*    Creating Netlist for Point ID (14 1)
\o 
\o generate netlist...
\o Begin Incremental Netlisting Oct 13 20:06:01 2025
\o End netlisting Oct 13 20:06:01 2025
\o 
\o Netlisting Statistics:
\o 	Number of components:   35
\o 
\o 	Elapsed time:          0.0s
\o Errors: 0	Warnings: 0
\o       ...successful.
\o compose simulator input file...
\o       ...successful.
\o 
\o *Info*    Running simulation on testbench [ MC ] for Point ID (14 1).
\o 
\o *Info*    Spectre controlMode is set "batch" due to monte carlo run.
\o 
\o Delete psf data in /home/saul/simulation/BANDGAP/BG_0_6_V1/adexl/results/data/MonteCarlo.7/1/MC/groupRunDataDir/psf.
\o generate netlist...
\o Begin Incremental Netlisting Oct 13 20:06:05 2025
\o End netlisting Oct 13 20:06:05 2025
\o 
\o 	The netlist is up to date.
\o 	Time taken to compare the design with netlist:   0.0s
\o       ...successful.
\o compose simulator input file...
\o       ...successful.
\o start simulator if needed...
\o       ...successful.
\o simulate...
\o To view the simulator output, right-click on the test name, result 
\o name, or any value in the "Results" tab of the Outputs section and 
\o choose "Output Log" menu option.
\# Memory report: Maximum memory size now 19,893 MB at UTC 2025.10.13 20:06:16.883
\o *Info*    Client has finished evaluating ... 
\o 
\o 
\o *Info*    Run complete for Point ID (14 1) on testbench [ MC ].
\o 
\o 
\o 
\o 
\o 
\o *Info*    Client has finished evaluating ... 
\o 
\o 
\o *Info*    Run complete for Point ID (14 2) on testbench [ MC ].
\o 
\o 
\o 
\o 
\o 
\o *Info*    Client has finished evaluating ... 
\o 
\o 
\o *Info*    Run complete for Point ID (14 3) on testbench [ MC ].
\o 
\o 
\o 
\o 
\o 
\o *Info*    Client has finished evaluating ... 
\o 
\o 
\o *Info*    Run complete for Point ID (14 4) on testbench [ MC ].
\o 
\o 
\o 
\o 
\o 
\o *Info*    Client has finished evaluating ... 
\o 
\o 
\o *Info*    Run complete for Point ID (14 5) on testbench [ MC ].
\o 
\o 
\o 
\o 
\o 
\o *Info*    Client has finished evaluating ... 
\o 
\o 
\o *Info*    Run complete for Point ID (14 6) on testbench [ MC ].
\o 
\o 
\o 
\o 
\o 
\# Memory report: Maximum memory size now 20,353 MB at UTC 2025.10.13 20:06:55.882
\o INFO (ADE-3071): Simulation completed successfully.
\o reading simulation data...
\o       ...successful.
\o *Info*    Client has finished evaluating ... 
\o 
\o 
\o *Info*    Run complete for Point ID (14 7) on testbench [ MC ].
\o 
\o 
\o 
\o 
\o 
\o *Info*    Monte Carlo Simulation completed successfully...
\o Simulation design variables differ from those on the cellView,
\o they have been saved in the file "/tmp/saved-design-variables".
\o To save future changes, copy variables to cellView before exiting.
\o 
\o 
\o *Info*    Configuring the session ...
\o 
\o 	Library      = BANDGAP
\o 	Cell         = BG_0_6_V1
\o 	View         = schematic
\o 	Simulator    = spectre
\o 	State Path   = $AXL_SETUPDB_DIR/test_states
\o 	State Name   = MC_BANDGAP:BG_0_8_V2:1:1_state_MonteCarlo.8
\o 	Results DB   = /home/saul/projects/LF_BG/BANDGAP/BG_0_6_V1/adexl/results/data/MonteCarlo.8.rdb
\o 	Results Dir  = /home/saul/simulation/BANDGAP/BG_0_6_V1/adexl/results/data/MonteCarlo.8/1/MC
\o 	Results Loc  = /home/saul/simulation/BANDGAP/BG_0_6_V1/adexl/results/data
\o 	Project Dir  = /home/saul/simulation
\o 	Setup DB loc = /home/saul/projects/LF_BG/BANDGAP/BG_0_6_V1/adexl
\o 	File Encoding = 0
\o 
\o 
\o 
\o *Info*    The auto suspension is disabled.
\o 
\o 
\o 
\o 
\o 
\o 
\o *Info*    Run start for Point ID (15 1) on testbench [ MC ].
\o 
\o Resetting statistical vars
\o 
\o *Info*    Setting parameter values ...
\o 
\o Setting var temperature = "27"
\o Setting temp(T) = 27
\o 
\o *Info*    Netlist Directory =
\o           /home/saul/simulation/BANDGAP/BG_0_6_V1/adexl/results/data/MonteCarlo.8/1/MC/groupRunDataDir/netlist
\o 
\o 
\o *Info*    Data Directory    =
\o           /home/saul/simulation/BANDGAP/BG_0_6_V1/adexl/results/data/MonteCarlo.8/1/MC/groupRunDataDir
\o 
\o 
\o *Info*    Creating Netlist for Point ID (15 1)
\o 
\o generate netlist...
\o Begin Incremental Netlisting Oct 13 20:08:37 2025
\o End netlisting Oct 13 20:08:37 2025
\o 
\o Netlisting Statistics:
\o 	Number of components:   35
\o 
\o 	Elapsed time:          0.0s
\o Errors: 0	Warnings: 0
\o       ...successful.
\o compose simulator input file...
\o       ...successful.
\# Memory report: using         577 MB, process size 2,470 MB at UTC 2025.10.13 20:08:40.821
\o 
\o *Info*    Running simulation on testbench [ MC ] for Point ID (15 1).
\o 
\o *Info*    Spectre controlMode is set "batch" due to monte carlo run.
\o 
\o Delete psf data in /home/saul/simulation/BANDGAP/BG_0_6_V1/adexl/results/data/MonteCarlo.8/1/MC/groupRunDataDir/psf.
\o generate netlist...
\o Begin Incremental Netlisting Oct 13 20:08:41 2025
\o End netlisting Oct 13 20:08:41 2025
\o 
\o 	The netlist is up to date.
\o 	Time taken to compare the design with netlist:   0.0s
\o       ...successful.
\o compose simulator input file...
\o       ...successful.
\o start simulator if needed...
\o       ...successful.
\o simulate...
\o To view the simulator output, right-click on the test name, result 
\o name, or any value in the "Results" tab of the Outputs section and 
\o choose "Output Log" menu option.
\# Available memory:         19,140 MB at UTC 2025.10.13 20:08:45.881
\# Memory report: Maximum memory size now 19,717 MB at UTC 2025.10.13 20:08:45.881
\o *Info*    Client has finished evaluating ... 
\o 
\o 
\o *Info*    Run complete for Point ID (15 1) on testbench [ MC ].
\o 
\o 
\o 
\o 
\o 
\o *Info*    Client has finished evaluating ... 
\o 
\o 
\o *Info*    Run complete for Point ID (15 2) on testbench [ MC ].
\o 
\o 
\o 
\o 
\o 
\o *Info*    Client has finished evaluating ... 
\o 
\o 
\o *Info*    Run complete for Point ID (15 3) on testbench [ MC ].
\o 
\o 
\o 
\o 
\o 
\o *Info*    Client has finished evaluating ... 
\o 
\o 
\o *Info*    Run complete for Point ID (15 4) on testbench [ MC ].
\o 
\o 
\o 
\o 
\o 
\o *Info*    Client has finished evaluating ... 
\o 
\o 
\o *Info*    Run complete for Point ID (15 5) on testbench [ MC ].
\o 
\o 
\o 
\o 
\o 
\o *Info*    Client has finished evaluating ... 
\o 
\o 
\o *Info*    Run complete for Point ID (15 6) on testbench [ MC ].
\o 
\o 
\o 
\o 
\o 
\o INFO (ADE-3071): Simulation completed successfully.
\o reading simulation data...
\o       ...successful.
\# Memory report: Maximum memory size now 20,266 MB at UTC 2025.10.13 20:09:37.367
\o *Info*    Client has finished evaluating ... 
\o 
\o 
\o *Info*    Run complete for Point ID (15 7) on testbench [ MC ].
\o 
\o 
\o 
\o 
\o 
\o *Info*    Monte Carlo Simulation completed successfully...
\o Simulation design variables differ from those on the cellView,
\o they have been saved in the file "/tmp/saved-design-variables".
\o To save future changes, copy variables to cellView before exiting.
\o 
\o 
\o *Info*    Configuring the session ...
\o 
\o 	Library      = BANDGAP
\o 	Cell         = BG_0_6_V1
\o 	View         = schematic
\o 	Simulator    = spectre
\o 	State Path   = $AXL_SETUPDB_DIR/test_states
\o 	State Name   = MC_BANDGAP:BG_0_8_V2:1:1_state_MonteCarlo.9
\o 	Results DB   = /home/saul/projects/LF_BG/BANDGAP/BG_0_6_V1/adexl/results/data/MonteCarlo.9.rdb
\o 	Results Dir  = /home/saul/simulation/BANDGAP/BG_0_6_V1/adexl/results/data/MonteCarlo.9/1/MC
\o 	Results Loc  = /home/saul/simulation/BANDGAP/BG_0_6_V1/adexl/results/data
\o 	Project Dir  = /home/saul/simulation
\o 	Setup DB loc = /home/saul/projects/LF_BG/BANDGAP/BG_0_6_V1/adexl
\o 	File Encoding = 0
\o 
\o 
\o 
\o *Info*    The auto suspension is disabled.
\o 
\o 
\o 
\o 
\o 
\o 
\o *Info*    Run start for Point ID (16 1) on testbench [ MC ].
\o 
\o Resetting statistical vars
\o 
\o *Info*    Setting parameter values ...
\o 
\o Setting var temperature = "27"
\o Setting temp(T) = 27
\o 
\o *Info*    Netlist Directory =
\o           /home/saul/simulation/BANDGAP/BG_0_6_V1/adexl/results/data/MonteCarlo.9/1/MC/groupRunDataDir/netlist
\o 
\o 
\o *Info*    Data Directory    =
\o           /home/saul/simulation/BANDGAP/BG_0_6_V1/adexl/results/data/MonteCarlo.9/1/MC/groupRunDataDir
\o 
\o 
\o *Info*    Creating Netlist for Point ID (16 1)
\o 
\o generate netlist...
\o Begin Incremental Netlisting Oct 13 20:11:49 2025
\o End netlisting Oct 13 20:11:49 2025
\o 
\o 	The netlist is up to date.
\o 	Time taken to compare the design with netlist:   0.0s
\o       ...successful.
\o compose simulator input file...
\o       ...successful.
\o 
\o *Info*    Running simulation on testbench [ MC ] for Point ID (16 1).
\o 
\o *Info*    Spectre controlMode is set "batch" due to monte carlo run.
\o 
\o Delete psf data in /home/saul/simulation/BANDGAP/BG_0_6_V1/adexl/results/data/MonteCarlo.9/1/MC/groupRunDataDir/psf.
\o generate netlist...
\o Begin Incremental Netlisting Oct 13 20:11:52 2025
\o End netlisting Oct 13 20:11:52 2025
\o 
\o 	The netlist is up to date.
\o 	Time taken to compare the design with netlist:   0.0s
\o       ...successful.
\o compose simulator input file...
\o       ...successful.
\o start simulator if needed...
\o       ...successful.
\o simulate...
\o To view the simulator output, right-click on the test name, result 
\o name, or any value in the "Results" tab of the Outputs section and 
\o choose "Output Log" menu option.
\# Memory report: Maximum memory size now 19,569 MB at UTC 2025.10.13 20:11:56.380
\o *Info*    Client has finished evaluating ... 
\o 
\o 
\o *Info*    Run complete for Point ID (16 1) on testbench [ MC ].
\o 
\o 
\o 
\o 
\o 
\o *Info*    Client has finished evaluating ... 
\o 
\o 
\o *Info*    Run complete for Point ID (16 2) on testbench [ MC ].
\o 
\o 
\o 
\o 
\o 
\o *Info*    Client has finished evaluating ... 
\o 
\o 
\o *Info*    Run complete for Point ID (16 3) on testbench [ MC ].
\o 
\o 
\o 
\o 
\o 
\o *Info*    Client has finished evaluating ... 
\o 
\o 
\o *Info*    Run complete for Point ID (16 4) on testbench [ MC ].
\o 
\o 
\o 
\o 
\o 
\o *Info*    Client has finished evaluating ... 
\o 
\o 
\o *Info*    Run complete for Point ID (16 5) on testbench [ MC ].
\o 
\o 
\o 
\o 
\o 
\o *Info*    Client has finished evaluating ... 
\o 
\o 
\o *Info*    Run complete for Point ID (16 6) on testbench [ MC ].
\o 
\o 
\o 
\o 
\o 
\o INFO (ADE-3071): Simulation completed successfully.
\o reading simulation data...
\o       ...successful.
\# Memory report: Maximum memory size now 20,019 MB at UTC 2025.10.13 20:12:46.508
\o *Info*    Client has finished evaluating ... 
\o 
\o 
\o *Info*    Run complete for Point ID (16 7) on testbench [ MC ].
\o 
\o 
\o 
\o 
\o 
\o *Info*    Monte Carlo Simulation completed successfully...
\o Simulation design variables differ from those on the cellView,
\o they have been saved in the file "/tmp/saved-design-variables".
\o To save future changes, copy variables to cellView before exiting.
\o 
\o 
\o *Info*    Configuring the session ...
\o 
\o 	Library      = BANDGAP
\o 	Cell         = BG_0_6_V1
\o 	View         = schematic
\o 	Simulator    = spectre
\o 	State Path   = $AXL_SETUPDB_DIR/test_states
\o 	State Name   = MC_BANDGAP:BG_0_8_V2:1:1_state_MonteCarlo.10
\o 	Results DB   = /home/saul/projects/LF_BG/BANDGAP/BG_0_6_V1/adexl/results/data/MonteCarlo.10.rdb
\o 	Results Dir  = /home/saul/simulation/BANDGAP/BG_0_6_V1/adexl/results/data/MonteCarlo.10/1/MC
\o 	Results Loc  = /home/saul/simulation/BANDGAP/BG_0_6_V1/adexl/results/data
\o 	Project Dir  = /home/saul/simulation
\o 	Setup DB loc = /home/saul/projects/LF_BG/BANDGAP/BG_0_6_V1/adexl
\o 	File Encoding = 0
\o 
\o 
\o 
\o *Info*    The auto suspension is disabled.
\o 
\o 
\o 
\o 
\o 
\o 
\o *Info*    Run start for Point ID (17 29) on testbench [ MC ].
\o 
\o Resetting statistical vars
\o 
\o *Info*    Setting parameter values ...
\o 
\o Setting var temperature = "27"
\o Setting temp(T) = 27
\o 
\o *Info*    Netlist Directory =
\o           /home/saul/simulation/BANDGAP/BG_0_6_V1/adexl/results/data/MonteCarlo.10/29/MC/groupRunDataDir/netlist
\o 
\o 
\o *Info*    Data Directory    =
\o           /home/saul/simulation/BANDGAP/BG_0_6_V1/adexl/results/data/MonteCarlo.10/29/MC/groupRunDataDir
\o 
\o 
\o *Info*    Creating Netlist for Point ID (17 29)
\o 
\o generate netlist...
\o Begin Incremental Netlisting Oct 13 20:16:02 2025
\o End netlisting Oct 13 20:16:02 2025
\o 
\o 	The netlist is up to date.
\o 	Time taken to compare the design with netlist:   1.0s
\o       ...successful.
\o compose simulator input file...
\o       ...successful.
\o 
\o *Info*    Running simulation on testbench [ MC ] for Point ID (17 29).
\o 
\o *Info*    Spectre controlMode is set "batch" due to monte carlo run.
\o 
\o Delete psf data in /home/saul/simulation/BANDGAP/BG_0_6_V1/adexl/results/data/MonteCarlo.10/29/MC/groupRunDataDir/psf.
\o generate netlist...
\o Begin Incremental Netlisting Oct 13 20:16:02 2025
\o End netlisting Oct 13 20:16:02 2025
\o 
\o 	The netlist is up to date.
\o 	Time taken to compare the design with netlist:   0.0s
\o       ...successful.
\o compose simulator input file...
\o       ...successful.
\o start simulator if needed...
\o       ...successful.
\o simulate...
\o To view the simulator output, right-click on the test name, result 
\o name, or any value in the "Results" tab of the Outputs section and 
\o choose "Output Log" menu option.
\# Memory report: Maximum memory size now 19,325 MB at UTC 2025.10.13 20:16:16.819
\o *Info*    Client has finished evaluating ... 
\o 
\o 
\o *Info*    Run complete for Point ID (17 29) on testbench [ MC ].
\o 
\o 
\o 
\o 
\o 
\o *Info*    Client has finished evaluating ... 
\o 
\o 
\o *Info*    Run complete for Point ID (17 30) on testbench [ MC ].
\o 
\o 
\o 
\o 
\o 
\o *Info*    Client has finished evaluating ... 
\o 
\o 
\o *Info*    Run complete for Point ID (17 31) on testbench [ MC ].
\o 
\o 
\o 
\o 
\o 
\o *Info*    Client has finished evaluating ... 
\o 
\o 
\o *Info*    Run complete for Point ID (17 32) on testbench [ MC ].
\o 
\o 
\o 
\o 
\o 
\o *Info*    Client has finished evaluating ... 
\o 
\o 
\o *Info*    Run complete for Point ID (17 33) on testbench [ MC ].
\o 
\o 
\o 
\o 
\o 
\o *Info*    Client has finished evaluating ... 
\o 
\o 
\o *Info*    Run complete for Point ID (17 34) on testbench [ MC ].
\o 
\o 
\o 
\o 
\o 
\o INFO (ADE-3071): Simulation completed successfully.
\o reading simulation data...
\o       ...successful.
\o *Info*    Client has finished evaluating ... 
\o 
\o 
\o *Info*    Run complete for Point ID (17 35) on testbench [ MC ].
\o 
\o 
\o 
\o 
\o 
\o *Info*    Monte Carlo Simulation completed successfully...
\# Memory report: Maximum memory size now 19,882 MB at UTC 2025.10.13 20:16:58.321
\o Simulation design variables differ from those on the cellView,
\o they have been saved in the file "/tmp/saved-design-variables".
\o To save future changes, copy variables to cellView before exiting.
\o 
\o 
\o *Info*    Configuring the session ...
\o 
\o 	Library      = BANDGAP
\o 	Cell         = BG_0_6_V1
\o 	View         = schematic
\o 	Simulator    = spectre
\o 	State Path   = $AXL_SETUPDB_DIR/test_states
\o 	State Name   = MC_BANDGAP:BG_0_8_V2:1:1_state_MonteCarlo.11
\o 	Results DB   = /home/saul/projects/LF_BG/BANDGAP/BG_0_6_V1/adexl/results/data/MonteCarlo.11.rdb
\o 	Results Dir  = /home/saul/simulation/BANDGAP/BG_0_6_V1/adexl/results/data/MonteCarlo.11/1/MC
\o 	Results Loc  = /home/saul/simulation/BANDGAP/BG_0_6_V1/adexl/results/data
\o 	Project Dir  = /home/saul/simulation
\o 	Setup DB loc = /home/saul/projects/LF_BG/BANDGAP/BG_0_6_V1/adexl
\o 	File Encoding = 0
\o 
\o 
\o 
\o *Info*    The auto suspension is disabled.
\o 
\o 
\o 
\o 
\o 
\o 
\o *Info*    Run start for Point ID (18 1) on testbench [ MC ].
\o 
\o Resetting statistical vars
\o 
\o *Info*    Setting parameter values ...
\o 
\o Setting var temperature = "27"
\o Setting temp(T) = 27
\o 
\o *Info*    Netlist Directory =
\o           /home/saul/simulation/BANDGAP/BG_0_6_V1/adexl/results/data/MonteCarlo.11/1/MC/groupRunDataDir/netlist
\o 
\o 
\o *Info*    Data Directory    =
\o           /home/saul/simulation/BANDGAP/BG_0_6_V1/adexl/results/data/MonteCarlo.11/1/MC/groupRunDataDir
\o 
\o 
\o *Info*    Creating Netlist for Point ID (18 1)
\o 
\o generate netlist...
\o Begin Incremental Netlisting Oct 13 20:19:39 2025
\o End netlisting Oct 13 20:19:39 2025
\o 
\o Netlisting Statistics:
\o 	Number of components:   35
\o 
\o 	Elapsed time:          0.0s
\o Errors: 0	Warnings: 0
\o       ...successful.
\o compose simulator input file...
\o       ...successful.
\o 
\o *Info*    Running simulation on testbench [ MC ] for Point ID (18 1).
\o 
\o *Info*    Spectre controlMode is set "batch" due to monte carlo run.
\o 
\o Delete psf data in /home/saul/simulation/BANDGAP/BG_0_6_V1/adexl/results/data/MonteCarlo.11/1/MC/groupRunDataDir/psf.
\o generate netlist...
\o Begin Incremental Netlisting Oct 13 20:19:43 2025
\o End netlisting Oct 13 20:19:43 2025
\o 
\o 	The netlist is up to date.
\o 	Time taken to compare the design with netlist:   0.0s
\o       ...successful.
\o compose simulator input file...
\o       ...successful.
\o start simulator if needed...
\o       ...successful.
\o simulate...
\o To view the simulator output, right-click on the test name, result 
\o name, or any value in the "Results" tab of the Outputs section and 
\o choose "Output Log" menu option.
\# Memory report: Maximum memory size now 19,298 MB at UTC 2025.10.13 20:19:47.876
\o *Info*    Client has finished evaluating ... 
\o 
\o 
\o *Info*    Run complete for Point ID (18 1) on testbench [ MC ].
\o 
\o 
\o 
\o 
\o 
\o *Info*    Client has finished evaluating ... 
\o 
\o 
\o *Info*    Run complete for Point ID (18 2) on testbench [ MC ].
\o 
\o 
\o 
\o 
\o 
\o *Info*    Client has finished evaluating ... 
\o 
\o 
\o *Info*    Run complete for Point ID (18 3) on testbench [ MC ].
\o 
\o 
\o 
\o 
\o 
\o *Info*    Client has finished evaluating ... 
\o 
\o 
\o *Info*    Run complete for Point ID (18 4) on testbench [ MC ].
\o 
\o 
\o 
\o 
\o 
\o *Info*    Client has finished evaluating ... 
\o 
\o 
\o *Info*    Run complete for Point ID (18 5) on testbench [ MC ].
\o 
\o 
\o 
\o 
\o 
\o *Info*    Client has finished evaluating ... 
\o 
\o 
\o *Info*    Run complete for Point ID (18 6) on testbench [ MC ].
\o 
\o 
\o 
\o 
\o 
\# Memory report: Maximum memory size now 19,705 MB at UTC 2025.10.13 20:20:37.375
\o INFO (ADE-3071): Simulation completed successfully.
\o reading simulation data...
\o       ...successful.
\o *Info*    Client has finished evaluating ... 
\o 
\o 
\o *Info*    Run complete for Point ID (18 7) on testbench [ MC ].
\o 
\o 
\o 
\o 
\o 
\o *Info*    Monte Carlo Simulation completed successfully...
\o Simulation design variables differ from those on the cellView,
\o they have been saved in the file "/tmp/saved-design-variables".
\o To save future changes, copy variables to cellView before exiting.
\o 
\o 
\o *Info*    Configuring the session ...
\o 
\o 	Library      = BANDGAP
\o 	Cell         = BG_0_6_V1
\o 	View         = schematic
\o 	Simulator    = spectre
\o 	State Path   = $AXL_SETUPDB_DIR/test_states
\o 	State Name   = MC_BANDGAP:BG_0_8_V2:1:1_state_MonteCarlo.12
\o 	Results DB   = /home/saul/projects/LF_BG/BANDGAP/BG_0_6_V1/adexl/results/data/MonteCarlo.12.rdb
\o 	Results Dir  = /home/saul/simulation/BANDGAP/BG_0_6_V1/adexl/results/data/MonteCarlo.12/1/MC
\o 	Results Loc  = /home/saul/simulation/BANDGAP/BG_0_6_V1/adexl/results/data
\o 	Project Dir  = /home/saul/simulation
\o 	Setup DB loc = /home/saul/projects/LF_BG/BANDGAP/BG_0_6_V1/adexl
\o 	File Encoding = 0
\o 
\o 
\o 
\o *Info*    The auto suspension is disabled.
\o 
\o 
\o 
\o 
\o 
\o 
\o *Info*    Run start for Point ID (19 43) on testbench [ MC ].
\o 
\o Resetting statistical vars
\o 
\o *Info*    Setting parameter values ...
\o 
\o Setting var temperature = "27"
\o Setting temp(T) = 27
\o 
\o *Info*    Netlist Directory =
\o           /home/saul/simulation/BANDGAP/BG_0_6_V1/adexl/results/data/MonteCarlo.12/43/MC/groupRunDataDir/netlist
\o 
\o 
\o *Info*    Data Directory    =
\o           /home/saul/simulation/BANDGAP/BG_0_6_V1/adexl/results/data/MonteCarlo.12/43/MC/groupRunDataDir
\o 
\o 
\o *Info*    Creating Netlist for Point ID (19 43)
\o 
\o generate netlist...
\o Begin Incremental Netlisting Oct 13 20:22:27 2025
\o WARNING (OSSHNL-941): Failed to open the sameCellNamesInMultipleLibs file '/home/saul/simulation/BANDGAP/BG_0_6_V1/adexl/results/data/Interactive.37/6/COR/netlist/ihnl/sameCellNamesInMultipleLibs', in the append mode.
\o Ensure that you have the write permission for the mentioned file.
\o 
\o End netlisting Oct 13 20:22:28 2025
\o 
\o Netlisting Statistics:
\o 	Number of components:   35
\o 
\o 	Elapsed time:          1.0s (35.00/s)
\o Errors: 0	Warnings: 0
\o       ...successful.
\o compose simulator input file...
\o       ...successful.
\o 
\o *Info*    Running simulation on testbench [ MC ] for Point ID (19 43).
\o 
\o *Info*    Spectre controlMode is set "batch" due to monte carlo run.
\o 
\o Delete psf data in /home/saul/simulation/BANDGAP/BG_0_6_V1/adexl/results/data/MonteCarlo.12/43/MC/groupRunDataDir/psf.
\o generate netlist...
\o Begin Incremental Netlisting Oct 13 20:22:29 2025
\o WARNING (OSSHNL-941): Failed to open the sameCellNamesInMultipleLibs file '/home/saul/simulation/BANDGAP/BG_0_6_V1/adexl/results/data/Interactive.37/6/COR/netlist/ihnl/sameCellNamesInMultipleLibs', in the append mode.
\o Ensure that you have the write permission for the mentioned file.
\o 
\o End netlisting Oct 13 20:22:29 2025
\o 
\o 	The netlist is up to date.
\o 	Time taken to compare the design with netlist:   0.0s
\o       ...successful.
\o compose simulator input file...
\o       ...successful.
\o start simulator if needed...
\o       ...successful.
\o simulate...
\o To view the simulator output, right-click on the test name, result 
\o name, or any value in the "Results" tab of the Outputs section and 
\o choose "Output Log" menu option.
\# Memory report: Maximum memory size now 19,077 MB at UTC 2025.10.13 20:22:36.874
\o *Info*    Client has finished evaluating ... 
\o 
\o 
\o *Info*    Run complete for Point ID (19 43) on testbench [ MC ].
\o 
\o 
\o 
\o 
\o 
\o *Info*    Client has finished evaluating ... 
\o 
\o 
\o *Info*    Run complete for Point ID (19 44) on testbench [ MC ].
\o 
\o 
\o 
\o 
\o 
\o *Info*    Client has finished evaluating ... 
\o 
\o 
\o *Info*    Run complete for Point ID (19 45) on testbench [ MC ].
\o 
\o 
\o 
\o 
\o 
\o *Info*    Client has finished evaluating ... 
\o 
\o 
\o *Info*    Run complete for Point ID (19 46) on testbench [ MC ].
\o 
\o 
\o 
\o 
\o 
\o *Info*    Client has finished evaluating ... 
\o 
\o 
\o *Info*    Run complete for Point ID (19 47) on testbench [ MC ].
\o 
\o 
\o 
\o 
\o 
\o *Info*    Client has finished evaluating ... 
\o 
\o 
\o *Info*    Run complete for Point ID (19 48) on testbench [ MC ].
\o 
\o 
\o 
\o 
\o 
\o INFO (ADE-3071): Simulation completed successfully.
\o reading simulation data...
\o       ...successful.
\o *Info*    Client has finished evaluating ... 
\o 
\o 
\o *Info*    Run complete for Point ID (19 49) on testbench [ MC ].
\o 
\o 
\o 
\o 
\o 
\o *Info*    Monte Carlo Simulation completed successfully...
\# Memory report: Maximum memory size now 19,654 MB at UTC 2025.10.13 20:23:27.874
\o Simulation design variables differ from those on the cellView,
\o they have been saved in the file "/tmp/saved-design-variables".
\o To save future changes, copy variables to cellView before exiting.
\o 
\o 
\o *Info*    Configuring the session ...
\o 
\o 	Library      = BANDGAP
\o 	Cell         = BG_0_6_V1
\o 	View         = schematic
\o 	Simulator    = spectre
\o 	State Path   = $AXL_SETUPDB_DIR/test_states
\o 	State Name   = MC_BANDGAP:BG_0_8_V2:1:1_state_MonteCarlo.13
\o 	Results DB   = /home/saul/projects/LF_BG/BANDGAP/BG_0_6_V1/adexl/results/data/MonteCarlo.13.rdb
\o 	Results Dir  = /home/saul/simulation/BANDGAP/BG_0_6_V1/adexl/results/data/MonteCarlo.13/1/MC
\o 	Results Loc  = /home/saul/simulation/BANDGAP/BG_0_6_V1/adexl/results/data
\o 	Project Dir  = /home/saul/simulation
\o 	Setup DB loc = /home/saul/projects/LF_BG/BANDGAP/BG_0_6_V1/adexl
\o 	File Encoding = 0
\o 
\o 
\o 
\o *Info*    The auto suspension is disabled.
\o 
\o 
\o 
\o 
\o 
\o 
\o *Info*    Run start for Point ID (20 15) on testbench [ MC ].
\o 
\o Resetting statistical vars
\o 
\o *Info*    Setting parameter values ...
\o 
\o Setting var temperature = "27"
\o Setting temp(T) = 27
\o 
\o *Info*    Netlist Directory =
\o           /home/saul/simulation/BANDGAP/BG_0_6_V1/adexl/results/data/MonteCarlo.13/15/MC/groupRunDataDir/netlist
\o 
\o 
\o *Info*    Data Directory    =
\o           /home/saul/simulation/BANDGAP/BG_0_6_V1/adexl/results/data/MonteCarlo.13/15/MC/groupRunDataDir
\o 
\o 
\o *Info*    Creating Netlist for Point ID (20 15)
\o 
\o generate netlist...
\o Begin Incremental Netlisting Oct 13 20:25:13 2025
\o WARNING (OSSHNL-941): Failed to open the sameCellNamesInMultipleLibs file '/home/saul/simulation/BANDGAP/BG_0_6_V1/adexl/results/data/Interactive.37/6/COR/netlist/ihnl/sameCellNamesInMultipleLibs', in the append mode.
\o Ensure that you have the write permission for the mentioned file.
\o 
\o End netlisting Oct 13 20:25:13 2025
\o 
\o Netlisting Statistics:
\o 	Number of components:   35
\o 
\o 	Elapsed time:          0.0s
\o Errors: 0	Warnings: 0
\o       ...successful.
\o compose simulator input file...
\o       ...successful.
\o 
\o *Info*    Running simulation on testbench [ MC ] for Point ID (20 15).
\o 
\o *Info*    Spectre controlMode is set "batch" due to monte carlo run.
\o 
\o Delete psf data in /home/saul/simulation/BANDGAP/BG_0_6_V1/adexl/results/data/MonteCarlo.13/15/MC/groupRunDataDir/psf.
\o generate netlist...
\o Begin Incremental Netlisting Oct 13 20:25:14 2025
\o WARNING (OSSHNL-941): Failed to open the sameCellNamesInMultipleLibs file '/home/saul/simulation/BANDGAP/BG_0_6_V1/adexl/results/data/Interactive.37/6/COR/netlist/ihnl/sameCellNamesInMultipleLibs', in the append mode.
\o Ensure that you have the write permission for the mentioned file.
\o 
\o End netlisting Oct 13 20:25:14 2025
\o 
\o 	The netlist is up to date.
\o 	Time taken to compare the design with netlist:   0.0s
\o       ...successful.
\o compose simulator input file...
\o       ...successful.
\o start simulator if needed...
\o       ...successful.
\o simulate...
\o To view the simulator output, right-click on the test name, result 
\o name, or any value in the "Results" tab of the Outputs section and 
\o choose "Output Log" menu option.
\# Memory report: Maximum memory size now 18,864 MB at UTC 2025.10.13 20:25:28.398
\o *Info*    Client has finished evaluating ... 
\o 
\o 
\o *Info*    Run complete for Point ID (20 15) on testbench [ MC ].
\o 
\o 
\o 
\o 
\o 
\o *Info*    Client has finished evaluating ... 
\o 
\o 
\o *Info*    Run complete for Point ID (20 16) on testbench [ MC ].
\o 
\o 
\o 
\o 
\o 
\o *Info*    Client has finished evaluating ... 
\o 
\o 
\o *Info*    Run complete for Point ID (20 17) on testbench [ MC ].
\o 
\o 
\o 
\o 
\o 
\o *Info*    Client has finished evaluating ... 
\o 
\o 
\o *Info*    Run complete for Point ID (20 18) on testbench [ MC ].
\o 
\o 
\o 
\o 
\o 
\# Memory report: using         678 MB, process size 2,571 MB at UTC 2025.10.13 20:25:59.124
\o *Info*    Client has finished evaluating ... 
\o 
\o 
\o *Info*    Run complete for Point ID (20 19) on testbench [ MC ].
\o 
\o 
\o 
\o 
\o 
\o *Info*    Client has finished evaluating ... 
\o 
\o 
\o *Info*    Run complete for Point ID (20 20) on testbench [ MC ].
\o 
\o 
\o 
\o 
\o 
\o INFO (ADE-3071): Simulation completed successfully.
\o reading simulation data...
\o       ...successful.
\o *Info*    Client has finished evaluating ... 
\o 
\o 
\o *Info*    Run complete for Point ID (20 21) on testbench [ MC ].
\o 
\o 
\o 
\o 
\o 
\o *Info*    Monte Carlo Simulation completed successfully...
\# Memory report: Maximum memory size now 19,591 MB at UTC 2025.10.13 20:26:18.873
\o Simulation design variables differ from those on the cellView,
\o they have been saved in the file "/tmp/saved-design-variables".
\o To save future changes, copy variables to cellView before exiting.
\o 
\o 
\o *Info*    Configuring the session ...
\o 
\o 	Library      = BANDGAP
\o 	Cell         = BG_0_6_V1
\o 	View         = schematic
\o 	Simulator    = spectre
\o 	State Path   = $AXL_SETUPDB_DIR/test_states
\o 	State Name   = MC_BANDGAP:BG_0_8_V2:1:1_state_MonteCarlo.14
\o 	Results DB   = /home/saul/projects/LF_BG/BANDGAP/BG_0_6_V1/adexl/results/data/MonteCarlo.14.rdb
\o 	Results Dir  = /home/saul/simulation/BANDGAP/BG_0_6_V1/adexl/results/data/MonteCarlo.14/1/MC
\o 	Results Loc  = /home/saul/simulation/BANDGAP/BG_0_6_V1/adexl/results/data
\o 	Project Dir  = /home/saul/simulation
\o 	Setup DB loc = /home/saul/projects/LF_BG/BANDGAP/BG_0_6_V1/adexl
\o 	File Encoding = 0
\o 
\o 
\o 
\o *Info*    The auto suspension is disabled.
\o 
\o 
\o 
\o 
\o 
\o 
\o *Info*    Run start for Point ID (21 1) on testbench [ MC ].
\o 
\o Resetting statistical vars
\o 
\o *Info*    Setting parameter values ...
\o 
\o Setting var temperature = "27"
\o Setting temp(T) = 27
\o 
\o *Info*    Netlist Directory =
\o           /home/saul/simulation/BANDGAP/BG_0_6_V1/adexl/results/data/MonteCarlo.14/1/MC/groupRunDataDir/netlist
\o 
\o 
\o *Info*    Data Directory    =
\o           /home/saul/simulation/BANDGAP/BG_0_6_V1/adexl/results/data/MonteCarlo.14/1/MC/groupRunDataDir
\o 
\o 
\o *Info*    Creating Netlist for Point ID (21 1)
\o 
\o generate netlist...
\o Begin Incremental Netlisting Oct 13 20:28:39 2025
\o WARNING (OSSHNL-941): Failed to open the sameCellNamesInMultipleLibs file '/home/saul/simulation/BANDGAP/BG_0_6_V1/adexl/results/data/Interactive.37/6/COR/netlist/ihnl/sameCellNamesInMultipleLibs', in the append mode.
\o Ensure that you have the write permission for the mentioned file.
\o 
\o End netlisting Oct 13 20:28:39 2025
\o 
\o 	The netlist is up to date.
\o 	Time taken to compare the design with netlist:   0.0s
\o       ...successful.
\o compose simulator input file...
\o       ...successful.
\o 
\o *Info*    Running simulation on testbench [ MC ] for Point ID (21 1).
\o 
\o *Info*    Spectre controlMode is set "batch" due to monte carlo run.
\o 
\o Delete psf data in /home/saul/simulation/BANDGAP/BG_0_6_V1/adexl/results/data/MonteCarlo.14/1/MC/groupRunDataDir/psf.
\o generate netlist...
\o Begin Incremental Netlisting Oct 13 20:28:42 2025
\o WARNING (OSSHNL-941): Failed to open the sameCellNamesInMultipleLibs file '/home/saul/simulation/BANDGAP/BG_0_6_V1/adexl/results/data/Interactive.37/6/COR/netlist/ihnl/sameCellNamesInMultipleLibs', in the append mode.
\o Ensure that you have the write permission for the mentioned file.
\o 
\o End netlisting Oct 13 20:28:42 2025
\o 
\o 	The netlist is up to date.
\o 	Time taken to compare the design with netlist:   0.0s
\o       ...successful.
\o compose simulator input file...
\o       ...successful.
\o start simulator if needed...
\o       ...successful.
\o simulate...
\o To view the simulator output, right-click on the test name, result 
\o name, or any value in the "Results" tab of the Outputs section and 
\o choose "Output Log" menu option.
\# Memory report: Maximum memory size now 18,865 MB at UTC 2025.10.13 20:28:47.871
\o *Info*    Client has finished evaluating ... 
\o 
\o 
\o *Info*    Run complete for Point ID (21 1) on testbench [ MC ].
\o 
\o 
\o 
\o 
\o 
\o *Info*    Client has finished evaluating ... 
\o 
\o 
\o *Info*    Run complete for Point ID (21 2) on testbench [ MC ].
\o 
\o 
\o 
\o 
\o 
\o *Info*    Client has finished evaluating ... 
\o 
\o 
\o *Info*    Run complete for Point ID (21 3) on testbench [ MC ].
\o 
\o 
\o 
\o 
\o 
\o *Info*    Client has finished evaluating ... 
\o 
\o 
\o *Info*    Run complete for Point ID (21 4) on testbench [ MC ].
\o 
\o 
\o 
\o 
\o 
\o *Info*    Client has finished evaluating ... 
\o 
\o 
\o *Info*    Run complete for Point ID (21 5) on testbench [ MC ].
\o 
\o 
\o 
\o 
\o 
\o *Info*    Client has finished evaluating ... 
\o 
\o 
\o *Info*    Run complete for Point ID (21 6) on testbench [ MC ].
\o 
\o 
\o 
\o 
\o 
\# Memory report: Maximum memory size now 19,349 MB at UTC 2025.10.13 20:29:38.469
\o INFO (ADE-3071): Simulation completed successfully.
\o reading simulation data...
\o       ...successful.
\o *Info*    Client has finished evaluating ... 
\o 
\o 
\o *Info*    Run complete for Point ID (21 7) on testbench [ MC ].
\o 
\o 
\o 
\o 
\o 
\o *Info*    Monte Carlo Simulation completed successfully...
\o Simulation design variables differ from those on the cellView,
\o they have been saved in the file "/tmp/saved-design-variables".
\o To save future changes, copy variables to cellView before exiting.
\o 
\o 
\o *Info*    Configuring the session ...
\o 
\o 	Library      = BANDGAP
\o 	Cell         = BG_0_6_V1
\o 	View         = schematic
\o 	Simulator    = spectre
\o 	State Path   = $AXL_SETUPDB_DIR/test_states
\o 	State Name   = MC_BANDGAP:BG_0_8_V2:1:1_state_MonteCarlo.15
\o 	Results DB   = /home/saul/projects/LF_BG/BANDGAP/BG_0_6_V1/adexl/results/data/MonteCarlo.15.rdb
\o 	Results Dir  = /home/saul/simulation/BANDGAP/BG_0_6_V1/adexl/results/data/MonteCarlo.15/1/MC
\o 	Results Loc  = /home/saul/simulation/BANDGAP/BG_0_6_V1/adexl/results/data
\o 	Project Dir  = /home/saul/simulation
\o 	Setup DB loc = /home/saul/projects/LF_BG/BANDGAP/BG_0_6_V1/adexl
\o 	File Encoding = 0
\o 
\o 
\o 
\o *Info*    The auto suspension is disabled.
\o 
\o 
\o 
\o 
\o 
\o 
\o *Info*    Run start for Point ID (22 22) on testbench [ MC ].
\o 
\o Resetting statistical vars
\o 
\o *Info*    Setting parameter values ...
\o 
\o Setting var temperature = "27"
\o Setting temp(T) = 27
\o 
\o *Info*    Netlist Directory =
\o           /home/saul/simulation/BANDGAP/BG_0_6_V1/adexl/results/data/MonteCarlo.15/22/MC/groupRunDataDir/netlist
\o 
\o 
\o *Info*    Data Directory    =
\o           /home/saul/simulation/BANDGAP/BG_0_6_V1/adexl/results/data/MonteCarlo.15/22/MC/groupRunDataDir
\o 
\o 
\o *Info*    Creating Netlist for Point ID (22 22)
\o 
\o generate netlist...
\o Begin Incremental Netlisting Oct 13 20:31:33 2025
\o WARNING (OSSHNL-941): Failed to open the sameCellNamesInMultipleLibs file '/home/saul/simulation/BANDGAP/BG_0_6_V1/adexl/results/data/Interactive.37/6/COR/netlist/ihnl/sameCellNamesInMultipleLibs', in the append mode.
\o Ensure that you have the write permission for the mentioned file.
\o 
\o End netlisting Oct 13 20:31:33 2025
\o 
\o 	The netlist is up to date.
\o 	Time taken to compare the design with netlist:   1.0s
\o       ...successful.
\o compose simulator input file...
\o       ...successful.
\o 
\o *Info*    Running simulation on testbench [ MC ] for Point ID (22 22).
\o 
\o *Info*    Spectre controlMode is set "batch" due to monte carlo run.
\o 
\o Delete psf data in /home/saul/simulation/BANDGAP/BG_0_6_V1/adexl/results/data/MonteCarlo.15/22/MC/groupRunDataDir/psf.
\o generate netlist...
\o Begin Incremental Netlisting Oct 13 20:31:33 2025
\o WARNING (OSSHNL-941): Failed to open the sameCellNamesInMultipleLibs file '/home/saul/simulation/BANDGAP/BG_0_6_V1/adexl/results/data/Interactive.37/6/COR/netlist/ihnl/sameCellNamesInMultipleLibs', in the append mode.
\o Ensure that you have the write permission for the mentioned file.
\o 
\o End netlisting Oct 13 20:31:33 2025
\o 
\o 	The netlist is up to date.
\o 	Time taken to compare the design with netlist:   0.0s
\o       ...successful.
\o compose simulator input file...
\o       ...successful.
\o start simulator if needed...
\o       ...successful.
\o simulate...
\o To view the simulator output, right-click on the test name, result 
\o name, or any value in the "Results" tab of the Outputs section and 
\o choose "Output Log" menu option.
\# Memory report: Maximum memory size now 18,851 MB at UTC 2025.10.13 20:31:38.869
\o *Info*    Client has finished evaluating ... 
\o 
\o 
\o *Info*    Run complete for Point ID (22 22) on testbench [ MC ].
\o 
\o 
\o 
\o 
\o 
\o *Info*    Client has finished evaluating ... 
\o 
\o 
\o *Info*    Run complete for Point ID (22 23) on testbench [ MC ].
\o 
\o 
\o 
\o 
\o 
\o *Info*    Client has finished evaluating ... 
\o 
\o 
\o *Info*    Run complete for Point ID (22 24) on testbench [ MC ].
\o 
\o 
\o 
\o 
\o 
\o *Info*    Client has finished evaluating ... 
\o 
\o 
\o *Info*    Run complete for Point ID (22 25) on testbench [ MC ].
\o 
\o 
\o 
\o 
\o 
\o *Info*    Client has finished evaluating ... 
\o 
\o 
\o *Info*    Run complete for Point ID (22 26) on testbench [ MC ].
\o 
\o 
\o 
\o 
\o 
\o *Info*    Client has finished evaluating ... 
\o 
\o 
\o *Info*    Run complete for Point ID (22 27) on testbench [ MC ].
\o 
\o 
\o 
\o 
\o 
\o INFO (ADE-3071): Simulation completed successfully.
\o reading simulation data...
\o       ...successful.
\o *Info*    Client has finished evaluating ... 
\o 
\o 
\o *Info*    Run complete for Point ID (22 28) on testbench [ MC ].
\o 
\o 
\o 
\o 
\o 
\o *Info*    Monte Carlo Simulation completed successfully...
\# Memory report: Maximum memory size now 19,333 MB at UTC 2025.10.13 20:32:37.869
\o Simulation design variables differ from those on the cellView,
\o they have been saved in the file "/tmp/saved-design-variables".
\o To save future changes, copy variables to cellView before exiting.
\o 
\o 
\o *Info*    Configuring the session ...
\o 
\o 	Library      = BANDGAP
\o 	Cell         = BG_0_6_V1
\o 	View         = schematic
\o 	Simulator    = spectre
\o 	State Path   = $AXL_SETUPDB_DIR/test_states
\o 	State Name   = MC_BANDGAP:BG_0_8_V2:1:1_state_MonteCarlo.16
\o 	Results DB   = /home/saul/projects/LF_BG/BANDGAP/BG_0_6_V1/adexl/results/data/MonteCarlo.16.rdb
\o 	Results Dir  = /home/saul/simulation/BANDGAP/BG_0_6_V1/adexl/results/data/MonteCarlo.16/1/MC
\o 	Results Loc  = /home/saul/simulation/BANDGAP/BG_0_6_V1/adexl/results/data
\o 	Project Dir  = /home/saul/simulation
\o 	Setup DB loc = /home/saul/projects/LF_BG/BANDGAP/BG_0_6_V1/adexl
\o 	File Encoding = 0
\o 
\o 
\o 
\o *Info*    The auto suspension is disabled.
\o 
\o 
\o 
\o 
\o 
\o 
\o *Info*    Run start for Point ID (23 1) on testbench [ MC ].
\o 
\o Resetting statistical vars
\o 
\o *Info*    Setting parameter values ...
\o 
\o Setting var temperature = "27"
\o Setting temp(T) = 27
\o 
\o *Info*    Netlist Directory =
\o           /home/saul/simulation/BANDGAP/BG_0_6_V1/adexl/results/data/MonteCarlo.16/1/MC/groupRunDataDir/netlist
\o 
\o 
\o *Info*    Data Directory    =
\o           /home/saul/simulation/BANDGAP/BG_0_6_V1/adexl/results/data/MonteCarlo.16/1/MC/groupRunDataDir
\o 
\o 
\o *Info*    Creating Netlist for Point ID (23 1)
\o 
\o generate netlist...
\o Begin Incremental Netlisting Oct 13 20:36:02 2025
\o WARNING (OSSHNL-941): Failed to open the sameCellNamesInMultipleLibs file '/home/saul/simulation/BANDGAP/BG_0_6_V1/adexl/results/data/Interactive.37/6/COR/netlist/ihnl/sameCellNamesInMultipleLibs', in the append mode.
\o Ensure that you have the write permission for the mentioned file.
\o 
\o End netlisting Oct 13 20:36:02 2025
\o 
\o 	The netlist is up to date.
\o 	Time taken to compare the design with netlist:   0.0s
\o       ...successful.
\o compose simulator input file...
\o       ...successful.
\o 
\o *Info*    Running simulation on testbench [ MC ] for Point ID (23 1).
\o 
\o *Info*    Spectre controlMode is set "batch" due to monte carlo run.
\o 
\o Delete psf data in /home/saul/simulation/BANDGAP/BG_0_6_V1/adexl/results/data/MonteCarlo.16/1/MC/groupRunDataDir/psf.
\o generate netlist...
\o Begin Incremental Netlisting Oct 13 20:36:06 2025
\o WARNING (OSSHNL-941): Failed to open the sameCellNamesInMultipleLibs file '/home/saul/simulation/BANDGAP/BG_0_6_V1/adexl/results/data/Interactive.37/6/COR/netlist/ihnl/sameCellNamesInMultipleLibs', in the append mode.
\o Ensure that you have the write permission for the mentioned file.
\o 
\o End netlisting Oct 13 20:36:06 2025
\o 
\o 	The netlist is up to date.
\o 	Time taken to compare the design with netlist:   0.0s
\o       ...successful.
\o compose simulator input file...
\o       ...successful.
\o start simulator if needed...
\o       ...successful.
\o simulate...
\o To view the simulator output, right-click on the test name, result 
\o name, or any value in the "Results" tab of the Outputs section and 
\o choose "Output Log" menu option.
\# Memory report: Maximum memory size now 18,621 MB at UTC 2025.10.13 20:36:17.867
\o *Info*    Client has finished evaluating ... 
\o 
\o 
\o *Info*    Run complete for Point ID (23 1) on testbench [ MC ].
\o 
\o 
\o 
\o 
\o 
\o *Info*    Client has finished evaluating ... 
\o 
\o 
\o *Info*    Run complete for Point ID (23 2) on testbench [ MC ].
\o 
\o 
\o 
\o 
\o 
\o *Info*    Client has finished evaluating ... 
\o 
\o 
\o *Info*    Run complete for Point ID (23 3) on testbench [ MC ].
\o 
\o 
\o 
\o 
\o 
\o *Info*    Client has finished evaluating ... 
\o 
\o 
\o *Info*    Run complete for Point ID (23 4) on testbench [ MC ].
\o 
\o 
\o 
\o 
\o 
\o *Info*    Client has finished evaluating ... 
\o 
\o 
\o *Info*    Run complete for Point ID (23 5) on testbench [ MC ].
\o 
\o 
\o 
\o 
\o 
\o *Info*    Client has finished evaluating ... 
\o 
\o 
\o *Info*    Run complete for Point ID (23 6) on testbench [ MC ].
\o 
\o 
\o 
\o 
\o 
\# Memory report: Maximum memory size now 19,091 MB at UTC 2025.10.13 20:36:59.865
\o INFO (ADE-3071): Simulation completed successfully.
\o reading simulation data...
\o       ...successful.
\o *Info*    Client has finished evaluating ... 
\o 
\o 
\o *Info*    Run complete for Point ID (23 7) on testbench [ MC ].
\o 
\o 
\o 
\o 
\o 
\o *Info*    Monte Carlo Simulation completed successfully...
\o Simulation design variables differ from those on the cellView,
\o they have been saved in the file "/tmp/saved-design-variables".
\o To save future changes, copy variables to cellView before exiting.
\o 
\o 
\o *Info*    Configuring the session ...
\o 
\o 	Library      = BANDGAP
\o 	Cell         = BG_0_6_V1
\o 	View         = schematic
\o 	Simulator    = spectre
\o 	State Path   = $AXL_SETUPDB_DIR/test_states
\o 	State Name   = MC_BANDGAP:BG_0_8_V2:1:1_state_MonteCarlo.17
\o 	Results DB   = /home/saul/projects/LF_BG/BANDGAP/BG_0_6_V1/adexl/results/data/MonteCarlo.17.rdb
\o 	Results Dir  = /home/saul/simulation/BANDGAP/BG_0_6_V1/adexl/results/data/MonteCarlo.17/1/MC
\o 	Results Loc  = /home/saul/simulation/BANDGAP/BG_0_6_V1/adexl/results/data
\o 	Project Dir  = /home/saul/simulation
\o 	Setup DB loc = /home/saul/projects/LF_BG/BANDGAP/BG_0_6_V1/adexl
\o 	File Encoding = 0
\o 
\o 
\o 
\o *Info*    The auto suspension is disabled.
\o 
\o 
\o 
\o 
\o 
\o 
\o *Info*    Run start for Point ID (24 1) on testbench [ MC ].
\o 
\o Resetting statistical vars
\o 
\o *Info*    Setting parameter values ...
\o 
\o Setting var temperature = "27"
\o Setting temp(T) = 27
\o 
\o *Info*    Netlist Directory =
\o           /home/saul/simulation/BANDGAP/BG_0_6_V1/adexl/results/data/MonteCarlo.17/1/MC/groupRunDataDir/netlist
\o 
\o 
\o *Info*    Data Directory    =
\o           /home/saul/simulation/BANDGAP/BG_0_6_V1/adexl/results/data/MonteCarlo.17/1/MC/groupRunDataDir
\o 
\o 
\o *Info*    Creating Netlist for Point ID (24 1)
\o 
\o generate netlist...
\o Begin Incremental Netlisting Oct 13 20:39:10 2025
\o WARNING (OSSHNL-941): Failed to open the sameCellNamesInMultipleLibs file '/home/saul/simulation/BANDGAP/BG_0_6_V1/adexl/results/data/Interactive.37/6/COR/netlist/ihnl/sameCellNamesInMultipleLibs', in the append mode.
\o Ensure that you have the write permission for the mentioned file.
\o 
\o End netlisting Oct 13 20:39:10 2025
\o 
\o 	The netlist is up to date.
\o 	Time taken to compare the design with netlist:   0.0s
\o       ...successful.
\o compose simulator input file...
\o       ...successful.
\o 
\o *Info*    Running simulation on testbench [ MC ] for Point ID (24 1).
\o 
\o *Info*    Spectre controlMode is set "batch" due to monte carlo run.
\o 
\o Delete psf data in /home/saul/simulation/BANDGAP/BG_0_6_V1/adexl/results/data/MonteCarlo.17/1/MC/groupRunDataDir/psf.
\o generate netlist...
\o Begin Incremental Netlisting Oct 13 20:39:13 2025
\o WARNING (OSSHNL-941): Failed to open the sameCellNamesInMultipleLibs file '/home/saul/simulation/BANDGAP/BG_0_6_V1/adexl/results/data/Interactive.37/6/COR/netlist/ihnl/sameCellNamesInMultipleLibs', in the append mode.
\o Ensure that you have the write permission for the mentioned file.
\o 
\o End netlisting Oct 13 20:39:13 2025
\o 
\o 	The netlist is up to date.
\o 	Time taken to compare the design with netlist:   0.0s
\o       ...successful.
\o compose simulator input file...
\o       ...successful.
\o start simulator if needed...
\o       ...successful.
\o simulate...
\o To view the simulator output, right-click on the test name, result 
\o name, or any value in the "Results" tab of the Outputs section and 
\o choose "Output Log" menu option.
\# Memory report: Maximum memory size now 18,534 MB at UTC 2025.10.13 20:39:18.865
\o *Info*    Client has finished evaluating ... 
\o 
\o 
\o *Info*    Run complete for Point ID (24 1) on testbench [ MC ].
\o 
\o 
\o 
\o 
\o 
\o *Info*    Client has finished evaluating ... 
\o 
\o 
\o *Info*    Run complete for Point ID (24 2) on testbench [ MC ].
\o 
\o 
\o 
\o 
\o 
\o *Info*    Client has finished evaluating ... 
\o 
\o 
\o *Info*    Run complete for Point ID (24 3) on testbench [ MC ].
\o 
\o 
\o 
\o 
\o 
\o *Info*    Client has finished evaluating ... 
\o 
\o 
\o *Info*    Run complete for Point ID (24 4) on testbench [ MC ].
\o 
\o 
\o 
\o 
\o 
\o *Info*    Client has finished evaluating ... 
\o 
\o 
\o *Info*    Run complete for Point ID (24 5) on testbench [ MC ].
\o 
\o 
\o 
\o 
\o 
\o *Info*    Client has finished evaluating ... 
\o 
\o 
\o *Info*    Run complete for Point ID (24 6) on testbench [ MC ].
\o 
\o 
\o 
\o 
\o 
\# Memory report: Maximum memory size now 19,038 MB at UTC 2025.10.13 20:40:08.817
\o INFO (ADE-3071): Simulation completed successfully.
\o reading simulation data...
\o       ...successful.
\o *Info*    Client has finished evaluating ... 
\o 
\o 
\o *Info*    Run complete for Point ID (24 7) on testbench [ MC ].
\o 
\o 
\o 
\o 
\o 
\o *Info*    Monte Carlo Simulation completed successfully...
\o Simulation design variables differ from those on the cellView,
\o they have been saved in the file "/tmp/saved-design-variables".
\o To save future changes, copy variables to cellView before exiting.
\# Lic Summary:
\# [20:43:25.460257] Cdslmd servers:3000@lic08.ug.kth.se
\# [20:43:25.462211] Feature usage summary:
\# Memory report: on exit            760 MB, process size 2,653 MB at UTC 2025.10.13 20:43:25.463
\# Memory report: peak usage         760 MB, process size 2,653 MB
