\# Program start time:     UTC 2025.10.14 15:41:45.284
\# Local time: UTC (UTC+00:00) 2025.10.14 15:41:45.284
\o Program:		@(#)$CDS: virtuoso version 6.1.8-64b 09/03/2024 19:11 (sjfhw316) $
\o Hierarchy:		/opt/tools/cadence/installs/IC618/tools.lnx86/dfII/
\o Sub version:		sub-version  IC6.1.8-64b.500.36  (64-bit addresses)
\# Command line:	/opt/tools/cadence/installs/IC618/tools.lnx86/dfII/bin/64bit/virtuoso -noautostart -mpssession virtuosoEZBv6X9wxTKyAu_dRvf85K_74483 -mpshost 33371@b35621b5a0f6 -davinciService DaVinciService_74677_1760445194 -log /home/saul/projects/LF_BG/logs_saul/logs2/Job208.log -licenseLockFileName /home/saul/projects/LF_BG/.tmp_saul/.b35621b5a0f6_74677 -interactiveA -interactiveE -interactiveRTT -nostdin -nographE -axlChildIdFlag 208
\# Host name (type):	b35621b5a0f6 (x86_64)
\# Operating system:	Linux 6.10.14-linuxkit #1 SMP PREEMPT_DYNAMIC Tue Apr 15 16:05:22 UTC 2025
\# Linux /etc/issue:	\S
\# Linux /etc/issue:	Kernel \r on an \m
\# X display name (WxH):	:2273 (1024x868)
\# Available geometry:			TL(0:0) BR(1023:867)
\# X server:			The X.Org Foundation
\# Depth of Visual (Root):	24 (24)
\# Number of Planes Used:	24
\# X version:		11.0 (vendor release 12011000)
\# X resource pool:	base 0x400000, mask 0x1fffff (2097151), shift 0
\# 			current id 0x0, current max 0x1ffffa (2097146)
\# Max data seg size:	     unlimited
\# Max process size:	     unlimited
\# Initial sbrk value:	        824 MB
\# Available memory:	     21,791 MB
\# System memory:	     28,093 MB
\# Maximum memory size:	     27,390 MB
\# Max mem available:	     21,912 MB
\# Initial memory used:	        121 MB
\#        process size:	      1,681 MB
\# Thread usage limits (effective/default):	maxthreads 4294967295/4294967295 maxload 16.00/16.00
\# Qt version:		5.9.1
\# Window Manager:	other
\# User Name:		saul
\o Working Directory:	b35621b5a0f6:/home/saul/projects/LF_BG
\# Process Id:		50247
\# Container Id:	EZBv6X9wxTKyAu_dRvf85K
\o 
\o COPYRIGHT (C) 1992-2024  CADENCE DESIGN SYSTEMS INC.  ALL RIGHTS RESERVED.
\o           (C) 1992-2024  UNIX SYSTEMS Laboratories INC.,
\o                          Reproduced with permission.
\o 
\o This Cadence Design Systems program and online documentation are
\o proprietary/confidential information and may be disclosed/used only
\o as authorized in a license agreement controlling such use and disclosure.
\o 
\o           RESTRICTED RIGHTS NOTICE (SHORT FORM)
\o Use/reproduction/disclosure is subject to restriction
\o set forth at FAR 1252.227-19 or its equivalent.
\o Loading geView.cxt 
\o Loading menuBuilder.cxt 
\o Loading schView.cxt 
\o Loading selectSv.cxt 
\o Loading pvsui.cxt
\o Loading wireEdit.cxt 
\o Loading pte2.cxt 
\o Loading xlUI.cxt 
\o Loading auCore.cxt 
\o Loading vhdl.cxt 
\o Loading seismic.cxt 
\o Loading ci.cxt 
\o Loading ams.cxt 
\o Loading oasis.cxt 
\o Loading analog.cxt 
\o Loading asimenv.cxt 
\o Loading dal.cxt 
\o Loading awv.cxt 
\o Loading socket.cxt 
\o Loading par.cxt 
\o Loading alvs.cxt 
\o Loading caa.cxt 
\o Loading amps.cxt 
\o Loading adexlCore.cxt 
\# Memory report: using         234 MB, process size 1,882 MB at UTC 2025.10.14 15:41:51.306
\o Loading adexl.cxt 
\o *Info*    Exporting services from client ... 
\o 
\o Loading adexlDM.cxt 
\o Loading cpf.cxt 
\o Loading cli.cxt 
\o Loading lp.cxt 
\o INFO (ELI-00302) Connecting to parent process (session=virtuosoEZBv6X9wxTKyAu_dRvf85K_74483, host=33371@b35621b5a0f6). Connection mode is ICRP. Total timeout is 180 seconds. Connection timeout is 90 seconds.
\o INFO (ELI-00303) Step 1: Connecting to parent. Time spent is 0 seconds.
\o INFO (ELI-00304) The registration of the child 50247 within 90 seconds is being processed...
\o INFO (ELI-00305) The result of registration is true. Time spent is 0 seconds.
\o INFO (ELI-00308) The connection has ended. Result is true. Total time spent is 0 seconds.
\# [15:41:45.512417] Configured Lic search path (22.01-s002): 3000@lic08.ug.kth.se
\w *WARNING* The directory: '/opt/pdk/lf11/PDK_LF11ISi_V1_3_2/tools/setup/$ASSURAHOME/tools/assura/etc/avtech/avTech' does not exist
\w 	but was defined in libFile '/opt/pdk/lf11/PDK_LF11ISi_V1_3_2/tools/setup/cds.lib' for Lib 'avTech'.
\o 
\o ----------------          LFoundry            ----------------
\o ----------------    Initializing LF11IS PDK    ----------------
\o ----------------        Version 1.3.2         ----------------
\o ----------------        Option 6metal         ----------------
\o *LF-INFO* Loading lf11is:/opt/pdk/lf11/PDK_LF11ISi_V1_3_2/analog/callbacks/lf11is_cdfCbks.il   done
\o *LF-INFO* lf11is libInit.il loaded successfully. 
\w *WARNING* Cannot find /opt/tools/cadence/installs/IC618/tools.lnx86/dfII/etc/tools/wavescan directory to load environment variables
\w *WARNING* envSetVal: could not find tool[.partition] 'wavescan.trace'
\w *WARNING* Cannot find /opt/tools/cadence/installs/IC618/tools.lnx86/dfII/etc/tools/wavescan directory to load environment variables
\w *WARNING* envSetVal: could not find tool[.partition] 'wavescan.trace'
\o *LF-INFO* .cdsinit: Loading project .cdsenv file       skipped
\o *LF-INFO* .cdsinit: Setting Spectre models                done
\o *LF-INFO* .cdsinit: Setting UltraSim models               done
\o *LF-INFO* .cdsinit: Setting AMS analog models             done
\o *LF-INFO* .cdsinit: Setting AMS netlist mode to OSS       done
\o *LF-INFO* .cdsinit: Setting HSpice models                 done
\o *LF-INFO* .cdsinit: Setting CDL out keys                  done
\o *LF-INFO* .cdsinit: Loading Ciranova abut function        done
\o *LF-INFO* .cdsinit: WiCkeD setup                       skipped
\o *LF-INFO* .cdsinit: Golden Gate setup                  skipped
\o *LF-INFO* .cdsinit: Loading default bindkeys              done
\o *LF-INFO* .cdsinit: PDF reader "evince" found: /bin/evince.
\o *LF-INFO* .cdsinit: Creating LF11IS PDK menus              done
\o *LF-INFO* .cdsinit: Loading LF11IS display.drf             done
\o *LF-INFO* .cdsinit: Setting PVS setup trigger      done
\o *LF-INFO* .cdsinit: Loading the user .cdsinit          skipped
\o *LF-INFO* .cdsinit: Loading ISO Ring utility              done
\o *LF-INFO* .cdsinit: Loading Layout Utilities              done
\o *LF-INFO* .cdsinit: Opening library manager 				  done
\o *Info*    Client has finished starting ... 
\o 
\o Loading vdsil.cxt 
\p > 
\w *WARNING* could not load font "-*-courier-medium-r-*-*-12-*", using font "fixed"
\# Loading perfDiag...
\# (PerfDiag): Set GDB path to environment variable 'gdbPath' (gdb).
\w *WARNING* (PerfDiag): The GDB command 'gdb' is not found or is invalid.
\w *WARNING* (PerfDiag): The GDB-related functionality has been disabled. Use the 'gdbPath' environment variable to set a valid GDB path or set one of the SHELL environment variables CDS_DEBUGGER, DEBUGGER, or GDB, and restart Virtuoso.
\# Performance Diagnostic tool is installed. You can access PerfDiag from CIW Tools or use the shell command 'cdsPerfDiag -p 50247' to open it when Virtuoso freezes.
\# (PerfDiag): Use backtrace from GLIBC.
\# Available memory:         19,717 MB at UTC 2025.10.14 15:41:56.204
\# Memory report: Maximum memory size now 19,996 MB at UTC 2025.10.14 15:41:56.204
\# Thread usage report: 22 active threads, active load 1.40 at UTC 2025.10.14 15:41:56.204
\w *WARNING* _perfPstackCheck: Cannot find pstack/gstack. Please setup PATH environment variable to pstack/gstack executable.
\o Loading vqp.cxt 
\o Loading hdlPkg.cxt 
\o 
\o 
\o *Info*    Configuring the session ...
\o 
\o Loading simui.cxt 
\o 	Library      = BANDGAP
\o 	Cell         = BG_0_6_V3
\o 	View         = schematic
\o 	Simulator    = spectre
\o 	State Path   = $AXL_SETUPDB_DIR/test_states
\o 	State Name   = MC_BANDGAP:BG_0_8_V2:1:1_state_MonteCarlo.13
\o 	Results DB   = /home/saul/projects/LF_BG/BANDGAP/BG_0_6_V3/adexl/results/data/MonteCarlo.13.rdb
\o 	Results Dir  = /home/saul/simulation/BANDGAP/BG_0_6_V3/adexl/results/data/MonteCarlo.13/1/MC
\o 	Results Loc  = /home/saul/simulation/BANDGAP/BG_0_6_V3/adexl/results/data
\o 	Project Dir  = /home/saul/simulation
\o 	Setup DB loc = /home/saul/projects/LF_BG/BANDGAP/BG_0_6_V3/adexl
\o 	File Encoding = 0
\o 
\o 
\o Loading viva.cxt 
\w *WARNING* The directory: '/opt/pdk/lf11/PDK_LF11ISi_V1_3_2/tools/setup/$ASSURAHOME/tools/assura/etc/avtech/avTech' does not exist
\w 	but was defined in libFile '/opt/pdk/lf11/PDK_LF11ISi_V1_3_2/tools/setup/cds.lib' for Lib 'avTech'.
\o Loading spectrei.cxt 
\# Memory report: using         350 MB, process size 2,043 MB at UTC 2025.10.14 15:41:58.174
\o Loading devCheck.cxt 
\o Loading relXpert.cxt 
\o WARNING (ADE-7017): The Spectre run mode needs to be 'batch' when EM/IR analysis is enabled. Automatically setting the run mode to 'batch'.
\o Loading hspiceD.cxt 
\o Loading spectreinl.cxt 
\o Loading msgHandler.cxt 
\o Loading UltraSim.cxt 
\o Loading AMSOSS.cxt 
\o Loading AMS.cxt 
\o 
\o *Info*    The auto suspension is disabled.
\o 
\o Loading monte.cxt 
\o 
\o 
\o 
\o 
\o 
\o *Info*    Run start for Point ID (16 82) on testbench [ MC ].
\o 
\o Resetting statistical vars
\o 
\o *Info*    Setting parameter values ...
\o 
\o Setting var temperature = "27"
\o Setting temp(T) = 27
\o 
\o *Info*    Netlist Directory =
\o           /home/saul/simulation/BANDGAP/BG_0_6_V3/adexl/results/data/MonteCarlo.13/82/MC/groupRunDataDir/netlist
\o 
\o 
\o *Info*    Data Directory    =
\o           /home/saul/simulation/BANDGAP/BG_0_6_V3/adexl/results/data/MonteCarlo.13/82/MC/groupRunDataDir
\o 
\o 
\o *Info*    Creating Netlist for Point ID (16 82)
\o 
\w *WARNING* (DB-220704): The Pcell super master 'lf11is/rnpolyh/schematic' is not a SKILL super master.
\w                        The usage of non-SKILL Pcells in Virtuoso is not a supported feature.
\w *WARNING* (DB-220704): The Pcell super master 'lf11is/rnpolyh/schematic' is not a SKILL super master.
\w                        The usage of non-SKILL Pcells in Virtuoso is not a supported feature.
\w *WARNING* (DB-220704): The Pcell super master 'lf11is/rnpolyh/schematic' is not a SKILL super master.
\w                        The usage of non-SKILL Pcells in Virtuoso is not a supported feature.
\w *WARNING* (DB-220704): The Pcell super master 'lf11is/rnpolyh/schematic' is not a SKILL super master.
\w                        The usage of non-SKILL Pcells in Virtuoso is not a supported feature.
\w *WARNING* (DB-220704): The Pcell super master 'lf11is/rnpolyh/schematic' is not a SKILL super master.
\w                        The usage of non-SKILL Pcells in Virtuoso is not a supported feature.
\w *WARNING* (CMGR-6145): Cannot refresh 'ci:0x0' because it is not a valid constraint cache. Rerun the 'ciRefreshCellView' SKILL function with a valid constraint cache.
\o generate netlist...
\o Loading hnlInit.cxt 
\o Loading seCore.cxt 
\# [15:42:02.238472] Periodic Lic check successful
\# [15:42:02.238473] Feature usage summary:
\o Begin Incremental Netlisting Oct 14 15:42:02 2025
\o Loading json.cxt 
\o End netlisting Oct 14 15:42:03 2025
\o 
\o Netlisting Statistics:
\o 	Number of components:  221
\o 
\o 	Elapsed time:          1.0s (221.00/s)
\o Errors: 0	Warnings: 0
\o       ...successful.
\o compose simulator input file...
\o       ...successful.
\o 
\o *Info*    Running simulation on testbench [ MC ] for Point ID (16 82).
\o 
\o *Info*    Spectre controlMode is set "batch" due to monte carlo run.
\o 
\o Delete psf data in /home/saul/simulation/BANDGAP/BG_0_6_V3/adexl/results/data/MonteCarlo.13/82/MC/groupRunDataDir/psf.
\o generate netlist...
\o Begin Incremental Netlisting Oct 14 15:42:05 2025
\o End netlisting Oct 14 15:42:05 2025
\o 
\o 	The netlist is up to date.
\o 	Time taken to compare the design with netlist:   0.0s
\o       ...successful.
\o compose simulator input file...
\# Memory report: Maximum memory size now 19,412 MB at UTC 2025.10.14 15:42:06.081
\o       ...successful.
\o start simulator if needed...
\o       ...successful.
\o simulate...
\o To view the simulator output, right-click on the test name, result 
\o name, or any value in the "Results" tab of the Outputs section and 
\o choose "Output Log" menu option.
\o Loading paraplot.cxt 
\# Available memory:         17,858 MB at UTC 2025.10.14 15:42:16.243
\# Memory report: Maximum memory size now 18,307 MB at UTC 2025.10.14 15:42:16.244
\# Memory report: using         460 MB, process size 2,353 MB at UTC 2025.10.14 15:42:24.025
\o *Info*    Client has finished evaluating ... 
\o 
\o 
\o *Info*    Run complete for Point ID (16 82) on testbench [ MC ].
\o 
\o 
\o 
\o 
\o 
\o *Info*    Client has finished evaluating ... 
\o 
\o 
\o *Info*    Run complete for Point ID (16 83) on testbench [ MC ].
\o 
\o 
\o 
\o 
\o 
\o INFO (ADE-3071): Simulation completed successfully.
\o reading simulation data...
\o       ...successful.
\o *Info*    Client has finished evaluating ... 
\o 
\o 
\o *Info*    Run complete for Point ID (16 84) on testbench [ MC ].
\o 
\o 
\o 
\o 
\o 
\o *Info*    Client has finished evaluating ... 
\o 
\o 
\o *Info*    Run complete for Point ID (16 85) on testbench [ MC ].
\o 
\o 
\o 
\o 
\o 
\o *Info*    Client has finished evaluating ... 
\o 
\o 
\o *Info*    Run complete for Point ID (16 86) on testbench [ MC ].
\o 
\o 
\o 
\o 
\o 
\o *Info*    Client has finished evaluating ... 
\o 
\o 
\o *Info*    Run complete for Point ID (16 87) on testbench [ MC ].
\o 
\o 
\o 
\o 
\o 
\o *Info*    Client has finished evaluating ... 
\o 
\o 
\o *Info*    Run complete for Point ID (16 88) on testbench [ MC ].
\o 
\o 
\o 
\o 
\o 
\o *Info*    Client has finished evaluating ... 
\o 
\o 
\o *Info*    Run complete for Point ID (16 89) on testbench [ MC ].
\o 
\o 
\o 
\o 
\o 
\o *Info*    Client has finished evaluating ... 
\o 
\o 
\o *Info*    Run complete for Point ID (16 90) on testbench [ MC ].
\o 
\o 
\o 
\o 
\o 
\o *Info*    Monte Carlo Simulation completed successfully...
\# Memory report: Maximum memory size now 18,683 MB at UTC 2025.10.14 15:43:06.243
\o Simulation design variables differ from those on the cellView,
\o they have been saved in the file "/tmp/saved-design-variables".
\o To save future changes, copy variables to cellView before exiting.
\o 
\o 
\o *Info*    Configuring the session ...
\o 
\o 	Library      = BANDGAP
\o 	Cell         = BG_0_6_V3
\o 	View         = schematic
\o 	Simulator    = spectre
\o 	State Path   = $AXL_SETUPDB_DIR/test_states
\o 	State Name   = MC_BANDGAP:BG_0_8_V2:1:1_state_MonteCarlo.14
\o 	Results DB   = /home/saul/projects/LF_BG/BANDGAP/BG_0_6_V3/adexl/results/data/MonteCarlo.14.rdb
\o 	Results Dir  = /home/saul/simulation/BANDGAP/BG_0_6_V3/adexl/results/data/MonteCarlo.14/1/MC
\o 	Results Loc  = /home/saul/simulation/BANDGAP/BG_0_6_V3/adexl/results/data
\o 	Project Dir  = /home/saul/simulation
\o 	Setup DB loc = /home/saul/projects/LF_BG/BANDGAP/BG_0_6_V3/adexl
\o 	File Encoding = 0
\o 
\o 
\o 
\o *Info*    The auto suspension is disabled.
\o 
\o 
\o 
\o 
\o 
\o 
\o *Info*    Run start for Point ID (17 10) on testbench [ MC ].
\o 
\o Resetting statistical vars
\o 
\o *Info*    Setting parameter values ...
\o 
\o Setting var temperature = "27"
\o Setting temp(T) = 27
\o 
\o *Info*    Netlist Directory =
\o           /home/saul/simulation/BANDGAP/BG_0_6_V3/adexl/results/data/MonteCarlo.14/10/MC/groupRunDataDir/netlist
\o 
\o 
\o *Info*    Data Directory    =
\o           /home/saul/simulation/BANDGAP/BG_0_6_V3/adexl/results/data/MonteCarlo.14/10/MC/groupRunDataDir
\o 
\o 
\o *Info*    Creating Netlist for Point ID (17 10)
\o 
\o generate netlist...
\o Begin Incremental Netlisting Oct 14 15:44:17 2025
\o End netlisting Oct 14 15:44:17 2025
\o 
\o Netlisting Statistics:
\o 	Number of components:   35
\o 
\o 	Elapsed time:          1.0s (35.00/s)
\o Errors: 0	Warnings: 0
\o       ...successful.
\o compose simulator input file...
\o       ...successful.
\o 
\o *Info*    Running simulation on testbench [ MC ] for Point ID (17 10).
\o 
\o *Info*    Spectre controlMode is set "batch" due to monte carlo run.
\o 
\o Delete psf data in /home/saul/simulation/BANDGAP/BG_0_6_V3/adexl/results/data/MonteCarlo.14/10/MC/groupRunDataDir/psf.
\o generate netlist...
\o Begin Incremental Netlisting Oct 14 15:44:19 2025
\o End netlisting Oct 14 15:44:19 2025
\o 
\o 	The netlist is up to date.
\o 	Time taken to compare the design with netlist:   0.0s
\o       ...successful.
\o compose simulator input file...
\o       ...successful.
\o start simulator if needed...
\o       ...successful.
\o simulate...
\o To view the simulator output, right-click on the test name, result 
\o name, or any value in the "Results" tab of the Outputs section and 
\o choose "Output Log" menu option.
\o *Info*    Client has finished evaluating ... 
\o 
\o 
\o *Info*    Run complete for Point ID (17 10) on testbench [ MC ].
\o 
\o 
\o 
\o 
\o 
\o *Info*    Client has finished evaluating ... 
\o 
\o 
\o *Info*    Run complete for Point ID (17 11) on testbench [ MC ].
\o 
\o 
\o 
\o 
\o 
\o INFO (ADE-3071): Simulation completed successfully.
\o reading simulation data...
\o       ...successful.
\o *Info*    Client has finished evaluating ... 
\o 
\o 
\o *Info*    Run complete for Point ID (17 12) on testbench [ MC ].
\o 
\o 
\o 
\o 
\o 
\o *Info*    Client has finished evaluating ... 
\o 
\o 
\o *Info*    Run complete for Point ID (17 13) on testbench [ MC ].
\o 
\o 
\o 
\o 
\o 
\o *Info*    Client has finished evaluating ... 
\o 
\o 
\o *Info*    Run complete for Point ID (17 14) on testbench [ MC ].
\o 
\o 
\o 
\o 
\o 
\o *Info*    Client has finished evaluating ... 
\o 
\o 
\o *Info*    Run complete for Point ID (17 15) on testbench [ MC ].
\o 
\o 
\o 
\o 
\o 
\o *Info*    Client has finished evaluating ... 
\o 
\o 
\o *Info*    Run complete for Point ID (17 16) on testbench [ MC ].
\o 
\o 
\o 
\o 
\o 
\o *Info*    Client has finished evaluating ... 
\o 
\o 
\o *Info*    Run complete for Point ID (17 17) on testbench [ MC ].
\o 
\o 
\o 
\o 
\o 
\o *Info*    Client has finished evaluating ... 
\o 
\o 
\o *Info*    Run complete for Point ID (17 18) on testbench [ MC ].
\o 
\o 
\o 
\o 
\o 
\o *Info*    Monte Carlo Simulation completed successfully...
\o Simulation design variables differ from those on the cellView,
\o they have been saved in the file "/tmp/saved-design-variables".
\o To save future changes, copy variables to cellView before exiting.
\o 
\o 
\o *Info*    Configuring the session ...
\o 
\o 	Library      = BANDGAP
\o 	Cell         = BG_0_6_V3
\o 	View         = schematic
\o 	Simulator    = spectre
\o 	State Path   = $AXL_SETUPDB_DIR/test_states
\o 	State Name   = MC_BANDGAP:BG_0_8_V2:1:1_state_MonteCarlo.15
\o 	Results DB   = /home/saul/projects/LF_BG/BANDGAP/BG_0_6_V3/adexl/results/data/MonteCarlo.15.rdb
\o 	Results Dir  = /home/saul/simulation/BANDGAP/BG_0_6_V3/adexl/results/data/MonteCarlo.15/1/MC
\o 	Results Loc  = /home/saul/simulation/BANDGAP/BG_0_6_V3/adexl/results/data
\o 	Project Dir  = /home/saul/simulation
\o 	Setup DB loc = /home/saul/projects/LF_BG/BANDGAP/BG_0_6_V3/adexl
\o 	File Encoding = 0
\o 
\o 
\o 
\o *Info*    The auto suspension is disabled.
\o 
\o 
\o 
\o 
\o 
\o 
\o *Info*    Run start for Point ID (18 10) on testbench [ MC ].
\o 
\o Resetting statistical vars
\o 
\o *Info*    Setting parameter values ...
\o 
\o Setting var temperature = "27"
\o Setting temp(T) = 27
\o 
\o *Info*    Netlist Directory =
\o           /home/saul/simulation/BANDGAP/BG_0_6_V3/adexl/results/data/MonteCarlo.15/10/MC/groupRunDataDir/netlist
\o 
\o 
\o *Info*    Data Directory    =
\o           /home/saul/simulation/BANDGAP/BG_0_6_V3/adexl/results/data/MonteCarlo.15/10/MC/groupRunDataDir
\o 
\o 
\o *Info*    Creating Netlist for Point ID (18 10)
\o 
\o generate netlist...
\o Begin Incremental Netlisting Oct 14 15:45:50 2025
\o End netlisting Oct 14 15:45:51 2025
\o 
\o Netlisting Statistics:
\o 	Number of components:   35
\o 
\o 	Elapsed time:          1.0s (35.00/s)
\o Errors: 0	Warnings: 0
\o       ...successful.
\o compose simulator input file...
\o       ...successful.
\o 
\o *Info*    Running simulation on testbench [ MC ] for Point ID (18 10).
\o 
\o *Info*    Spectre controlMode is set "batch" due to monte carlo run.
\o 
\o Delete psf data in /home/saul/simulation/BANDGAP/BG_0_6_V3/adexl/results/data/MonteCarlo.15/10/MC/groupRunDataDir/psf.
\o generate netlist...
\o Begin Incremental Netlisting Oct 14 15:45:52 2025
\o End netlisting Oct 14 15:45:53 2025
\o 
\o 	The netlist is up to date.
\o 	Time taken to compare the design with netlist:   1.0s
\o       ...successful.
\o compose simulator input file...
\o       ...successful.
\o start simulator if needed...
\o       ...successful.
\o simulate...
\o To view the simulator output, right-click on the test name, result 
\o name, or any value in the "Results" tab of the Outputs section and 
\o choose "Output Log" menu option.
\# Memory report: Maximum memory size now 18,225 MB at UTC 2025.10.14 15:46:08.412
\o *Info*    Client has finished evaluating ... 
\o 
\o 
\o *Info*    Run complete for Point ID (18 10) on testbench [ MC ].
\o 
\o 
\o 
\o 
\o 
\o *Info*    Client has finished evaluating ... 
\o 
\o 
\o *Info*    Run complete for Point ID (18 11) on testbench [ MC ].
\o 
\o 
\o 
\o 
\o 
\o INFO (ADE-3071): Simulation completed successfully.
\o reading simulation data...
\o       ...successful.
\o *Info*    Client has finished evaluating ... 
\o 
\o 
\o *Info*    Run complete for Point ID (18 12) on testbench [ MC ].
\o 
\o 
\o 
\o 
\o 
\o *Info*    Client has finished evaluating ... 
\o 
\o 
\o *Info*    Run complete for Point ID (18 13) on testbench [ MC ].
\o 
\o 
\o 
\o 
\o 
\o *Info*    Client has finished evaluating ... 
\o 
\o 
\o *Info*    Run complete for Point ID (18 14) on testbench [ MC ].
\o 
\o 
\o 
\o 
\o 
\o *Info*    Client has finished evaluating ... 
\o 
\o 
\o *Info*    Run complete for Point ID (18 15) on testbench [ MC ].
\o 
\o 
\o 
\o 
\o 
\o *Info*    Client has finished evaluating ... 
\o 
\o 
\o *Info*    Run complete for Point ID (18 16) on testbench [ MC ].
\o 
\o 
\o 
\o 
\o 
\o *Info*    Client has finished evaluating ... 
\o 
\o 
\o *Info*    Run complete for Point ID (18 17) on testbench [ MC ].
\o 
\o 
\o 
\o 
\o 
\o *Info*    Client has finished evaluating ... 
\o 
\o 
\o *Info*    Run complete for Point ID (18 18) on testbench [ MC ].
\o 
\o 
\o 
\o 
\o 
\o *Info*    Monte Carlo Simulation completed successfully...
\o Simulation design variables differ from those on the cellView,
\o they have been saved in the file "/tmp/saved-design-variables".
\o To save future changes, copy variables to cellView before exiting.
\o 
\o 
\o *Info*    Configuring the session ...
\o 
\o 	Library      = BANDGAP
\o 	Cell         = BG_0_6_V3
\o 	View         = schematic
\o 	Simulator    = spectre
\o 	State Path   = $AXL_SETUPDB_DIR/test_states
\o 	State Name   = MC_BANDGAP:BG_0_8_V2:1:1_state_MonteCarlo.16
\o 	Results DB   = /home/saul/projects/LF_BG/BANDGAP/BG_0_6_V3/adexl/results/data/MonteCarlo.16.rdb
\o 	Results Dir  = /home/saul/simulation/BANDGAP/BG_0_6_V3/adexl/results/data/MonteCarlo.16/1/MC
\o 	Results Loc  = /home/saul/simulation/BANDGAP/BG_0_6_V3/adexl/results/data
\o 	Project Dir  = /home/saul/simulation
\o 	Setup DB loc = /home/saul/projects/LF_BG/BANDGAP/BG_0_6_V3/adexl
\o 	File Encoding = 0
\o 
\o 
\o 
\o *Info*    The auto suspension is disabled.
\o 
\o 
\o 
\o 
\o 
\o 
\o *Info*    Run start for Point ID (19 10) on testbench [ MC ].
\o 
\o Resetting statistical vars
\o 
\o *Info*    Setting parameter values ...
\o 
\o Setting var temperature = "27"
\o Setting temp(T) = 27
\o 
\o *Info*    Netlist Directory =
\o           /home/saul/simulation/BANDGAP/BG_0_6_V3/adexl/results/data/MonteCarlo.16/10/MC/groupRunDataDir/netlist
\o 
\o 
\o *Info*    Data Directory    =
\o           /home/saul/simulation/BANDGAP/BG_0_6_V3/adexl/results/data/MonteCarlo.16/10/MC/groupRunDataDir
\o 
\o 
\o *Info*    Creating Netlist for Point ID (19 10)
\o 
\o generate netlist...
\o Begin Incremental Netlisting Oct 14 15:47:43 2025
\o End netlisting Oct 14 15:47:43 2025
\o 
\o Netlisting Statistics:
\o 	Number of components:   35
\o 
\o 	Elapsed time:          1.0s (35.00/s)
\o Errors: 0	Warnings: 0
\o       ...successful.
\o compose simulator input file...
\o       ...successful.
\o 
\o *Info*    Running simulation on testbench [ MC ] for Point ID (19 10).
\o 
\o *Info*    Spectre controlMode is set "batch" due to monte carlo run.
\o 
\o Delete psf data in /home/saul/simulation/BANDGAP/BG_0_6_V3/adexl/results/data/MonteCarlo.16/10/MC/groupRunDataDir/psf.
\o generate netlist...
\o Begin Incremental Netlisting Oct 14 15:47:45 2025
\o End netlisting Oct 14 15:47:45 2025
\o 
\o 	The netlist is up to date.
\o 	Time taken to compare the design with netlist:   0.0s
\o       ...successful.
\o compose simulator input file...
\o       ...successful.
\o start simulator if needed...
\o       ...successful.
\o simulate...
\o To view the simulator output, right-click on the test name, result 
\o name, or any value in the "Results" tab of the Outputs section and 
\o choose "Output Log" menu option.
\o *Info*    Client has finished evaluating ... 
\o 
\o 
\o *Info*    Run complete for Point ID (19 10) on testbench [ MC ].
\o 
\o 
\o 
\o 
\o 
\o *Info*    Client has finished evaluating ... 
\o 
\o 
\o *Info*    Run complete for Point ID (19 11) on testbench [ MC ].
\o 
\o 
\o 
\o 
\o 
\o INFO (ADE-3071): Simulation completed successfully.
\o reading simulation data...
\o       ...successful.
\o *Info*    Client has finished evaluating ... 
\o 
\o 
\o *Info*    Run complete for Point ID (19 12) on testbench [ MC ].
\o 
\o 
\o 
\o 
\o 
\o *Info*    Client has finished evaluating ... 
\o 
\o 
\o *Info*    Run complete for Point ID (19 13) on testbench [ MC ].
\o 
\o 
\o 
\o 
\o 
\o *Info*    Client has finished evaluating ... 
\o 
\o 
\o *Info*    Run complete for Point ID (19 14) on testbench [ MC ].
\o 
\o 
\o 
\o 
\o 
\o *Info*    Client has finished evaluating ... 
\o 
\o 
\o *Info*    Run complete for Point ID (19 15) on testbench [ MC ].
\o 
\o 
\o 
\o 
\o 
\o *Info*    Client has finished evaluating ... 
\o 
\o 
\o *Info*    Run complete for Point ID (19 16) on testbench [ MC ].
\o 
\o 
\o 
\o 
\o 
\# Memory report: using         563 MB, process size 2,455 MB at UTC 2025.10.14 15:48:12.226
\o *Info*    Client has finished evaluating ... 
\o 
\o 
\o *Info*    Run complete for Point ID (19 17) on testbench [ MC ].
\o 
\o 
\o 
\o 
\o 
\o *Info*    Client has finished evaluating ... 
\o 
\o 
\o *Info*    Run complete for Point ID (19 18) on testbench [ MC ].
\o 
\o 
\o 
\o 
\o 
\o *Info*    Monte Carlo Simulation completed successfully...
\o Simulation design variables differ from those on the cellView,
\o they have been saved in the file "/tmp/saved-design-variables".
\o To save future changes, copy variables to cellView before exiting.
\o 
\o 
\o *Info*    Configuring the session ...
\o 
\o 	Library      = BANDGAP
\o 	Cell         = BG_0_6_V3
\o 	View         = schematic
\o 	Simulator    = spectre
\o 	State Path   = $AXL_SETUPDB_DIR/test_states
\o 	State Name   = MC_BANDGAP:BG_0_8_V2:1:1_state_MonteCarlo.17
\o 	Results DB   = /home/saul/projects/LF_BG/BANDGAP/BG_0_6_V3/adexl/results/data/MonteCarlo.17.rdb
\o 	Results Dir  = /home/saul/simulation/BANDGAP/BG_0_6_V3/adexl/results/data/MonteCarlo.17/1/MC
\o 	Results Loc  = /home/saul/simulation/BANDGAP/BG_0_6_V3/adexl/results/data
\o 	Project Dir  = /home/saul/simulation
\o 	Setup DB loc = /home/saul/projects/LF_BG/BANDGAP/BG_0_6_V3/adexl
\o 	File Encoding = 0
\o 
\o 
\o 
\o *Info*    The auto suspension is disabled.
\o 
\o 
\o 
\o 
\o 
\o 
\o *Info*    Run start for Point ID (20 10) on testbench [ MC ].
\o 
\o Resetting statistical vars
\o 
\o *Info*    Setting parameter values ...
\o 
\o Setting var temperature = "27"
\o Setting temp(T) = 27
\o 
\o *Info*    Netlist Directory =
\o           /home/saul/simulation/BANDGAP/BG_0_6_V3/adexl/results/data/MonteCarlo.17/10/MC/groupRunDataDir/netlist
\o 
\o 
\o *Info*    Data Directory    =
\o           /home/saul/simulation/BANDGAP/BG_0_6_V3/adexl/results/data/MonteCarlo.17/10/MC/groupRunDataDir
\o 
\o 
\o *Info*    Creating Netlist for Point ID (20 10)
\o 
\o generate netlist...
\o Begin Incremental Netlisting Oct 14 15:49:05 2025
\o End netlisting Oct 14 15:49:06 2025
\o 
\o Netlisting Statistics:
\o 	Number of components:   35
\o 
\o 	Elapsed time:          1.0s (35.00/s)
\o Errors: 0	Warnings: 0
\o       ...successful.
\o compose simulator input file...
\o       ...successful.
\o 
\o *Info*    Running simulation on testbench [ MC ] for Point ID (20 10).
\o 
\o *Info*    Spectre controlMode is set "batch" due to monte carlo run.
\o 
\o Delete psf data in /home/saul/simulation/BANDGAP/BG_0_6_V3/adexl/results/data/MonteCarlo.17/10/MC/groupRunDataDir/psf.
\o generate netlist...
\o Begin Incremental Netlisting Oct 14 15:49:08 2025
\o End netlisting Oct 14 15:49:08 2025
\o 
\o 	The netlist is up to date.
\o 	Time taken to compare the design with netlist:   0.0s
\o       ...successful.
\o compose simulator input file...
\o       ...successful.
\o start simulator if needed...
\o       ...successful.
\o simulate...
\o To view the simulator output, right-click on the test name, result 
\o name, or any value in the "Results" tab of the Outputs section and 
\o choose "Output Log" menu option.
\# Memory report: Maximum memory size now 17,204 MB at UTC 2025.10.14 15:49:20.754
\o *Info*    Client has finished evaluating ... 
\o 
\o 
\o *Info*    Run complete for Point ID (20 10) on testbench [ MC ].
\o 
\o 
\o 
\o 
\o 
\o *Info*    Client has finished evaluating ... 
\o 
\o 
\o *Info*    Run complete for Point ID (20 11) on testbench [ MC ].
\o 
\o 
\o 
\o 
\o 
\o *Info*    Client has finished evaluating ... 
\o 
\o 
\o *Info*    Run complete for Point ID (20 12) on testbench [ MC ].
\o 
\o 
\o 
\o 
\o 
\o INFO (ADE-3071): Simulation completed successfully.
\o reading simulation data...
\o       ...successful.
\o *Info*    Client has finished evaluating ... 
\o 
\o 
\o *Info*    Run complete for Point ID (20 13) on testbench [ MC ].
\o 
\o 
\o 
\o 
\o 
\# Memory report: Maximum memory size now 17,962 MB at UTC 2025.10.14 15:49:30.073
\o *Info*    Client has finished evaluating ... 
\o 
\o 
\o *Info*    Run complete for Point ID (20 14) on testbench [ MC ].
\o 
\o 
\o 
\o 
\o 
\o *Info*    Client has finished evaluating ... 
\o 
\o 
\o *Info*    Run complete for Point ID (20 15) on testbench [ MC ].
\o 
\o 
\o 
\o 
\o 
\o *Info*    Client has finished evaluating ... 
\o 
\o 
\o *Info*    Run complete for Point ID (20 16) on testbench [ MC ].
\o 
\o 
\o 
\o 
\o 
\o *Info*    Client has finished evaluating ... 
\o 
\o 
\o *Info*    Run complete for Point ID (20 17) on testbench [ MC ].
\o 
\o 
\o 
\o 
\o 
\o *Info*    Client has finished evaluating ... 
\o 
\o 
\o *Info*    Run complete for Point ID (20 18) on testbench [ MC ].
\o 
\o 
\o 
\o 
\o 
\o *Info*    Monte Carlo Simulation completed successfully...
\o Simulation design variables differ from those on the cellView,
\o they have been saved in the file "/tmp/saved-design-variables".
\o To save future changes, copy variables to cellView before exiting.
\o 
\o 
\o *Info*    Configuring the session ...
\o 
\o 	Library      = BANDGAP
\o 	Cell         = BG_0_6_V3
\o 	View         = schematic
\o 	Simulator    = spectre
\o 	State Path   = $AXL_SETUPDB_DIR/test_states
\o 	State Name   = COR_spectre_state1_MonteCarlo.18
\o 	Results DB   = /home/saul/projects/LF_BG/BANDGAP/BG_0_6_V3/adexl/results/data/MonteCarlo.18.rdb
\o 	Results Dir  = /home/saul/simulation/BANDGAP/BG_0_6_V3/adexl/results/data/MonteCarlo.18/1/COR
\o 	Results Loc  = /home/saul/simulation/BANDGAP/BG_0_6_V3/adexl/results/data
\o 	Project Dir  = /home/saul/simulation
\o 	Setup DB loc = /home/saul/projects/LF_BG/BANDGAP/BG_0_6_V3/adexl
\o 	File Encoding = 0
\o 
\o 
\o 
\o *Info*    The auto suspension is disabled.
\o 
\o 
\o 
\o 
\o 
\o 
\o *Info*    Run start for Point ID (21 10) on testbench [ COR ].
\o 
\o Resetting statistical vars
\o 
\o *Info*    Setting parameter values ...
\o 
\o Setting var temperature = "27"
\o Setting temp(T) = 27
\o 
\o *Info*    Netlist Directory =
\o           /home/saul/simulation/BANDGAP/BG_0_6_V3/adexl/results/data/MonteCarlo.18/10/COR/groupRunDataDir/netlist
\o 
\o 
\o *Info*    Data Directory    =
\o           /home/saul/simulation/BANDGAP/BG_0_6_V3/adexl/results/data/MonteCarlo.18/10/COR/groupRunDataDir
\o 
\o 
\o *Info*    Creating Netlist for Point ID (21 10)
\o 
\o generate netlist...
\o Begin Incremental Netlisting Oct 14 15:53:35 2025
\o End netlisting Oct 14 15:53:35 2025
\o 
\o Netlisting Statistics:
\o 	Number of components:   35
\o 
\o 	Elapsed time:          1.0s (35.00/s)
\o Errors: 0	Warnings: 0
\o       ...successful.
\o compose simulator input file...
\o       ...successful.
\o 
\o *Info*    Running simulation on testbench [ COR ] for Point ID (21
\o           10).
\o 
\o *Info*    Spectre controlMode is set "batch" due to monte carlo run.
\o 
\o Delete psf data in /home/saul/simulation/BANDGAP/BG_0_6_V3/adexl/results/data/MonteCarlo.18/10/COR/groupRunDataDir/psf.
\o generate netlist...
\o Begin Incremental Netlisting Oct 14 15:53:37 2025
\o End netlisting Oct 14 15:53:37 2025
\o 
\o 	The netlist is up to date.
\o 	Time taken to compare the design with netlist:   0.0s
\o       ...successful.
\o compose simulator input file...
\o       ...successful.
\o start simulator if needed...
\o       ...successful.
\o simulate...
\o To view the simulator output, right-click on the test name, result 
\o name, or any value in the "Results" tab of the Outputs section and 
\o choose "Output Log" menu option.
\o *Info*    Current simulation for points ((21 10) (21 11) (21 12) (21
\o           13) (21 14) (21 15) (21 16) (21 17) (21 18)).
\o *Info*    (ADE-3072): Simulation stopped because you selected the
\o           'Stop Simulation' command in ADE.
\o 
\o *Info*    Monte Carlo Simulation unsuccessful...
\o *Info*    See simulation output log for more information.
\o ERROR (ADE-3036): Errors encountered during simulation. The simulator run log has not been generated.
\o         Possible cause could be an invalid command line option for the version of the simulator
\o         you are running. Choose Setup->Environment and verify that the command line options
\o         specified in the userCmdLineOption field are supported for the simulator.
\o         Alternatively, run the simulator standalone using the runSimulation file in the netlist
\o         directory to know the exact cause of the error.
\o Simulation design variables differ from those on the cellView,
\o they have been saved in the file "/tmp/saved-design-variables".
\o To save future changes, copy variables to cellView before exiting.
\o 
\o 
\o *Info*    Configuring the session ...
\o 
\o 	Library      = BANDGAP
\o 	Cell         = BG_0_6_V3
\o 	View         = schematic
\o 	Simulator    = spectre
\o 	State Path   = $AXL_SETUPDB_DIR/test_states
\o 	State Name   = MC_BANDGAP:BG_0_8_V2:1:1_state_MonteCarlo.19
\o 	Results DB   = /home/saul/projects/LF_BG/BANDGAP/BG_0_6_V3/adexl/results/data/MonteCarlo.19.rdb
\o 	Results Dir  = /home/saul/simulation/BANDGAP/BG_0_6_V3/adexl/results/data/MonteCarlo.19/1/MC
\o 	Results Loc  = /home/saul/simulation/BANDGAP/BG_0_6_V3/adexl/results/data
\o 	Project Dir  = /home/saul/simulation
\o 	Setup DB loc = /home/saul/projects/LF_BG/BANDGAP/BG_0_6_V3/adexl
\o 	File Encoding = 0
\o 
\o 
\o 
\o *Info*    The auto suspension is disabled.
\o 
\o 
\o 
\o 
\o 
\o 
\o *Info*    Run start for Point ID (28 10) on testbench [ MC ].
\o 
\o Resetting statistical vars
\o 
\o *Info*    Setting parameter values ...
\o 
\o Setting var temperature = "27"
\o Setting temp(T) = 27
\o 
\o *Info*    Netlist Directory =
\o           /home/saul/simulation/BANDGAP/BG_0_6_V3/adexl/results/data/MonteCarlo.19/10/MC/groupRunDataDir/netlist
\o 
\o 
\o *Info*    Data Directory    =
\o           /home/saul/simulation/BANDGAP/BG_0_6_V3/adexl/results/data/MonteCarlo.19/10/MC/groupRunDataDir
\o 
\o 
\o *Info*    Creating Netlist for Point ID (28 10)
\o 
\o generate netlist...
\o Begin Incremental Netlisting Oct 14 15:56:41 2025
\o WARNING (OSSHNL-941): Failed to open the sameCellNamesInMultipleLibs file '/home/saul/simulation/BANDGAP/BG_0_6_V3/adexl/results/data/MonteCarlo.13/82/MC/groupRunDataDir/netlist/ihnl/sameCellNamesInMultipleLibs', in the append mode.
\o Ensure that you have the write permission for the mentioned file.
\o 
\o End netlisting Oct 14 15:56:42 2025
\o 
\o Netlisting Statistics:
\o 	Number of components:  170
\o 
\o 	Elapsed time:          1.0s (170.00/s)
\o Errors: 0	Warnings: 0
\o       ...successful.
\o compose simulator input file...
\o       ...successful.
\o 
\o *Info*    Running simulation on testbench [ MC ] for Point ID (28 10).
\o 
\o *Info*    Spectre controlMode is set "batch" due to monte carlo run.
\o 
\o Delete psf data in /home/saul/simulation/BANDGAP/BG_0_6_V3/adexl/results/data/MonteCarlo.19/10/MC/groupRunDataDir/psf.
\o generate netlist...
\o Begin Incremental Netlisting Oct 14 15:56:44 2025
\o WARNING (OSSHNL-941): Failed to open the sameCellNamesInMultipleLibs file '/home/saul/simulation/BANDGAP/BG_0_6_V3/adexl/results/data/MonteCarlo.13/82/MC/groupRunDataDir/netlist/ihnl/sameCellNamesInMultipleLibs', in the append mode.
\o Ensure that you have the write permission for the mentioned file.
\o 
\o End netlisting Oct 14 15:56:44 2025
\o 
\o 	The netlist is up to date.
\o 	Time taken to compare the design with netlist:   0.0s
\o       ...successful.
\o compose simulator input file...
\o       ...successful.
\o start simulator if needed...
\o       ...successful.
\o simulate...
\o To view the simulator output, right-click on the test name, result 
\o name, or any value in the "Results" tab of the Outputs section and 
\o choose "Output Log" menu option.
\# Memory report: Maximum memory size now 17,332 MB at UTC 2025.10.14 15:56:51.236
\o *Info*    Client has finished evaluating ... 
\o 
\o 
\o *Info*    Run complete for Point ID (28 10) on testbench [ MC ].
\o 
\o 
\o 
\o 
\o 
\o *Info*    Client has finished evaluating ... 
\o 
\o 
\o *Info*    Run complete for Point ID (28 11) on testbench [ MC ].
\o 
\o 
\o 
\o 
\o 
\o *Info*    Client has finished evaluating ... 
\o 
\o 
\o *Info*    Run complete for Point ID (28 12) on testbench [ MC ].
\o 
\o 
\o 
\o 
\o 
\o INFO (ADE-3071): Simulation completed successfully.
\o reading simulation data...
\o       ...successful.
\o *Info*    Client has finished evaluating ... 
\o 
\o 
\o *Info*    Run complete for Point ID (28 13) on testbench [ MC ].
\o 
\o 
\o 
\o 
\o 
\o *Info*    Client has finished evaluating ... 
\o 
\o 
\o *Info*    Run complete for Point ID (28 14) on testbench [ MC ].
\o 
\o 
\o 
\o 
\o 
\o *Info*    Client has finished evaluating ... 
\o 
\o 
\o *Info*    Run complete for Point ID (28 15) on testbench [ MC ].
\o 
\o 
\o 
\o 
\o 
\o *Info*    Client has finished evaluating ... 
\o 
\o 
\o *Info*    Run complete for Point ID (28 16) on testbench [ MC ].
\o 
\o 
\o 
\o 
\o 
\o *Info*    Client has finished evaluating ... 
\o 
\o 
\o *Info*    Run complete for Point ID (28 17) on testbench [ MC ].
\o 
\o 
\o 
\o 
\o 
\o *Info*    Client has finished evaluating ... 
\o 
\o 
\o *Info*    Run complete for Point ID (28 18) on testbench [ MC ].
\o 
\o 
\o 
\o 
\o 
\o *Info*    Monte Carlo Simulation completed successfully...
\# Memory report: Maximum memory size now 17,679 MB at UTC 2025.10.14 15:57:51.235
\o Simulation design variables differ from those on the cellView,
\o they have been saved in the file "/tmp/saved-design-variables".
\o To save future changes, copy variables to cellView before exiting.
\# Lic Summary:
\# [15:57:58.066115] Cdslmd servers:3000@lic08.ug.kth.se
\# [15:57:58.066200] Feature usage summary:
\# Memory report: on exit            615 MB, process size 2,508 MB at UTC 2025.10.14 15:57:58.066
\# Memory report: peak usage         615 MB, process size 2,508 MB
