*Info*    Exporting services from client ... 

*Info*    Client has finished starting ... 



*Info*    Configuring the session ...

	Library      = BANDGAP
	Cell         = BG_0_6_V1
	View         = schematic
	Simulator    = spectre
	State Path   = $AXL_SETUPDB_DIR/test_states
	State Name   = COR_spectre_state1_Interactive.10
	Results DB   = /home/saul/projects/LF_BG/BANDGAP/BG_0_6_V1/adexl/results/data/Interactive.10.rdb
	Results Dir  = /home/saul/simulation/BANDGAP/BG_0_6_V1/adexl/results/data/Interactive.10/1/COR
	Results Loc  = /home/saul/simulation/BANDGAP/BG_0_6_V1/adexl/results/data
	Project Dir  = /home/saul/simulation
	Setup DB loc = /home/saul/projects/LF_BG/BANDGAP/BG_0_6_V1/adexl
	File Encoding = 0



*Info*    The auto suspension is disabled.






*Info*    Run start for Point ID (1 1) on testbench [ COR ].

Resetting statistical vars

*Info*    Setting parameter values ...

Setting var temperature = "27"
Setting temp(T) = 27

*Info*    Netlist Directory =
          /home/saul/simulation/BANDGAP/BG_0_6_V1/adexl/results/data/Interactive.10/1/COR/netlist


*Info*    Data Directory    =
          /home/saul/simulation/BANDGAP/BG_0_6_V1/adexl/results/data/Interactive.10/1/COR


*Info*    Creating Netlist for Point ID (1 1)

generate netlist...
Begin Incremental Netlisting Oct 14 14:10:57 2025
End netlisting Oct 14 14:10:57 2025

	The netlist is up to date.
	Time taken to compare the design with netlist:   0.0s
      ...successful.
compose simulator input file...
      ...successful.

*Info*    Running simulation on testbench [ COR ] for Point ID (1 1).

Delete psf data in /home/saul/simulation/BANDGAP/BG_0_6_V1/adexl/results/data/Interactive.10/1/COR/psf.
compose simulator input file...
      ...successful.
start simulator if needed...
      ...successful.
simulate...
To view the simulator output, right-click on the test name, result 
name, or any value in the "Results" tab of the Outputs section and 
choose "Output Log" menu option.
INFO (ADE-3071): Simulation completed successfully.
reading simulation data...
      ...successful.
*Info*    Client has finished evaluating ... 


*Info*    Run complete for Point ID (1 1) on testbench [ COR ].





Simulation design variables differ from those on the cellView,
they have been saved in the file "/tmp/saved-design-variables".
To save future changes, copy variables to cellView before exiting.
