*Info*    Exporting services from client ... 

*Info*    Client has finished starting ... 



*Info*    Configuring the session ...

	Library      = BANDGAP
	Cell         = BG_0_8_V2
	View         = schematic
	Simulator    = spectre
	State Path   = $AXL_SETUPDB_DIR/test_states
	State Name   = BANDGAP:BG_0_8_V2:1_spectre_state1_Interactive.0
	Results DB   = /home/saul/projects/LF_BG/BANDGAP/BG_0_8_V2/adexl/results/data/Interactive.0.rdb
	Results Dir  = /home/saul/simulation/BANDGAP/BG_0_8_V2/adexl/results/data/Interactive.0/1/BANDGAP:BG_0_8_V2:1
	Results Loc  = /home/saul/simulation/BANDGAP/BG_0_8_V2/adexl/results/data
	Project Dir  = /home/saul/simulation
	Setup DB loc = /home/saul/projects/LF_BG/BANDGAP/BG_0_8_V2/adexl
	File Encoding = 0


WARNING (ADE-7017): The Spectre run mode needs to be 'batch' when EM/IR analysis is enabled. Automatically setting the run mode to 'batch'.

*Info*    The auto suspension is disabled.






*Info*    Run start for Point ID (0 1) on testbench [
          BANDGAP:BG_0_8_V2:1 ].

Resetting statistical vars

*Info*    Setting parameter values ...

Setting var temperature = "27"
Setting temp(T) = 27

*Info*    Netlist Directory =
          /home/saul/simulation/BANDGAP/BG_0_8_V2/adexl/results/data/Interactive.0/1/BANDGAP:BG_0_8_V2:1/netlist


*Info*    Data Directory    =
          /home/saul/simulation/BANDGAP/BG_0_8_V2/adexl/results/data/Interactive.0/1/BANDGAP:BG_0_8_V2:1


*Info*    Creating Netlist for Point ID (0 1)

generate netlist...
Initializing the control file using cp:
    cp /opt/tools/cadence/installs/IC618/tools.lnx86/dfII/etc/si/control.spectre /home/saul/simulation/BANDGAP/BG_0_8_V2/adexl/results/data/Interactive.0/1/BANDGAP:BG_0_8_V2:1/netlist/control
Copying Spectre source file 'spectre.inp'
Copying Spectre command file 'spectre.sim'
Begin Incremental Netlisting Oct 12 16:50:11 2025
End netlisting Oct 12 16:50:11 2025

Netlisting Statistics:
	Number of components:  261

	Elapsed time:          0.0s
Errors: 0	Warnings: 0
      ...successful.
compose simulator input file...
      ...successful.

*Info*    Running simulation on testbench [ BANDGAP:BG_0_8_V2:1 ] for
          Point ID (0 1).

Delete psf data in /home/saul/simulation/BANDGAP/BG_0_8_V2/adexl/results/data/Interactive.0/1/BANDGAP:BG_0_8_V2:1/psf.
compose simulator input file...
      ...successful.
start simulator if needed...
      ...successful.
simulate...
To view the simulator output, right-click on the test name, result 
name, or any value in the "Results" tab of the Outputs section and 
choose "Output Log" menu option.
INFO (ADE-3071): Simulation completed successfully.
reading simulation data...
      ...successful.
*Info*    Client has finished evaluating ... 


*Info*    Run complete for Point ID (0 1) on testbench [
          BANDGAP:BG_0_8_V2:1 ].





Simulation design variables differ from those on the cellView,
they have been saved in the file "/tmp/saved-design-variables".
To save future changes, copy variables to cellView before exiting.
